-- Found ament_cmake: 1.3.14 (/opt/ros/humble/share/ament_cmake/cmake)
-- Override CMake install command with custom implementation using symlinks instead of copying resources
-- Found rclcpp: 16.0.19 (/opt/ros/humble/share/rclcpp/cmake)
-- Found rosidl_generator_c: 3.1.8 (/opt/ros/humble/share/rosidl_generator_c/cmake)
-- Found rosidl_adapter: 3.1.8 (/opt/ros/humble/share/rosidl_adapter/cmake)
-- Found rosidl_generator_cpp: 3.1.8 (/opt/ros/humble/share/rosidl_generator_cpp/cmake)
-- Using all available rosidl_typesupport_c: rosidl_typesupport_fastrtps_c;rosidl_typesupport_introspection_c
-- Using all available rosidl_typesupport_cpp: rosidl_typesupport_fastrtps_cpp;rosidl_typesupport_introspection_cpp
-- Found rmw_implementation_cmake: 6.1.2 (/opt/ros/humble/share/rmw_implementation_cmake/cmake)
-- Found rmw_fastrtps_cpp: 6.2.10 (/opt/ros/humble/share/rmw_fastrtps_cpp/cmake)
-- Using RMW implementation 'rmw_fastrtps_cpp' as default
-- Found geometry_msgs: 4.9.1 (/opt/ros/humble/share/geometry_msgs/cmake)
-- Found sensor_msgs: 4.9.1 (/opt/ros/humble/share/sensor_msgs/cmake)
-- Found std_srvs: 4.9.1 (/opt/ros/humble/share/std_srvs/cmake)
-- Found turtlebot3_msgs: 2.4.0 (/home/zhihuili/RM_prac/install/turtlebot3_msgs/share/turtlebot3_msgs/cmake)
-- Found ament_lint_auto: 0.12.15 (/opt/ros/humble/share/ament_lint_auto/cmake)
-- Added test 'cppcheck' to perform static code analysis on C / C++ code
-- Configured cppcheck include dirs: 
-- Configured cppcheck exclude dirs and/or files: 
-- Added test 'lint_cmake' to check CMake code style
-- Added test 'uncrustify' to check C / C++ code style
-- Configured uncrustify additional arguments: 
-- Added test 'xmllint' to check XML markup files
-- Configuring done
-- Generating done
-- Build files have been written to: /home/zhihuili/RM_prac/build/maintenance_mode_pkg
[ 50%] [32mBuilding CXX object CMakeFiles/maintenance_mode.dir/src/maintenance_mode.cpp.o[0m
[100%] [32m[1mLinking CXX executable maintenance_mode[0m
[100%] Built target maintenance_mode
-- Install configuration: ""
-- Execute custom install script
-- Symlinking: /home/zhihuili/RM_prac/install/maintenance_mode_pkg/lib/maintenance_mode_pkg/maintenance_mode
-- Symlinking: /home/zhihuili/RM_prac/install/maintenance_mode_pkg/share/ament_index/resource_index/package_run_dependencies/maintenance_mode_pkg
-- Symlinking: /home/zhihuili/RM_prac/install/maintenance_mode_pkg/share/ament_index/resource_index/parent_prefix_path/maintenance_mode_pkg
-- Symlinking: /home/zhihuili/RM_prac/install/maintenance_mode_pkg/share/maintenance_mode_pkg/environment/ament_prefix_path.sh
-- Symlinking: /home/zhihuili/RM_prac/install/maintenance_mode_pkg/share/maintenance_mode_pkg/environment/ament_prefix_path.dsv
-- Symlinking: /home/zhihuili/RM_prac/install/maintenance_mode_pkg/share/maintenance_mode_pkg/environment/path.sh
-- Symlinking: /home/zhihuili/RM_prac/install/maintenance_mode_pkg/share/maintenance_mode_pkg/environment/path.dsv
-- Symlinking: /home/zhihuili/RM_prac/install/maintenance_mode_pkg/share/maintenance_mode_pkg/local_setup.bash
-- Symlinking: /home/zhihuili/RM_prac/install/maintenance_mode_pkg/share/maintenance_mode_pkg/local_setup.sh
-- Symlinking: /home/zhihuili/RM_prac/install/maintenance_mode_pkg/share/maintenance_mode_pkg/local_setup.zsh
-- Symlinking: /home/zhihuili/RM_prac/install/maintenance_mode_pkg/share/maintenance_mode_pkg/local_setup.dsv
-- Symlinking: /home/zhihuili/RM_prac/install/maintenance_mode_pkg/share/maintenance_mode_pkg/package.dsv
-- Symlinking: /home/zhihuili/RM_prac/install/maintenance_mode_pkg/share/ament_index/resource_index/packages/maintenance_mode_pkg
-- Symlinking: /home/zhihuili/RM_prac/install/maintenance_mode_pkg/share/maintenance_mode_pkg/cmake/maintenance_mode_pkgConfig.cmake
-- Symlinking: /home/zhihuili/RM_prac/install/maintenance_mode_pkg/share/maintenance_mode_pkg/cmake/maintenance_mode_pkgConfig-version.cmake
-- Symlinking: /home/zhihuili/RM_prac/install/maintenance_mode_pkg/share/maintenance_mode_pkg/package.xml
