[0.122s] Invoking command in '/home/zhihuili/RM_prac/build/bringup_turtlebot3_pkg': CMAKE_PREFIX_PATH=${CMAKE_PREFIX_PATH}:/home/zhihuili/RM_prac/install/turtlebot3_dqn:/opt/ros/humble /usr/bin/cmake /home/zhihuili/RM_prac/src/bringup_turtlebot3_pkg -DCMAKE_INSTALL_PREFIX=/home/zhihuili/RM_prac/install/bringup_turtlebot3_pkg
[0.522s] -- The C compiler identification is GNU 11.4.0
[0.522s] -- The CXX compiler identification is GNU 11.4.0
[0.522s] -- Detecting C compiler ABI info
[0.523s] -- Detecting C compiler ABI info - done
[0.523s] -- Check for working C compiler: /usr/bin/cc - skipped
[0.523s] -- Detecting C compile features
[0.523s] -- Detecting C compile features - done
[0.523s] -- Detecting CXX compiler ABI info
[0.562s] -- Detecting CXX compiler ABI info - done
[0.593s] -- Check for working CXX compiler: /usr/bin/c++ - skipped
[0.594s] -- Detecting CXX compile features
[0.595s] -- Detecting CXX compile features - done
[0.603s] -- Found ament_cmake: 1.3.14 (/opt/ros/humble/share/ament_cmake/cmake)
[0.974s] -- Found Python3: /usr/bin/python3 (found version "3.10.12") found components: Interpreter 
[1.218s] -- Found rclcpp: 16.0.19 (/opt/ros/humble/share/rclcpp/cmake)
[1.363s] -- Found rosidl_generator_c: 3.1.8 (/opt/ros/humble/share/rosidl_generator_c/cmake)
[1.374s] -- Found rosidl_adapter: 3.1.8 (/opt/ros/humble/share/rosidl_adapter/cmake)
[1.398s] -- Found rosidl_generator_cpp: 3.1.8 (/opt/ros/humble/share/rosidl_generator_cpp/cmake)
[1.432s] -- Using all available rosidl_typesupport_c: rosidl_typesupport_fastrtps_c;rosidl_typesupport_introspection_c
[1.466s] -- Using all available rosidl_typesupport_cpp: rosidl_typesupport_fastrtps_cpp;rosidl_typesupport_introspection_cpp
[1.561s] -- Found rmw_implementation_cmake: 6.1.2 (/opt/ros/humble/share/rmw_implementation_cmake/cmake)
[1.570s] -- Found rmw_fastrtps_cpp: 6.2.10 (/opt/ros/humble/share/rmw_fastrtps_cpp/cmake)
[1.737s] -- Found OpenSSL: /usr/lib/x86_64-linux-gnu/libcrypto.so (found version "3.0.2")  
[1.790s] -- Found FastRTPS: /opt/ros/humble/include  
[1.896s] -- Using RMW implementation 'rmw_fastrtps_cpp' as default
[1.902s] -- Looking for pthread.h
[2.000s] -- Looking for pthread.h - found
[2.000s] -- Performing Test CMAKE_HAVE_LIBC_PTHREAD
[2.099s] -- Performing Test CMAKE_HAVE_LIBC_PTHREAD - Success
[2.101s] -- Found Threads: TRUE  
[2.208s] -- Found geometry_msgs: 4.9.1 (/opt/ros/humble/share/geometry_msgs/cmake)
[2.223s] -- Found tf2: 0.25.20 (/opt/ros/humble/share/tf2/cmake)
[2.243s] -- Found tf2_geometry_msgs: 0.25.20 (/opt/ros/humble/share/tf2_geometry_msgs/cmake)
[2.274s] -- Found eigen3_cmake_module: 0.1.1 (/opt/ros/humble/share/eigen3_cmake_module/cmake)
[2.277s] -- Found Eigen3: TRUE (found version "3.4.0") 
[2.277s] -- Ensuring Eigen3 include directory is part of orocos-kdl CMake target
[2.434s] -- Found nav_msgs: 4.9.1 (/opt/ros/humble/share/nav_msgs/cmake)
[2.461s] -- Found ament_lint_auto: 0.12.15 (/opt/ros/humble/share/ament_lint_auto/cmake)
[2.593s] -- Added test 'cppcheck' to perform static code analysis on C / C++ code
[2.593s] -- Configured cppcheck include dirs: 
[2.593s] -- Configured cppcheck exclude dirs and/or files: 
[2.593s] -- Added test 'lint_cmake' to check CMake code style
[2.595s] -- Added test 'uncrustify' to check C / C++ code style
[2.595s] -- Configured uncrustify additional arguments: 
[2.595s] -- Added test 'xmllint' to check XML markup files
[2.597s] -- Configuring done
[2.610s] -- Generating done
[2.616s] -- Build files have been written to: /home/zhihuili/RM_prac/build/bringup_turtlebot3_pkg
