[0.055s] Invoking command in '/home/zhihuili/RM_prac/build/ros2_vfh': CMAKE_PREFIX_PATH=${CMAKE_PREFIX_PATH}:/home/zhihuili/RM_prac/install/turtlebot3_dqn:/opt/ros/humble /usr/bin/cmake /home/zhihuili/RM_prac/src/ros2_vfh -DAMENT_CMAKE_SYMLINK_INSTALL=1 -DCMAKE_INSTALL_PREFIX=/home/zhihuili/RM_prac/install/ros2_vfh
[0.082s] -- Found ament_cmake: 1.3.14 (/opt/ros/humble/share/ament_cmake/cmake)
[0.261s] -- Override CMake install command with custom implementation using symlinks instead of copying resources
[0.274s] -- Found rclcpp: 16.0.19 (/opt/ros/humble/share/rclcpp/cmake)
[0.329s] -- Found rosidl_generator_c: 3.1.8 (/opt/ros/humble/share/rosidl_generator_c/cmake)
[0.333s] -- Found rosidl_adapter: 3.1.8 (/opt/ros/humble/share/rosidl_adapter/cmake)
[0.343s] -- Found rosidl_generator_cpp: 3.1.8 (/opt/ros/humble/share/rosidl_generator_cpp/cmake)
[0.358s] -- Using all available rosidl_typesupport_c: rosidl_typesupport_fastrtps_c;rosidl_typesupport_introspection_c
[0.376s] -- Using all available rosidl_typesupport_cpp: rosidl_typesupport_fastrtps_cpp;rosidl_typesupport_introspection_cpp
[0.422s] -- Found rmw_implementation_cmake: 6.1.2 (/opt/ros/humble/share/rmw_implementation_cmake/cmake)
[0.423s] -- Found rmw_fastrtps_cpp: 6.2.10 (/opt/ros/humble/share/rmw_fastrtps_cpp/cmake)
[0.605s] -- Using RMW implementation 'rmw_fastrtps_cpp' as default
[0.675s] -- Found tf2: 0.25.20 (/opt/ros/humble/share/tf2/cmake)
[0.699s] -- Found tf2_geometry_msgs: 0.25.20 (/opt/ros/humble/share/tf2_geometry_msgs/cmake)
[0.704s] -- Found eigen3_cmake_module: 0.1.1 (/opt/ros/humble/share/eigen3_cmake_module/cmake)
[0.706s] -- Ensuring Eigen3 include directory is part of orocos-kdl CMake target
[0.791s] -- Found sensor_msgs: 4.9.1 (/opt/ros/humble/share/sensor_msgs/cmake)
[0.810s] -- Found visualization_msgs: 4.9.1 (/opt/ros/humble/share/visualization_msgs/cmake)
[0.827s] -- Found std_srvs: 4.9.1 (/opt/ros/humble/share/std_srvs/cmake)
[0.836s] -- Found nav_msgs: 4.9.1 (/opt/ros/humble/share/nav_msgs/cmake)
[0.948s] -- Configuring done
[0.962s] -- Generating done
[0.967s] -- Build files have been written to: /home/zhihuili/RM_prac/build/ros2_vfh
[0.987s] Invoked command in '/home/zhihuili/RM_prac/build/ros2_vfh' returned '0': CMAKE_PREFIX_PATH=${CMAKE_PREFIX_PATH}:/home/zhihuili/RM_prac/install/turtlebot3_dqn:/opt/ros/humble /usr/bin/cmake /home/zhihuili/RM_prac/src/ros2_vfh -DAMENT_CMAKE_SYMLINK_INSTALL=1 -DCMAKE_INSTALL_PREFIX=/home/zhihuili/RM_prac/install/ros2_vfh
[0.987s] Invoking command in '/home/zhihuili/RM_prac/build/ros2_vfh': CMAKE_PREFIX_PATH=${CMAKE_PREFIX_PATH}:/home/zhihuili/RM_prac/install/turtlebot3_dqn:/opt/ros/humble /usr/bin/cmake --build /home/zhihuili/RM_prac/build/ros2_vfh -- -j14 -l14
[1.046s] [ 33%] [32mBuilding CXX object CMakeFiles/vfh_node.dir/src/vfh_node.cpp.o[0m
[1.049s] [ 66%] [32mBuilding CXX object CMakeFiles/vfh_node.dir/src/vfh_algorithm.cpp.o[0m
[27.650s] [100%] [32m[1mLinking CXX executable vfh_node[0m
[28.782s] [100%] Built target vfh_node
[28.806s] Invoked command in '/home/zhihuili/RM_prac/build/ros2_vfh' returned '0': CMAKE_PREFIX_PATH=${CMAKE_PREFIX_PATH}:/home/zhihuili/RM_prac/install/turtlebot3_dqn:/opt/ros/humble /usr/bin/cmake --build /home/zhihuili/RM_prac/build/ros2_vfh -- -j14 -l14
[28.809s] Invoking command in '/home/zhihuili/RM_prac/build/ros2_vfh': CMAKE_PREFIX_PATH=${CMAKE_PREFIX_PATH}:/home/zhihuili/RM_prac/install/turtlebot3_dqn:/opt/ros/humble /usr/bin/cmake --install /home/zhihuili/RM_prac/build/ros2_vfh
[28.822s] -- Install configuration: ""
[28.822s] -- Execute custom install script
[28.823s] -- Symlinking: /home/zhihuili/RM_prac/install/ros2_vfh/lib/ros2_vfh/vfh_node
[28.840s] -- Symlinking: /home/zhihuili/RM_prac/install/ros2_vfh/share/ros2_vfh/launch/rviz2_map.launch.py
[28.854s] -- Symlinking: /home/zhihuili/RM_prac/install/ros2_vfh/share/ros2_vfh/launch/rviz2_odom.launch.py
[28.876s] -- Symlinking: /home/zhihuili/RM_prac/install/ros2_vfh/share/ros2_vfh/launch/vfh.launch.py
[28.899s] -- Symlinking: /home/zhihuili/RM_prac/install/ros2_vfh/share/ros2_vfh/launch/vfh_coppeliasim.launch.py
[28.923s] -- Symlinking: /home/zhihuili/RM_prac/install/ros2_vfh/share/ros2_vfh/launch/vfh_no_wandering.launch.py
[28.944s] -- Symlinking: /home/zhihuili/RM_prac/install/ros2_vfh/share/ros2_vfh/rviz/tb3_map.rviz
[28.962s] -- Symlinking: /home/zhihuili/RM_prac/install/ros2_vfh/share/ros2_vfh/rviz/tb3_odom.rviz
[28.985s] -- Symlinking: /home/zhihuili/RM_prac/install/ros2_vfh/share/ros2_vfh/rviz/vfh_map.rviz
[29.006s] -- Symlinking: /home/zhihuili/RM_prac/install/ros2_vfh/share/ros2_vfh/rviz/vfh_odom.rviz
[29.026s] -- Symlinking: /home/zhihuili/RM_prac/install/ros2_vfh/share/ament_index/resource_index/package_run_dependencies/ros2_vfh
[29.046s] -- Symlinking: /home/zhihuili/RM_prac/install/ros2_vfh/share/ament_index/resource_index/parent_prefix_path/ros2_vfh
[29.064s] -- Symlinking: /home/zhihuili/RM_prac/install/ros2_vfh/share/ros2_vfh/environment/ament_prefix_path.sh
[29.080s] -- Symlinking: /home/zhihuili/RM_prac/install/ros2_vfh/share/ros2_vfh/environment/ament_prefix_path.dsv
[29.099s] -- Symlinking: /home/zhihuili/RM_prac/install/ros2_vfh/share/ros2_vfh/environment/path.sh
[29.116s] -- Symlinking: /home/zhihuili/RM_prac/install/ros2_vfh/share/ros2_vfh/environment/path.dsv
[29.135s] -- Symlinking: /home/zhihuili/RM_prac/install/ros2_vfh/share/ros2_vfh/local_setup.bash
[29.151s] -- Symlinking: /home/zhihuili/RM_prac/install/ros2_vfh/share/ros2_vfh/local_setup.sh
[29.169s] -- Symlinking: /home/zhihuili/RM_prac/install/ros2_vfh/share/ros2_vfh/local_setup.zsh
[29.188s] -- Symlinking: /home/zhihuili/RM_prac/install/ros2_vfh/share/ros2_vfh/local_setup.dsv
[29.203s] -- Symlinking: /home/zhihuili/RM_prac/install/ros2_vfh/share/ros2_vfh/package.dsv
[29.219s] -- Symlinking: /home/zhihuili/RM_prac/install/ros2_vfh/share/ament_index/resource_index/packages/ros2_vfh
[29.233s] -- Symlinking: /home/zhihuili/RM_prac/install/ros2_vfh/share/ros2_vfh/cmake/ros2_vfhConfig.cmake
[29.252s] -- Symlinking: /home/zhihuili/RM_prac/install/ros2_vfh/share/ros2_vfh/cmake/ros2_vfhConfig-version.cmake
[29.271s] -- Symlinking: /home/zhihuili/RM_prac/install/ros2_vfh/share/ros2_vfh/package.xml
[29.292s] Invoked command in '/home/zhihuili/RM_prac/build/ros2_vfh' returned '0': CMAKE_PREFIX_PATH=${CMAKE_PREFIX_PATH}:/home/zhihuili/RM_prac/install/turtlebot3_dqn:/opt/ros/humble /usr/bin/cmake --install /home/zhihuili/RM_prac/build/ros2_vfh
