[0.058s] Invoking command in '/home/zhihuili/RM_prac/build/turtlebot3_msgs': CMAKE_PREFIX_PATH=${CMAKE_PREFIX_PATH}:/home/zhihuili/RM_prac/install/turtlebot3_dqn:/opt/ros/humble /usr/bin/cmake /home/zhihuili/RM_prac/src/turtlebot3_msgs -DAMENT_CMAKE_SYMLINK_INSTALL=1 -DCMAKE_INSTALL_PREFIX=/home/zhihuili/RM_prac/install/turtlebot3_msgs
[0.204s] -- The C compiler identification is GNU 11.4.0
[0.304s] -- The CXX compiler identification is GNU 11.4.0
[0.319s] -- Detecting C compiler ABI info
[0.462s] -- Detecting C compiler ABI info - done
[0.473s] -- Check for working C compiler: /usr/bin/cc - skipped
[0.473s] -- Detecting C compile features
[0.474s] -- Detecting C compile features - done
[0.478s] -- Detecting CXX compiler ABI info
[0.626s] -- Detecting CXX compiler ABI info - done
[0.634s] -- Check for working CXX compiler: /usr/bin/c++ - skipped
[0.634s] -- Detecting CXX compile features
[0.639s] -- Detecting CXX compile features - done
[0.639s] -- Found action_msgs: 1.2.2 (/opt/ros/humble/share/action_msgs/cmake)
[0.936s] -- Found Python3: /usr/bin/python3 (found version "3.10.12") found components: Interpreter 
[1.044s] -- Override CMake install command with custom implementation using symlinks instead of copying resources
[1.125s] -- Found rosidl_generator_c: 3.1.8 (/opt/ros/humble/share/rosidl_generator_c/cmake)
[1.131s] -- Found rosidl_adapter: 3.1.8 (/opt/ros/humble/share/rosidl_adapter/cmake)
[1.141s] -- Found rosidl_generator_cpp: 3.1.8 (/opt/ros/humble/share/rosidl_generator_cpp/cmake)
[1.155s] -- Using all available rosidl_typesupport_c: rosidl_typesupport_fastrtps_c;rosidl_typesupport_introspection_c
[1.172s] -- Using all available rosidl_typesupport_cpp: rosidl_typesupport_fastrtps_cpp;rosidl_typesupport_introspection_cpp
[1.211s] -- Found rosidl_default_generators: 1.2.1 (/opt/ros/humble/share/rosidl_default_generators/cmake)
[1.225s] -- Found std_msgs: 4.9.1 (/opt/ros/humble/share/std_msgs/cmake)
[1.239s] -- Found geometry_msgs: 4.9.1 (/opt/ros/humble/share/geometry_msgs/cmake)
[1.905s] -- Found ament_cmake_cppcheck: 0.12.15 (/opt/ros/humble/share/ament_cmake_cppcheck/cmake)
[1.909s] -- Found ament_cmake_cpplint: 0.12.15 (/opt/ros/humble/share/ament_cmake_cpplint/cmake)
[1.916s] -- Found ament_cmake_uncrustify: 0.12.15 (/opt/ros/humble/share/ament_cmake_uncrustify/cmake)
[1.918s] -- Found ament_cmake_ros: 0.10.0 (/opt/ros/humble/share/ament_cmake_ros/cmake)
[2.848s] -- Using all available rosidl_typesupport_c: rosidl_typesupport_fastrtps_c;rosidl_typesupport_introspection_c
[3.186s] -- Using all available rosidl_typesupport_cpp: rosidl_typesupport_fastrtps_cpp;rosidl_typesupport_introspection_cpp
[3.227s] -- Found PythonInterp: /usr/bin/python3 (found suitable version "3.10.12", minimum required is "3.6") 
[3.238s] -- Found python_cmake_module: 0.10.0 (/opt/ros/humble/share/python_cmake_module/cmake)
[3.287s] -- Found PythonLibs: /usr/lib/x86_64-linux-gnu/libpython3.10.so (found suitable version "3.10.12", minimum required is "3.5") 
[3.289s] -- Using PYTHON_EXECUTABLE: /usr/bin/python3
[3.290s] -- Using PYTHON_INCLUDE_DIRS: /usr/include/python3.10
[3.291s] -- Using PYTHON_LIBRARIES: /usr/lib/x86_64-linux-gnu/libpython3.10.so
[3.361s] -- Found PythonExtra: .so  
[3.565s] -- Found ament_cmake_flake8: 0.12.15 (/opt/ros/humble/share/ament_cmake_flake8/cmake)
[3.570s] -- Found ament_cmake_pep257: 0.12.15 (/opt/ros/humble/share/ament_cmake_pep257/cmake)
[3.776s] -- Configuring done
[3.963s] -- Generating done
[3.999s] -- Build files have been written to: /home/zhihuili/RM_prac/build/turtlebot3_msgs
[4.028s] Invoked command in '/home/zhihuili/RM_prac/build/turtlebot3_msgs' returned '0': CMAKE_PREFIX_PATH=${CMAKE_PREFIX_PATH}:/home/zhihuili/RM_prac/install/turtlebot3_dqn:/opt/ros/humble /usr/bin/cmake /home/zhihuili/RM_prac/src/turtlebot3_msgs -DAMENT_CMAKE_SYMLINK_INSTALL=1 -DCMAKE_INSTALL_PREFIX=/home/zhihuili/RM_prac/install/turtlebot3_msgs
[4.036s] Invoking command in '/home/zhihuili/RM_prac/build/turtlebot3_msgs': CMAKE_PREFIX_PATH=${CMAKE_PREFIX_PATH}:/home/zhihuili/RM_prac/install/turtlebot3_dqn:/opt/ros/humble /usr/bin/cmake --build /home/zhihuili/RM_prac/build/turtlebot3_msgs -- -j14 -l14
[4.337s] [  1%] [34m[1mGenerating C code for ROS interfaces[0m
[4.406s] [  2%] [34m[1mGenerating Rust code for ROS interfaces[0m
[4.425s] [  3%] [34m[1mGenerating C++ code for ROS interfaces[0m
[4.493s] [  3%] Built target ament_cmake_python_symlink_turtlebot3_msgs
[5.364s] running egg_info
[5.365s] creating turtlebot3_msgs.egg-info
[5.365s] writing turtlebot3_msgs.egg-info/PKG-INFO
[5.366s] writing dependency_links to turtlebot3_msgs.egg-info/dependency_links.txt
[5.367s] writing top-level names to turtlebot3_msgs.egg-info/top_level.txt
[5.368s] writing manifest file 'turtlebot3_msgs.egg-info/SOURCES.txt'
[5.369s] reading manifest file 'turtlebot3_msgs.egg-info/SOURCES.txt'
[5.369s] writing manifest file 'turtlebot3_msgs.egg-info/SOURCES.txt'
[5.552s] [  3%] Built target ament_cmake_python_build_turtlebot3_msgs_egg
[6.091s] [  3%] Built target turtlebot3_msgs__rs
[6.598s] [  3%] Built target turtlebot3_msgs__cpp
[6.686s] [  5%] [34m[1mGenerating C++ type support for eProsima Fast-RTPS[0m
[6.686s] [  6%] [34m[1mGenerating C++ type support dispatch for ROS interfaces[0m
[6.692s] [  7%] [34m[1mGenerating C++ introspection for ROS interfaces[0m
[7.321s] [  8%] [32mBuilding C object CMakeFiles/turtlebot3_msgs__rosidl_generator_c.dir/rosidl_generator_c/turtlebot3_msgs/srv/detail/dqn__functions.c.o[0m
[7.323s] [ 10%] [32mBuilding C object CMakeFiles/turtlebot3_msgs__rosidl_generator_c.dir/rosidl_generator_c/turtlebot3_msgs/msg/detail/sensor_state__functions.c.o[0m
[7.328s] [ 11%] [32mBuilding C object CMakeFiles/turtlebot3_msgs__rosidl_generator_c.dir/rosidl_generator_c/turtlebot3_msgs/msg/detail/sound__functions.c.o[0m
[7.333s] [ 12%] [32mBuilding C object CMakeFiles/turtlebot3_msgs__rosidl_generator_c.dir/rosidl_generator_c/turtlebot3_msgs/msg/detail/version_info__functions.c.o[0m
[7.346s] [ 13%] [32mBuilding C object CMakeFiles/turtlebot3_msgs__rosidl_generator_c.dir/rosidl_generator_c/turtlebot3_msgs/srv/detail/sound__functions.c.o[0m
[7.347s] [ 16%] [32mBuilding C object CMakeFiles/turtlebot3_msgs__rosidl_generator_c.dir/rosidl_generator_c/turtlebot3_msgs/srv/detail/goal__functions.c.o[0m
[7.351s] [ 16%] [32mBuilding C object CMakeFiles/turtlebot3_msgs__rosidl_generator_c.dir/rosidl_generator_c/turtlebot3_msgs/action/detail/patrol__functions.c.o[0m
[8.132s] [ 17%] [32m[1mLinking C shared library libturtlebot3_msgs__rosidl_generator_c.so[0m
[8.312s] [ 17%] Built target turtlebot3_msgs__rosidl_generator_c
[8.353s] [ 18%] [34m[1mGenerating C introspection for ROS interfaces[0m
[8.355s] [ 20%] [34m[1mGenerating C type support for eProsima Fast-RTPS[0m
[8.357s] [ 21%] [34m[1mGenerating C type support dispatch for ROS interfaces[0m
[8.487s] [ 22%] [32mBuilding CXX object CMakeFiles/turtlebot3_msgs__rosidl_typesupport_cpp.dir/rosidl_typesupport_cpp/turtlebot3_msgs/msg/sound__type_support.cpp.o[0m
[8.524s] [ 23%] [32mBuilding CXX object CMakeFiles/turtlebot3_msgs__rosidl_typesupport_cpp.dir/rosidl_typesupport_cpp/turtlebot3_msgs/srv/sound__type_support.cpp.o[0m
[8.524s] [ 25%] [32mBuilding CXX object CMakeFiles/turtlebot3_msgs__rosidl_typesupport_cpp.dir/rosidl_typesupport_cpp/turtlebot3_msgs/msg/version_info__type_support.cpp.o[0m
[8.532s] [ 26%] [32mBuilding CXX object CMakeFiles/turtlebot3_msgs__rosidl_typesupport_cpp.dir/rosidl_typesupport_cpp/turtlebot3_msgs/action/patrol__type_support.cpp.o[0m
[8.567s] [ 27%] [32mBuilding CXX object CMakeFiles/turtlebot3_msgs__rosidl_typesupport_cpp.dir/rosidl_typesupport_cpp/turtlebot3_msgs/msg/sensor_state__type_support.cpp.o[0m
[8.571s] [ 28%] [32mBuilding CXX object CMakeFiles/turtlebot3_msgs__rosidl_typesupport_cpp.dir/rosidl_typesupport_cpp/turtlebot3_msgs/srv/dqn__type_support.cpp.o[0m
[8.603s] [ 30%] [32mBuilding CXX object CMakeFiles/turtlebot3_msgs__rosidl_typesupport_cpp.dir/rosidl_typesupport_cpp/turtlebot3_msgs/srv/goal__type_support.cpp.o[0m
[9.471s] [ 31%] [32mBuilding CXX object CMakeFiles/turtlebot3_msgs__rosidl_typesupport_fastrtps_cpp.dir/rosidl_typesupport_fastrtps_cpp/turtlebot3_msgs/msg/detail/dds_fastrtps/sound__type_support.cpp.o[0m
[9.528s] [ 32%] [32mBuilding CXX object CMakeFiles/turtlebot3_msgs__rosidl_typesupport_fastrtps_cpp.dir/rosidl_typesupport_fastrtps_cpp/turtlebot3_msgs/msg/detail/dds_fastrtps/version_info__type_support.cpp.o[0m
[9.541s] [ 33%] [32mBuilding CXX object CMakeFiles/turtlebot3_msgs__rosidl_typesupport_fastrtps_cpp.dir/rosidl_typesupport_fastrtps_cpp/turtlebot3_msgs/msg/detail/dds_fastrtps/sensor_state__type_support.cpp.o[0m
[9.664s] [ 35%] [32mBuilding CXX object CMakeFiles/turtlebot3_msgs__rosidl_typesupport_fastrtps_cpp.dir/rosidl_typesupport_fastrtps_cpp/turtlebot3_msgs/srv/detail/dds_fastrtps/sound__type_support.cpp.o[0m
[9.747s] [ 36%] [32mBuilding CXX object CMakeFiles/turtlebot3_msgs__rosidl_typesupport_fastrtps_cpp.dir/rosidl_typesupport_fastrtps_cpp/turtlebot3_msgs/srv/detail/dds_fastrtps/dqn__type_support.cpp.o[0m
[10.147s] [ 37%] [32mBuilding CXX object CMakeFiles/turtlebot3_msgs__rosidl_typesupport_fastrtps_cpp.dir/rosidl_typesupport_fastrtps_cpp/turtlebot3_msgs/srv/detail/dds_fastrtps/goal__type_support.cpp.o[0m
[10.169s] [ 38%] [32mBuilding CXX object CMakeFiles/turtlebot3_msgs__rosidl_typesupport_fastrtps_cpp.dir/rosidl_typesupport_fastrtps_cpp/turtlebot3_msgs/action/detail/dds_fastrtps/patrol__type_support.cpp.o[0m
[10.367s] [ 40%] [32m[1mLinking CXX shared library libturtlebot3_msgs__rosidl_typesupport_cpp.so[0m
[10.651s] [ 40%] Built target turtlebot3_msgs__rosidl_typesupport_cpp
[11.028s] [ 41%] [32mBuilding C object CMakeFiles/turtlebot3_msgs__rosidl_typesupport_introspection_c.dir/rosidl_typesupport_introspection_c/turtlebot3_msgs/msg/detail/sensor_state__type_support.c.o[0m
[11.028s] [ 42%] [32mBuilding C object CMakeFiles/turtlebot3_msgs__rosidl_typesupport_introspection_c.dir/rosidl_typesupport_introspection_c/turtlebot3_msgs/msg/detail/sound__type_support.c.o[0m
[11.072s] [ 45%] [32mBuilding C object CMakeFiles/turtlebot3_msgs__rosidl_typesupport_introspection_c.dir/rosidl_typesupport_introspection_c/turtlebot3_msgs/srv/detail/sound__type_support.c.o[0m
[11.077s] [ 45%] [32mBuilding C object CMakeFiles/turtlebot3_msgs__rosidl_typesupport_introspection_c.dir/rosidl_typesupport_introspection_c/turtlebot3_msgs/msg/detail/version_info__type_support.c.o[0m
[11.112s] [ 46%] [32mBuilding C object CMakeFiles/turtlebot3_msgs__rosidl_typesupport_introspection_c.dir/rosidl_typesupport_introspection_c/turtlebot3_msgs/srv/detail/dqn__type_support.c.o[0m
[11.113s] [ 47%] [32mBuilding C object CMakeFiles/turtlebot3_msgs__rosidl_typesupport_introspection_c.dir/rosidl_typesupport_introspection_c/turtlebot3_msgs/srv/detail/goal__type_support.c.o[0m
[11.221s] [ 48%] [32mBuilding CXX object CMakeFiles/turtlebot3_msgs__rosidl_typesupport_introspection_cpp.dir/rosidl_typesupport_introspection_cpp/turtlebot3_msgs/msg/detail/sensor_state__type_support.cpp.o[0m
[11.226s] [ 50%] [32mBuilding C object CMakeFiles/turtlebot3_msgs__rosidl_typesupport_introspection_c.dir/rosidl_typesupport_introspection_c/turtlebot3_msgs/action/detail/patrol__type_support.c.o[0m
[11.301s] [ 51%] [32mBuilding CXX object CMakeFiles/turtlebot3_msgs__rosidl_typesupport_introspection_cpp.dir/rosidl_typesupport_introspection_cpp/turtlebot3_msgs/msg/detail/sound__type_support.cpp.o[0m
[11.337s] [ 52%] [32mBuilding CXX object CMakeFiles/turtlebot3_msgs__rosidl_typesupport_introspection_cpp.dir/rosidl_typesupport_introspection_cpp/turtlebot3_msgs/srv/detail/dqn__type_support.cpp.o[0m
[11.346s] [ 53%] [32mBuilding CXX object CMakeFiles/turtlebot3_msgs__rosidl_typesupport_introspection_cpp.dir/rosidl_typesupport_introspection_cpp/turtlebot3_msgs/msg/detail/version_info__type_support.cpp.o[0m
[11.347s] [ 56%] [32mBuilding CXX object CMakeFiles/turtlebot3_msgs__rosidl_typesupport_introspection_cpp.dir/rosidl_typesupport_introspection_cpp/turtlebot3_msgs/srv/detail/goal__type_support.cpp.o[0m
[11.349s] [ 56%] [32mBuilding CXX object CMakeFiles/turtlebot3_msgs__rosidl_typesupport_introspection_cpp.dir/rosidl_typesupport_introspection_cpp/turtlebot3_msgs/srv/detail/sound__type_support.cpp.o[0m
[11.439s] [ 57%] [32mBuilding CXX object CMakeFiles/turtlebot3_msgs__rosidl_typesupport_introspection_cpp.dir/rosidl_typesupport_introspection_cpp/turtlebot3_msgs/action/detail/patrol__type_support.cpp.o[0m
[11.601s] [ 58%] [32m[1mLinking C shared library libturtlebot3_msgs__rosidl_typesupport_introspection_c.so[0m
[11.911s] [ 60%] [32m[1mLinking CXX shared library libturtlebot3_msgs__rosidl_typesupport_fastrtps_cpp.so[0m
[11.916s] [ 60%] Built target turtlebot3_msgs__rosidl_typesupport_introspection_c
[12.186s] [ 61%] [32mBuilding CXX object CMakeFiles/turtlebot3_msgs__rosidl_typesupport_fastrtps_c.dir/rosidl_typesupport_fastrtps_c/turtlebot3_msgs/srv/detail/sound__type_support_c.cpp.o[0m
[12.199s] [ 62%] [32mBuilding CXX object CMakeFiles/turtlebot3_msgs__rosidl_typesupport_fastrtps_c.dir/rosidl_typesupport_fastrtps_c/turtlebot3_msgs/srv/detail/dqn__type_support_c.cpp.o[0m
[12.212s] [ 63%] [32mBuilding CXX object CMakeFiles/turtlebot3_msgs__rosidl_typesupport_fastrtps_c.dir/rosidl_typesupport_fastrtps_c/turtlebot3_msgs/msg/detail/sensor_state__type_support_c.cpp.o[0m
[12.222s] [ 65%] [32mBuilding CXX object CMakeFiles/turtlebot3_msgs__rosidl_typesupport_fastrtps_c.dir/rosidl_typesupport_fastrtps_c/turtlebot3_msgs/msg/detail/sound__type_support_c.cpp.o[0m
[12.232s] [ 65%] Built target turtlebot3_msgs__rosidl_typesupport_fastrtps_cpp
[12.250s] [ 66%] [32mBuilding CXX object CMakeFiles/turtlebot3_msgs__rosidl_typesupport_fastrtps_c.dir/rosidl_typesupport_fastrtps_c/turtlebot3_msgs/msg/detail/version_info__type_support_c.cpp.o[0m
[12.253s] [ 67%] [32mBuilding CXX object CMakeFiles/turtlebot3_msgs__rosidl_typesupport_fastrtps_c.dir/rosidl_typesupport_fastrtps_c/turtlebot3_msgs/srv/detail/goal__type_support_c.cpp.o[0m
[12.332s] [ 68%] [32mBuilding CXX object CMakeFiles/turtlebot3_msgs__rosidl_typesupport_fastrtps_c.dir/rosidl_typesupport_fastrtps_c/turtlebot3_msgs/action/detail/patrol__type_support_c.cpp.o[0m
[12.902s] [ 70%] [32m[1mLinking CXX shared library libturtlebot3_msgs__rosidl_typesupport_introspection_cpp.so[0m
[12.989s] [ 71%] [32mBuilding CXX object CMakeFiles/turtlebot3_msgs__rosidl_typesupport_c.dir/rosidl_typesupport_c/turtlebot3_msgs/srv/sound__type_support.cpp.o[0m
[12.989s] [ 72%] [32mBuilding CXX object CMakeFiles/turtlebot3_msgs__rosidl_typesupport_c.dir/rosidl_typesupport_c/turtlebot3_msgs/srv/goal__type_support.cpp.o[0m
[12.997s] [ 73%] [32mBuilding CXX object CMakeFiles/turtlebot3_msgs__rosidl_typesupport_c.dir/rosidl_typesupport_c/turtlebot3_msgs/srv/dqn__type_support.cpp.o[0m
[13.017s] [ 75%] [32mBuilding CXX object CMakeFiles/turtlebot3_msgs__rosidl_typesupport_c.dir/rosidl_typesupport_c/turtlebot3_msgs/action/patrol__type_support.cpp.o[0m
[13.018s] [ 76%] [32mBuilding CXX object CMakeFiles/turtlebot3_msgs__rosidl_typesupport_c.dir/rosidl_typesupport_c/turtlebot3_msgs/msg/sound__type_support.cpp.o[0m
[13.034s] [ 77%] [32mBuilding CXX object CMakeFiles/turtlebot3_msgs__rosidl_typesupport_c.dir/rosidl_typesupport_c/turtlebot3_msgs/msg/sensor_state__type_support.cpp.o[0m
[13.047s] [ 78%] [32mBuilding CXX object CMakeFiles/turtlebot3_msgs__rosidl_typesupport_c.dir/rosidl_typesupport_c/turtlebot3_msgs/msg/version_info__type_support.cpp.o[0m
[13.243s] [ 78%] Built target turtlebot3_msgs__rosidl_typesupport_introspection_cpp
[13.306s] [ 80%] [32m[1mLinking CXX shared library libturtlebot3_msgs__rosidl_typesupport_c.so[0m
[13.579s] [ 80%] Built target turtlebot3_msgs__rosidl_typesupport_c
[13.800s] [ 81%] [32m[1mLinking CXX shared library libturtlebot3_msgs__rosidl_typesupport_fastrtps_c.so[0m
[14.056s] [ 81%] Built target turtlebot3_msgs__rosidl_typesupport_fastrtps_c
[14.128s] [ 81%] Built target turtlebot3_msgs
[14.199s] [ 82%] [34m[1mGenerating Python code for ROS interfaces[0m
[16.665s] [ 82%] Built target turtlebot3_msgs__py
[16.713s] [ 83%] [32mBuilding C object CMakeFiles/turtlebot3_msgs__rosidl_generator_py.dir/rosidl_generator_py/turtlebot3_msgs/msg/_sensor_state_s.c.o[0m
[16.713s] [ 85%] [32mBuilding C object CMakeFiles/turtlebot3_msgs__rosidl_generator_py.dir/rosidl_generator_py/turtlebot3_msgs/msg/_version_info_s.c.o[0m
[16.719s] [ 86%] [32mBuilding C object CMakeFiles/turtlebot3_msgs__rosidl_generator_py.dir/rosidl_generator_py/turtlebot3_msgs/msg/_sound_s.c.o[0m
[16.721s] [ 87%] [32mBuilding C object CMakeFiles/turtlebot3_msgs__rosidl_generator_py.dir/rosidl_generator_py/turtlebot3_msgs/srv/_sound_s.c.o[0m
[16.725s] [ 88%] [32mBuilding C object CMakeFiles/turtlebot3_msgs__rosidl_generator_py.dir/rosidl_generator_py/turtlebot3_msgs/srv/_dqn_s.c.o[0m
[16.726s] [ 90%] [32mBuilding C object CMakeFiles/turtlebot3_msgs__rosidl_generator_py.dir/rosidl_generator_py/turtlebot3_msgs/srv/_goal_s.c.o[0m
[16.727s] [ 91%] [32mBuilding C object CMakeFiles/turtlebot3_msgs__rosidl_generator_py.dir/rosidl_generator_py/turtlebot3_msgs/action/_patrol_s.c.o[0m
[17.050s] [ 92%] [32m[1mLinking C shared library rosidl_generator_py/turtlebot3_msgs/libturtlebot3_msgs__rosidl_generator_py.so[0m
[17.136s] [ 92%] Built target turtlebot3_msgs__rosidl_generator_py
[17.175s] [ 93%] [32mBuilding C object CMakeFiles/turtlebot3_msgs__rosidl_typesupport_fastrtps_c__pyext.dir/rosidl_generator_py/turtlebot3_msgs/_turtlebot3_msgs_s.ep.rosidl_typesupport_fastrtps_c.c.o[0m
[17.175s] [ 95%] [32mBuilding C object CMakeFiles/turtlebot3_msgs__rosidl_typesupport_introspection_c__pyext.dir/rosidl_generator_py/turtlebot3_msgs/_turtlebot3_msgs_s.ep.rosidl_typesupport_introspection_c.c.o[0m
[17.184s] [ 96%] [32mBuilding C object CMakeFiles/turtlebot3_msgs__rosidl_typesupport_c__pyext.dir/rosidl_generator_py/turtlebot3_msgs/_turtlebot3_msgs_s.ep.rosidl_typesupport_c.c.o[0m
[17.421s] [ 97%] [32m[1mLinking C shared library rosidl_generator_py/turtlebot3_msgs/turtlebot3_msgs_s__rosidl_typesupport_introspection_c.cpython-310-x86_64-linux-gnu.so[0m
[17.438s] [100%] [32m[1mLinking C shared library rosidl_generator_py/turtlebot3_msgs/turtlebot3_msgs_s__rosidl_typesupport_fastrtps_c.cpython-310-x86_64-linux-gnu.so[0m
[17.439s] [100%] [32m[1mLinking C shared library rosidl_generator_py/turtlebot3_msgs/turtlebot3_msgs_s__rosidl_typesupport_c.cpython-310-x86_64-linux-gnu.so[0m
[17.528s] [100%] Built target turtlebot3_msgs__rosidl_typesupport_fastrtps_c__pyext
[17.535s] [100%] Built target turtlebot3_msgs__rosidl_typesupport_c__pyext
[17.553s] [100%] Built target turtlebot3_msgs__rosidl_typesupport_introspection_c__pyext
[17.576s] Invoked command in '/home/zhihuili/RM_prac/build/turtlebot3_msgs' returned '0': CMAKE_PREFIX_PATH=${CMAKE_PREFIX_PATH}:/home/zhihuili/RM_prac/install/turtlebot3_dqn:/opt/ros/humble /usr/bin/cmake --build /home/zhihuili/RM_prac/build/turtlebot3_msgs -- -j14 -l14
[17.580s] Invoking command in '/home/zhihuili/RM_prac/build/turtlebot3_msgs': CMAKE_PREFIX_PATH=${CMAKE_PREFIX_PATH}:/home/zhihuili/RM_prac/install/turtlebot3_dqn:/opt/ros/humble /usr/bin/cmake --install /home/zhihuili/RM_prac/build/turtlebot3_msgs
[17.593s] -- Install configuration: ""
[17.594s] -- Execute custom install script
[17.595s] -- Symlinking: /home/zhihuili/RM_prac/install/turtlebot3_msgs/share/ament_index/resource_index/rosidl_interfaces/turtlebot3_msgs
[17.613s] -- Symlinking: /home/zhihuili/RM_prac/install/turtlebot3_msgs/include/turtlebot3_msgs/turtlebot3_msgs/action/detail/patrol__functions.h
[17.631s] -- Symlinking: /home/zhihuili/RM_prac/install/turtlebot3_msgs/include/turtlebot3_msgs/turtlebot3_msgs/action/detail/patrol__struct.h
[17.646s] -- Symlinking: /home/zhihuili/RM_prac/install/turtlebot3_msgs/include/turtlebot3_msgs/turtlebot3_msgs/action/detail/patrol__type_support.h
[17.662s] -- Symlinking: /home/zhihuili/RM_prac/install/turtlebot3_msgs/include/turtlebot3_msgs/turtlebot3_msgs/action/patrol.h
[17.677s] -- Symlinking: /home/zhihuili/RM_prac/install/turtlebot3_msgs/include/turtlebot3_msgs/turtlebot3_msgs/msg/detail/sensor_state__functions.h
[17.693s] -- Symlinking: /home/zhihuili/RM_prac/install/turtlebot3_msgs/include/turtlebot3_msgs/turtlebot3_msgs/msg/detail/sensor_state__struct.h
[17.709s] -- Symlinking: /home/zhihuili/RM_prac/install/turtlebot3_msgs/include/turtlebot3_msgs/turtlebot3_msgs/msg/detail/sensor_state__type_support.h
[17.723s] -- Symlinking: /home/zhihuili/RM_prac/install/turtlebot3_msgs/include/turtlebot3_msgs/turtlebot3_msgs/msg/detail/sound__functions.h
[17.741s] -- Symlinking: /home/zhihuili/RM_prac/install/turtlebot3_msgs/include/turtlebot3_msgs/turtlebot3_msgs/msg/detail/sound__struct.h
[17.756s] -- Symlinking: /home/zhihuili/RM_prac/install/turtlebot3_msgs/include/turtlebot3_msgs/turtlebot3_msgs/msg/detail/sound__type_support.h
[17.771s] -- Symlinking: /home/zhihuili/RM_prac/install/turtlebot3_msgs/include/turtlebot3_msgs/turtlebot3_msgs/msg/detail/version_info__functions.h
[17.787s] -- Symlinking: /home/zhihuili/RM_prac/install/turtlebot3_msgs/include/turtlebot3_msgs/turtlebot3_msgs/msg/detail/version_info__struct.h
[17.803s] -- Symlinking: /home/zhihuili/RM_prac/install/turtlebot3_msgs/include/turtlebot3_msgs/turtlebot3_msgs/msg/detail/version_info__type_support.h
[17.819s] -- Symlinking: /home/zhihuili/RM_prac/install/turtlebot3_msgs/include/turtlebot3_msgs/turtlebot3_msgs/msg/rosidl_generator_c__visibility_control.h
[17.836s] -- Symlinking: /home/zhihuili/RM_prac/install/turtlebot3_msgs/include/turtlebot3_msgs/turtlebot3_msgs/msg/sensor_state.h
[17.851s] -- Symlinking: /home/zhihuili/RM_prac/install/turtlebot3_msgs/include/turtlebot3_msgs/turtlebot3_msgs/msg/sound.h
[17.866s] -- Symlinking: /home/zhihuili/RM_prac/install/turtlebot3_msgs/include/turtlebot3_msgs/turtlebot3_msgs/msg/version_info.h
[17.883s] -- Symlinking: /home/zhihuili/RM_prac/install/turtlebot3_msgs/include/turtlebot3_msgs/turtlebot3_msgs/srv/detail/dqn__functions.h
[17.898s] -- Symlinking: /home/zhihuili/RM_prac/install/turtlebot3_msgs/include/turtlebot3_msgs/turtlebot3_msgs/srv/detail/dqn__struct.h
[17.915s] -- Symlinking: /home/zhihuili/RM_prac/install/turtlebot3_msgs/include/turtlebot3_msgs/turtlebot3_msgs/srv/detail/dqn__type_support.h
[17.933s] -- Symlinking: /home/zhihuili/RM_prac/install/turtlebot3_msgs/include/turtlebot3_msgs/turtlebot3_msgs/srv/detail/goal__functions.h
[17.951s] -- Symlinking: /home/zhihuili/RM_prac/install/turtlebot3_msgs/include/turtlebot3_msgs/turtlebot3_msgs/srv/detail/goal__struct.h
[17.966s] -- Symlinking: /home/zhihuili/RM_prac/install/turtlebot3_msgs/include/turtlebot3_msgs/turtlebot3_msgs/srv/detail/goal__type_support.h
[17.983s] -- Symlinking: /home/zhihuili/RM_prac/install/turtlebot3_msgs/include/turtlebot3_msgs/turtlebot3_msgs/srv/detail/sound__functions.h
[18.000s] -- Symlinking: /home/zhihuili/RM_prac/install/turtlebot3_msgs/include/turtlebot3_msgs/turtlebot3_msgs/srv/detail/sound__struct.h
[18.016s] -- Symlinking: /home/zhihuili/RM_prac/install/turtlebot3_msgs/include/turtlebot3_msgs/turtlebot3_msgs/srv/detail/sound__type_support.h
[18.033s] -- Symlinking: /home/zhihuili/RM_prac/install/turtlebot3_msgs/include/turtlebot3_msgs/turtlebot3_msgs/srv/dqn.h
[18.049s] -- Symlinking: /home/zhihuili/RM_prac/install/turtlebot3_msgs/include/turtlebot3_msgs/turtlebot3_msgs/srv/goal.h
[18.065s] -- Symlinking: /home/zhihuili/RM_prac/install/turtlebot3_msgs/include/turtlebot3_msgs/turtlebot3_msgs/srv/sound.h
[18.082s] -- Symlinking: /home/zhihuili/RM_prac/install/turtlebot3_msgs/share/turtlebot3_msgs/environment/library_path.sh
[18.099s] -- Symlinking: /home/zhihuili/RM_prac/install/turtlebot3_msgs/share/turtlebot3_msgs/environment/library_path.dsv
[18.118s] -- Symlinking: /home/zhihuili/RM_prac/install/turtlebot3_msgs/include/turtlebot3_msgs/turtlebot3_msgs/action/detail/patrol__rosidl_typesupport_fastrtps_c.h
[18.135s] -- Symlinking: /home/zhihuili/RM_prac/install/turtlebot3_msgs/include/turtlebot3_msgs/turtlebot3_msgs/msg/detail/sensor_state__rosidl_typesupport_fastrtps_c.h
[18.153s] -- Symlinking: /home/zhihuili/RM_prac/install/turtlebot3_msgs/include/turtlebot3_msgs/turtlebot3_msgs/msg/detail/sound__rosidl_typesupport_fastrtps_c.h
[18.171s] -- Symlinking: /home/zhihuili/RM_prac/install/turtlebot3_msgs/include/turtlebot3_msgs/turtlebot3_msgs/msg/detail/version_info__rosidl_typesupport_fastrtps_c.h
[18.188s] -- Symlinking: /home/zhihuili/RM_prac/install/turtlebot3_msgs/include/turtlebot3_msgs/turtlebot3_msgs/msg/rosidl_typesupport_fastrtps_c__visibility_control.h
[18.207s] -- Symlinking: /home/zhihuili/RM_prac/install/turtlebot3_msgs/include/turtlebot3_msgs/turtlebot3_msgs/srv/detail/dqn__rosidl_typesupport_fastrtps_c.h
[18.224s] -- Symlinking: /home/zhihuili/RM_prac/install/turtlebot3_msgs/include/turtlebot3_msgs/turtlebot3_msgs/srv/detail/goal__rosidl_typesupport_fastrtps_c.h
[18.240s] -- Symlinking: /home/zhihuili/RM_prac/install/turtlebot3_msgs/include/turtlebot3_msgs/turtlebot3_msgs/srv/detail/sound__rosidl_typesupport_fastrtps_c.h
[18.257s] -- Symlinking: /home/zhihuili/RM_prac/install/turtlebot3_msgs/include/turtlebot3_msgs/turtlebot3_msgs/action/detail/patrol__builder.hpp
[18.273s] -- Symlinking: /home/zhihuili/RM_prac/install/turtlebot3_msgs/include/turtlebot3_msgs/turtlebot3_msgs/action/detail/patrol__struct.hpp
[18.290s] -- Symlinking: /home/zhihuili/RM_prac/install/turtlebot3_msgs/include/turtlebot3_msgs/turtlebot3_msgs/action/detail/patrol__traits.hpp
[18.307s] -- Symlinking: /home/zhihuili/RM_prac/install/turtlebot3_msgs/include/turtlebot3_msgs/turtlebot3_msgs/action/detail/patrol__type_support.hpp
[18.324s] -- Symlinking: /home/zhihuili/RM_prac/install/turtlebot3_msgs/include/turtlebot3_msgs/turtlebot3_msgs/action/patrol.hpp
[18.341s] -- Symlinking: /home/zhihuili/RM_prac/install/turtlebot3_msgs/include/turtlebot3_msgs/turtlebot3_msgs/msg/detail/sensor_state__builder.hpp
[18.357s] -- Symlinking: /home/zhihuili/RM_prac/install/turtlebot3_msgs/include/turtlebot3_msgs/turtlebot3_msgs/msg/detail/sensor_state__struct.hpp
[18.374s] -- Symlinking: /home/zhihuili/RM_prac/install/turtlebot3_msgs/include/turtlebot3_msgs/turtlebot3_msgs/msg/detail/sensor_state__traits.hpp
[18.391s] -- Symlinking: /home/zhihuili/RM_prac/install/turtlebot3_msgs/include/turtlebot3_msgs/turtlebot3_msgs/msg/detail/sensor_state__type_support.hpp
[18.410s] -- Symlinking: /home/zhihuili/RM_prac/install/turtlebot3_msgs/include/turtlebot3_msgs/turtlebot3_msgs/msg/detail/sound__builder.hpp
[18.426s] -- Symlinking: /home/zhihuili/RM_prac/install/turtlebot3_msgs/include/turtlebot3_msgs/turtlebot3_msgs/msg/detail/sound__struct.hpp
[18.444s] -- Symlinking: /home/zhihuili/RM_prac/install/turtlebot3_msgs/include/turtlebot3_msgs/turtlebot3_msgs/msg/detail/sound__traits.hpp
[18.458s] -- Symlinking: /home/zhihuili/RM_prac/install/turtlebot3_msgs/include/turtlebot3_msgs/turtlebot3_msgs/msg/detail/sound__type_support.hpp
[18.474s] -- Symlinking: /home/zhihuili/RM_prac/install/turtlebot3_msgs/include/turtlebot3_msgs/turtlebot3_msgs/msg/detail/version_info__builder.hpp
[18.492s] -- Symlinking: /home/zhihuili/RM_prac/install/turtlebot3_msgs/include/turtlebot3_msgs/turtlebot3_msgs/msg/detail/version_info__struct.hpp
[18.510s] -- Symlinking: /home/zhihuili/RM_prac/install/turtlebot3_msgs/include/turtlebot3_msgs/turtlebot3_msgs/msg/detail/version_info__traits.hpp
[18.528s] -- Symlinking: /home/zhihuili/RM_prac/install/turtlebot3_msgs/include/turtlebot3_msgs/turtlebot3_msgs/msg/detail/version_info__type_support.hpp
[18.544s] -- Symlinking: /home/zhihuili/RM_prac/install/turtlebot3_msgs/include/turtlebot3_msgs/turtlebot3_msgs/msg/rosidl_generator_cpp__visibility_control.hpp
[18.559s] -- Symlinking: /home/zhihuili/RM_prac/install/turtlebot3_msgs/include/turtlebot3_msgs/turtlebot3_msgs/msg/sensor_state.hpp
[18.575s] -- Symlinking: /home/zhihuili/RM_prac/install/turtlebot3_msgs/include/turtlebot3_msgs/turtlebot3_msgs/msg/sound.hpp
[18.590s] -- Symlinking: /home/zhihuili/RM_prac/install/turtlebot3_msgs/include/turtlebot3_msgs/turtlebot3_msgs/msg/version_info.hpp
[18.607s] -- Symlinking: /home/zhihuili/RM_prac/install/turtlebot3_msgs/include/turtlebot3_msgs/turtlebot3_msgs/srv/detail/dqn__builder.hpp
[18.625s] -- Symlinking: /home/zhihuili/RM_prac/install/turtlebot3_msgs/include/turtlebot3_msgs/turtlebot3_msgs/srv/detail/dqn__struct.hpp
[18.641s] -- Symlinking: /home/zhihuili/RM_prac/install/turtlebot3_msgs/include/turtlebot3_msgs/turtlebot3_msgs/srv/detail/dqn__traits.hpp
[18.658s] -- Symlinking: /home/zhihuili/RM_prac/install/turtlebot3_msgs/include/turtlebot3_msgs/turtlebot3_msgs/srv/detail/dqn__type_support.hpp
[18.674s] -- Symlinking: /home/zhihuili/RM_prac/install/turtlebot3_msgs/include/turtlebot3_msgs/turtlebot3_msgs/srv/detail/goal__builder.hpp
[18.693s] -- Symlinking: /home/zhihuili/RM_prac/install/turtlebot3_msgs/include/turtlebot3_msgs/turtlebot3_msgs/srv/detail/goal__struct.hpp
[18.724s] -- Symlinking: /home/zhihuili/RM_prac/install/turtlebot3_msgs/include/turtlebot3_msgs/turtlebot3_msgs/srv/detail/goal__traits.hpp
[18.740s] -- Symlinking: /home/zhihuili/RM_prac/install/turtlebot3_msgs/include/turtlebot3_msgs/turtlebot3_msgs/srv/detail/goal__type_support.hpp
[18.756s] -- Symlinking: /home/zhihuili/RM_prac/install/turtlebot3_msgs/include/turtlebot3_msgs/turtlebot3_msgs/srv/detail/sound__builder.hpp
[18.772s] -- Symlinking: /home/zhihuili/RM_prac/install/turtlebot3_msgs/include/turtlebot3_msgs/turtlebot3_msgs/srv/detail/sound__struct.hpp
[18.788s] -- Symlinking: /home/zhihuili/RM_prac/install/turtlebot3_msgs/include/turtlebot3_msgs/turtlebot3_msgs/srv/detail/sound__traits.hpp
[18.803s] -- Symlinking: /home/zhihuili/RM_prac/install/turtlebot3_msgs/include/turtlebot3_msgs/turtlebot3_msgs/srv/detail/sound__type_support.hpp
[18.823s] -- Symlinking: /home/zhihuili/RM_prac/install/turtlebot3_msgs/include/turtlebot3_msgs/turtlebot3_msgs/srv/dqn.hpp
[18.839s] -- Symlinking: /home/zhihuili/RM_prac/install/turtlebot3_msgs/include/turtlebot3_msgs/turtlebot3_msgs/srv/goal.hpp
[18.855s] -- Symlinking: /home/zhihuili/RM_prac/install/turtlebot3_msgs/include/turtlebot3_msgs/turtlebot3_msgs/srv/sound.hpp
[18.872s] -- Symlinking: /home/zhihuili/RM_prac/install/turtlebot3_msgs/include/turtlebot3_msgs/turtlebot3_msgs/action/detail/patrol__rosidl_typesupport_fastrtps_cpp.hpp
[18.887s] -- Symlinking: /home/zhihuili/RM_prac/install/turtlebot3_msgs/include/turtlebot3_msgs/turtlebot3_msgs/msg/detail/sensor_state__rosidl_typesupport_fastrtps_cpp.hpp
[18.903s] -- Symlinking: /home/zhihuili/RM_prac/install/turtlebot3_msgs/include/turtlebot3_msgs/turtlebot3_msgs/msg/detail/sound__rosidl_typesupport_fastrtps_cpp.hpp
[18.920s] -- Symlinking: /home/zhihuili/RM_prac/install/turtlebot3_msgs/include/turtlebot3_msgs/turtlebot3_msgs/msg/detail/version_info__rosidl_typesupport_fastrtps_cpp.hpp
[18.936s] -- Symlinking: /home/zhihuili/RM_prac/install/turtlebot3_msgs/include/turtlebot3_msgs/turtlebot3_msgs/msg/rosidl_typesupport_fastrtps_cpp__visibility_control.h
[18.951s] -- Symlinking: /home/zhihuili/RM_prac/install/turtlebot3_msgs/include/turtlebot3_msgs/turtlebot3_msgs/srv/detail/dqn__rosidl_typesupport_fastrtps_cpp.hpp
[18.967s] -- Symlinking: /home/zhihuili/RM_prac/install/turtlebot3_msgs/include/turtlebot3_msgs/turtlebot3_msgs/srv/detail/goal__rosidl_typesupport_fastrtps_cpp.hpp
[18.982s] -- Symlinking: /home/zhihuili/RM_prac/install/turtlebot3_msgs/include/turtlebot3_msgs/turtlebot3_msgs/srv/detail/sound__rosidl_typesupport_fastrtps_cpp.hpp
[18.998s] -- Symlinking: /home/zhihuili/RM_prac/install/turtlebot3_msgs/include/turtlebot3_msgs/turtlebot3_msgs/action/detail/patrol__rosidl_typesupport_introspection_c.h
[19.015s] -- Symlinking: /home/zhihuili/RM_prac/install/turtlebot3_msgs/include/turtlebot3_msgs/turtlebot3_msgs/msg/detail/sensor_state__rosidl_typesupport_introspection_c.h
[19.032s] -- Symlinking: /home/zhihuili/RM_prac/install/turtlebot3_msgs/include/turtlebot3_msgs/turtlebot3_msgs/msg/detail/sound__rosidl_typesupport_introspection_c.h
[19.049s] -- Symlinking: /home/zhihuili/RM_prac/install/turtlebot3_msgs/include/turtlebot3_msgs/turtlebot3_msgs/msg/detail/version_info__rosidl_typesupport_introspection_c.h
[19.066s] -- Symlinking: /home/zhihuili/RM_prac/install/turtlebot3_msgs/include/turtlebot3_msgs/turtlebot3_msgs/msg/rosidl_typesupport_introspection_c__visibility_control.h
[19.082s] -- Symlinking: /home/zhihuili/RM_prac/install/turtlebot3_msgs/include/turtlebot3_msgs/turtlebot3_msgs/srv/detail/dqn__rosidl_typesupport_introspection_c.h
[19.098s] -- Symlinking: /home/zhihuili/RM_prac/install/turtlebot3_msgs/include/turtlebot3_msgs/turtlebot3_msgs/srv/detail/goal__rosidl_typesupport_introspection_c.h
[19.114s] -- Symlinking: /home/zhihuili/RM_prac/install/turtlebot3_msgs/include/turtlebot3_msgs/turtlebot3_msgs/srv/detail/sound__rosidl_typesupport_introspection_c.h
[19.130s] -- Symlinking: /home/zhihuili/RM_prac/install/turtlebot3_msgs/include/turtlebot3_msgs/turtlebot3_msgs/action/detail/patrol__rosidl_typesupport_introspection_cpp.hpp
[19.148s] -- Symlinking: /home/zhihuili/RM_prac/install/turtlebot3_msgs/include/turtlebot3_msgs/turtlebot3_msgs/msg/detail/sensor_state__rosidl_typesupport_introspection_cpp.hpp
[19.165s] -- Symlinking: /home/zhihuili/RM_prac/install/turtlebot3_msgs/include/turtlebot3_msgs/turtlebot3_msgs/msg/detail/sound__rosidl_typesupport_introspection_cpp.hpp
[19.181s] -- Symlinking: /home/zhihuili/RM_prac/install/turtlebot3_msgs/include/turtlebot3_msgs/turtlebot3_msgs/msg/detail/version_info__rosidl_typesupport_introspection_cpp.hpp
[19.197s] -- Symlinking: /home/zhihuili/RM_prac/install/turtlebot3_msgs/include/turtlebot3_msgs/turtlebot3_msgs/srv/detail/dqn__rosidl_typesupport_introspection_cpp.hpp
[19.214s] -- Symlinking: /home/zhihuili/RM_prac/install/turtlebot3_msgs/include/turtlebot3_msgs/turtlebot3_msgs/srv/detail/goal__rosidl_typesupport_introspection_cpp.hpp
[19.230s] -- Symlinking: /home/zhihuili/RM_prac/install/turtlebot3_msgs/include/turtlebot3_msgs/turtlebot3_msgs/srv/detail/sound__rosidl_typesupport_introspection_cpp.hpp
[19.245s] -- Symlinking: /home/zhihuili/RM_prac/install/turtlebot3_msgs/share/turtlebot3_msgs/environment/pythonpath.sh
[19.261s] -- Symlinking: /home/zhihuili/RM_prac/install/turtlebot3_msgs/share/turtlebot3_msgs/environment/pythonpath.dsv
[19.275s] -- Symlinking: /home/zhihuili/RM_prac/install/turtlebot3_msgs/local/lib/python3.10/dist-packages/turtlebot3_msgs-2.4.0-py3.10.egg-info/PKG-INFO
[19.291s] -- Symlinking: /home/zhihuili/RM_prac/install/turtlebot3_msgs/local/lib/python3.10/dist-packages/turtlebot3_msgs-2.4.0-py3.10.egg-info/SOURCES.txt
[19.304s] -- Symlinking: /home/zhihuili/RM_prac/install/turtlebot3_msgs/local/lib/python3.10/dist-packages/turtlebot3_msgs-2.4.0-py3.10.egg-info/dependency_links.txt
[19.320s] -- Symlinking: /home/zhihuili/RM_prac/install/turtlebot3_msgs/local/lib/python3.10/dist-packages/turtlebot3_msgs-2.4.0-py3.10.egg-info/top_level.txt
[19.336s] -- Symlinking: /home/zhihuili/RM_prac/install/turtlebot3_msgs/local/lib/python3.10/dist-packages/turtlebot3_msgs/__init__.py
[19.351s] -- Symlinking: /home/zhihuili/RM_prac/install/turtlebot3_msgs/local/lib/python3.10/dist-packages/turtlebot3_msgs/_turtlebot3_msgs_s.ep.rosidl_typesupport_c.c
[19.367s] -- Symlinking: /home/zhihuili/RM_prac/install/turtlebot3_msgs/local/lib/python3.10/dist-packages/turtlebot3_msgs/_turtlebot3_msgs_s.ep.rosidl_typesupport_fastrtps_c.c
[19.396s] -- Symlinking: /home/zhihuili/RM_prac/install/turtlebot3_msgs/local/lib/python3.10/dist-packages/turtlebot3_msgs/_turtlebot3_msgs_s.ep.rosidl_typesupport_introspection_c.c
[19.413s] -- Symlinking: /home/zhihuili/RM_prac/install/turtlebot3_msgs/local/lib/python3.10/dist-packages/turtlebot3_msgs/action/__init__.py
[19.430s] -- Symlinking: /home/zhihuili/RM_prac/install/turtlebot3_msgs/local/lib/python3.10/dist-packages/turtlebot3_msgs/action/_patrol.py
[19.447s] -- Symlinking: /home/zhihuili/RM_prac/install/turtlebot3_msgs/local/lib/python3.10/dist-packages/turtlebot3_msgs/action/_patrol_s.c
[19.464s] -- Symlinking: /home/zhihuili/RM_prac/install/turtlebot3_msgs/local/lib/python3.10/dist-packages/turtlebot3_msgs/libturtlebot3_msgs__rosidl_generator_py.so
[19.480s] -- Symlinking: /home/zhihuili/RM_prac/install/turtlebot3_msgs/local/lib/python3.10/dist-packages/turtlebot3_msgs/msg/__init__.py
[19.496s] -- Symlinking: /home/zhihuili/RM_prac/install/turtlebot3_msgs/local/lib/python3.10/dist-packages/turtlebot3_msgs/msg/_sensor_state.py
[19.513s] -- Symlinking: /home/zhihuili/RM_prac/install/turtlebot3_msgs/local/lib/python3.10/dist-packages/turtlebot3_msgs/msg/_sensor_state_s.c
[19.528s] -- Symlinking: /home/zhihuili/RM_prac/install/turtlebot3_msgs/local/lib/python3.10/dist-packages/turtlebot3_msgs/msg/_sound.py
[19.543s] -- Symlinking: /home/zhihuili/RM_prac/install/turtlebot3_msgs/local/lib/python3.10/dist-packages/turtlebot3_msgs/msg/_sound_s.c
[19.558s] -- Symlinking: /home/zhihuili/RM_prac/install/turtlebot3_msgs/local/lib/python3.10/dist-packages/turtlebot3_msgs/msg/_version_info.py
[19.573s] -- Symlinking: /home/zhihuili/RM_prac/install/turtlebot3_msgs/local/lib/python3.10/dist-packages/turtlebot3_msgs/msg/_version_info_s.c
[19.589s] -- Symlinking: /home/zhihuili/RM_prac/install/turtlebot3_msgs/local/lib/python3.10/dist-packages/turtlebot3_msgs/srv/__init__.py
[19.605s] -- Symlinking: /home/zhihuili/RM_prac/install/turtlebot3_msgs/local/lib/python3.10/dist-packages/turtlebot3_msgs/srv/_dqn.py
[19.621s] -- Symlinking: /home/zhihuili/RM_prac/install/turtlebot3_msgs/local/lib/python3.10/dist-packages/turtlebot3_msgs/srv/_dqn_s.c
[19.637s] -- Symlinking: /home/zhihuili/RM_prac/install/turtlebot3_msgs/local/lib/python3.10/dist-packages/turtlebot3_msgs/srv/_goal.py
[19.659s] -- Symlinking: /home/zhihuili/RM_prac/install/turtlebot3_msgs/local/lib/python3.10/dist-packages/turtlebot3_msgs/srv/_goal_s.c
[19.681s] -- Symlinking: /home/zhihuili/RM_prac/install/turtlebot3_msgs/local/lib/python3.10/dist-packages/turtlebot3_msgs/srv/_sound.py
[19.697s] -- Symlinking: /home/zhihuili/RM_prac/install/turtlebot3_msgs/local/lib/python3.10/dist-packages/turtlebot3_msgs/srv/_sound_s.c
[19.714s] -- Symlinking: /home/zhihuili/RM_prac/install/turtlebot3_msgs/local/lib/python3.10/dist-packages/turtlebot3_msgs/turtlebot3_msgs_s__rosidl_typesupport_c.cpython-310-x86_64-linux-gnu.so
[19.730s] -- Symlinking: /home/zhihuili/RM_prac/install/turtlebot3_msgs/local/lib/python3.10/dist-packages/turtlebot3_msgs/turtlebot3_msgs_s__rosidl_typesupport_fastrtps_c.cpython-310-x86_64-linux-gnu.so
[19.746s] -- Symlinking: /home/zhihuili/RM_prac/install/turtlebot3_msgs/local/lib/python3.10/dist-packages/turtlebot3_msgs/turtlebot3_msgs_s__rosidl_typesupport_introspection_c.cpython-310-x86_64-linux-gnu.so
[19.764s] -- Up-to-date symlink: /home/zhihuili/RM_prac/install/turtlebot3_msgs/local/lib/python3.10/dist-packages/turtlebot3_msgs/turtlebot3_msgs_s__rosidl_typesupport_fastrtps_c.cpython-310-x86_64-linux-gnu.so
[19.764s] -- Up-to-date symlink: /home/zhihuili/RM_prac/install/turtlebot3_msgs/local/lib/python3.10/dist-packages/turtlebot3_msgs/turtlebot3_msgs_s__rosidl_typesupport_introspection_c.cpython-310-x86_64-linux-gnu.so
[19.765s] -- Up-to-date symlink: /home/zhihuili/RM_prac/install/turtlebot3_msgs/local/lib/python3.10/dist-packages/turtlebot3_msgs/turtlebot3_msgs_s__rosidl_typesupport_c.cpython-310-x86_64-linux-gnu.so
[19.766s] -- Symlinking: /home/zhihuili/RM_prac/install/turtlebot3_msgs/share/ament_index/resource_index/rust_packages/turtlebot3_msgs
[19.784s] -- Symlinking: /home/zhihuili/RM_prac/install/turtlebot3_msgs/share/turtlebot3_msgs/rust/Cargo.toml
[19.801s] -- Symlinking: /home/zhihuili/RM_prac/install/turtlebot3_msgs/share/turtlebot3_msgs/rust/build.rs
[19.818s] -- Symlinking: /home/zhihuili/RM_prac/install/turtlebot3_msgs/share/turtlebot3_msgs/rust/src/action.rs
[19.834s] -- Symlinking: /home/zhihuili/RM_prac/install/turtlebot3_msgs/share/turtlebot3_msgs/rust/src/action/rmw.rs
[19.850s] -- Symlinking: /home/zhihuili/RM_prac/install/turtlebot3_msgs/share/turtlebot3_msgs/rust/src/lib.rs
[19.866s] -- Symlinking: /home/zhihuili/RM_prac/install/turtlebot3_msgs/share/turtlebot3_msgs/rust/src/msg.rs
[19.895s] -- Symlinking: /home/zhihuili/RM_prac/install/turtlebot3_msgs/share/turtlebot3_msgs/rust/src/msg/rmw.rs
[19.912s] -- Symlinking: /home/zhihuili/RM_prac/install/turtlebot3_msgs/share/turtlebot3_msgs/rust/src/srv.rs
[19.929s] -- Symlinking: /home/zhihuili/RM_prac/install/turtlebot3_msgs/share/turtlebot3_msgs/rust/src/srv/rmw.rs
[19.943s] -- Symlinking: /home/zhihuili/RM_prac/install/turtlebot3_msgs/share/turtlebot3_msgs/msg/SensorState.idl
[19.958s] -- Symlinking: /home/zhihuili/RM_prac/install/turtlebot3_msgs/share/turtlebot3_msgs/msg/Sound.idl
[19.974s] -- Symlinking: /home/zhihuili/RM_prac/install/turtlebot3_msgs/share/turtlebot3_msgs/msg/VersionInfo.idl
[19.989s] -- Symlinking: /home/zhihuili/RM_prac/install/turtlebot3_msgs/share/turtlebot3_msgs/srv/Sound.idl
[20.009s] -- Symlinking: /home/zhihuili/RM_prac/install/turtlebot3_msgs/share/turtlebot3_msgs/srv/Dqn.idl
[20.029s] -- Symlinking: /home/zhihuili/RM_prac/install/turtlebot3_msgs/share/turtlebot3_msgs/srv/Goal.idl
[20.046s] -- Symlinking: /home/zhihuili/RM_prac/install/turtlebot3_msgs/share/turtlebot3_msgs/action/Patrol.idl
[20.062s] -- Symlinking: /home/zhihuili/RM_prac/install/turtlebot3_msgs/share/turtlebot3_msgs/msg/SensorState.msg
[20.077s] -- Symlinking: /home/zhihuili/RM_prac/install/turtlebot3_msgs/share/turtlebot3_msgs/msg/Sound.msg
[20.092s] -- Symlinking: /home/zhihuili/RM_prac/install/turtlebot3_msgs/share/turtlebot3_msgs/msg/VersionInfo.msg
[20.108s] -- Symlinking: /home/zhihuili/RM_prac/install/turtlebot3_msgs/share/turtlebot3_msgs/srv/Sound.srv
[20.122s] -- Symlinking: /home/zhihuili/RM_prac/install/turtlebot3_msgs/share/turtlebot3_msgs/srv/Sound_Request.msg
[20.137s] -- Symlinking: /home/zhihuili/RM_prac/install/turtlebot3_msgs/share/turtlebot3_msgs/srv/Sound_Response.msg
[20.152s] -- Symlinking: /home/zhihuili/RM_prac/install/turtlebot3_msgs/share/turtlebot3_msgs/srv/Dqn.srv
[20.167s] -- Symlinking: /home/zhihuili/RM_prac/install/turtlebot3_msgs/share/turtlebot3_msgs/srv/Dqn_Request.msg
[20.182s] -- Symlinking: /home/zhihuili/RM_prac/install/turtlebot3_msgs/share/turtlebot3_msgs/srv/Dqn_Response.msg
[20.198s] -- Symlinking: /home/zhihuili/RM_prac/install/turtlebot3_msgs/share/turtlebot3_msgs/srv/Goal.srv
[20.213s] -- Symlinking: /home/zhihuili/RM_prac/install/turtlebot3_msgs/share/turtlebot3_msgs/srv/Goal_Request.msg
[20.228s] -- Symlinking: /home/zhihuili/RM_prac/install/turtlebot3_msgs/share/turtlebot3_msgs/srv/Goal_Response.msg
[20.242s] -- Symlinking: /home/zhihuili/RM_prac/install/turtlebot3_msgs/share/turtlebot3_msgs/action/Patrol.action
[20.258s] -- Symlinking: /home/zhihuili/RM_prac/install/turtlebot3_msgs/share/ament_index/resource_index/package_run_dependencies/turtlebot3_msgs
[20.274s] -- Symlinking: /home/zhihuili/RM_prac/install/turtlebot3_msgs/share/ament_index/resource_index/parent_prefix_path/turtlebot3_msgs
[20.289s] -- Symlinking: /home/zhihuili/RM_prac/install/turtlebot3_msgs/share/turtlebot3_msgs/environment/ament_prefix_path.sh
[20.311s] -- Symlinking: /home/zhihuili/RM_prac/install/turtlebot3_msgs/share/turtlebot3_msgs/environment/ament_prefix_path.dsv
[20.329s] -- Symlinking: /home/zhihuili/RM_prac/install/turtlebot3_msgs/share/turtlebot3_msgs/environment/path.sh
[20.353s] -- Symlinking: /home/zhihuili/RM_prac/install/turtlebot3_msgs/share/turtlebot3_msgs/environment/path.dsv
[20.374s] -- Symlinking: /home/zhihuili/RM_prac/install/turtlebot3_msgs/share/turtlebot3_msgs/local_setup.bash
[20.396s] -- Symlinking: /home/zhihuili/RM_prac/install/turtlebot3_msgs/share/turtlebot3_msgs/local_setup.sh
[20.412s] -- Symlinking: /home/zhihuili/RM_prac/install/turtlebot3_msgs/share/turtlebot3_msgs/local_setup.zsh
[20.426s] -- Symlinking: /home/zhihuili/RM_prac/install/turtlebot3_msgs/share/turtlebot3_msgs/local_setup.dsv
[20.448s] -- Symlinking: /home/zhihuili/RM_prac/install/turtlebot3_msgs/share/turtlebot3_msgs/package.dsv
[20.471s] -- Symlinking: /home/zhihuili/RM_prac/install/turtlebot3_msgs/share/ament_index/resource_index/packages/turtlebot3_msgs
[20.494s] -- Symlinking: /home/zhihuili/RM_prac/install/turtlebot3_msgs/share/turtlebot3_msgs/cmake/rosidl_cmake-extras.cmake
[20.510s] -- Symlinking: /home/zhihuili/RM_prac/install/turtlebot3_msgs/share/turtlebot3_msgs/cmake/ament_cmake_export_dependencies-extras.cmake
[20.532s] -- Symlinking: /home/zhihuili/RM_prac/install/turtlebot3_msgs/share/turtlebot3_msgs/cmake/ament_cmake_export_include_directories-extras.cmake
[20.547s] -- Symlinking: /home/zhihuili/RM_prac/install/turtlebot3_msgs/share/turtlebot3_msgs/cmake/ament_cmake_export_libraries-extras.cmake
[20.561s] -- Symlinking: /home/zhihuili/RM_prac/install/turtlebot3_msgs/share/turtlebot3_msgs/cmake/ament_cmake_export_targets-extras.cmake
[20.576s] -- Symlinking: /home/zhihuili/RM_prac/install/turtlebot3_msgs/share/turtlebot3_msgs/cmake/rosidl_cmake_export_typesupport_targets-extras.cmake
[20.591s] -- Symlinking: /home/zhihuili/RM_prac/install/turtlebot3_msgs/share/turtlebot3_msgs/cmake/rosidl_cmake_export_typesupport_libraries-extras.cmake
[20.606s] -- Symlinking: /home/zhihuili/RM_prac/install/turtlebot3_msgs/share/turtlebot3_msgs/cmake/turtlebot3_msgsConfig.cmake
[20.621s] -- Symlinking: /home/zhihuili/RM_prac/install/turtlebot3_msgs/share/turtlebot3_msgs/cmake/turtlebot3_msgsConfig-version.cmake
[20.637s] -- Symlinking: /home/zhihuili/RM_prac/install/turtlebot3_msgs/share/turtlebot3_msgs/package.xml
[20.654s] -- Installing: /home/zhihuili/RM_prac/install/turtlebot3_msgs/lib/libturtlebot3_msgs__rosidl_generator_c.so
[20.654s] -- Set runtime path of "/home/zhihuili/RM_prac/install/turtlebot3_msgs/lib/libturtlebot3_msgs__rosidl_generator_c.so" to ""
[20.654s] -- Installing: /home/zhihuili/RM_prac/install/turtlebot3_msgs/lib/libturtlebot3_msgs__rosidl_typesupport_fastrtps_c.so
[20.655s] -- Set runtime path of "/home/zhihuili/RM_prac/install/turtlebot3_msgs/lib/libturtlebot3_msgs__rosidl_typesupport_fastrtps_c.so" to ""
[20.655s] -- Installing: /home/zhihuili/RM_prac/install/turtlebot3_msgs/lib/libturtlebot3_msgs__rosidl_typesupport_fastrtps_cpp.so
[20.655s] -- Set runtime path of "/home/zhihuili/RM_prac/install/turtlebot3_msgs/lib/libturtlebot3_msgs__rosidl_typesupport_fastrtps_cpp.so" to ""
[20.656s] -- Installing: /home/zhihuili/RM_prac/install/turtlebot3_msgs/lib/libturtlebot3_msgs__rosidl_typesupport_introspection_c.so
[20.656s] -- Set runtime path of "/home/zhihuili/RM_prac/install/turtlebot3_msgs/lib/libturtlebot3_msgs__rosidl_typesupport_introspection_c.so" to ""
[20.656s] -- Installing: /home/zhihuili/RM_prac/install/turtlebot3_msgs/lib/libturtlebot3_msgs__rosidl_typesupport_c.so
[20.657s] -- Set runtime path of "/home/zhihuili/RM_prac/install/turtlebot3_msgs/lib/libturtlebot3_msgs__rosidl_typesupport_c.so" to ""
[20.657s] -- Installing: /home/zhihuili/RM_prac/install/turtlebot3_msgs/lib/libturtlebot3_msgs__rosidl_typesupport_introspection_cpp.so
[20.658s] -- Set runtime path of "/home/zhihuili/RM_prac/install/turtlebot3_msgs/lib/libturtlebot3_msgs__rosidl_typesupport_introspection_cpp.so" to ""
[20.658s] -- Installing: /home/zhihuili/RM_prac/install/turtlebot3_msgs/lib/libturtlebot3_msgs__rosidl_typesupport_cpp.so
[20.658s] -- Set runtime path of "/home/zhihuili/RM_prac/install/turtlebot3_msgs/lib/libturtlebot3_msgs__rosidl_typesupport_cpp.so" to ""
[20.731s] Listing '/home/zhihuili/RM_prac/install/turtlebot3_msgs/local/lib/python3.10/dist-packages/turtlebot3_msgs'...
[20.731s] Compiling '/home/zhihuili/RM_prac/install/turtlebot3_msgs/local/lib/python3.10/dist-packages/turtlebot3_msgs/__init__.py'...
[20.731s] Listing '/home/zhihuili/RM_prac/install/turtlebot3_msgs/local/lib/python3.10/dist-packages/turtlebot3_msgs/action'...
[20.731s] Compiling '/home/zhihuili/RM_prac/install/turtlebot3_msgs/local/lib/python3.10/dist-packages/turtlebot3_msgs/action/__init__.py'...
[20.731s] Compiling '/home/zhihuili/RM_prac/install/turtlebot3_msgs/local/lib/python3.10/dist-packages/turtlebot3_msgs/action/_patrol.py'...
[20.731s] Listing '/home/zhihuili/RM_prac/install/turtlebot3_msgs/local/lib/python3.10/dist-packages/turtlebot3_msgs/msg'...
[20.731s] Compiling '/home/zhihuili/RM_prac/install/turtlebot3_msgs/local/lib/python3.10/dist-packages/turtlebot3_msgs/msg/__init__.py'...
[20.731s] Compiling '/home/zhihuili/RM_prac/install/turtlebot3_msgs/local/lib/python3.10/dist-packages/turtlebot3_msgs/msg/_sensor_state.py'...
[20.731s] Compiling '/home/zhihuili/RM_prac/install/turtlebot3_msgs/local/lib/python3.10/dist-packages/turtlebot3_msgs/msg/_sound.py'...
[20.731s] Compiling '/home/zhihuili/RM_prac/install/turtlebot3_msgs/local/lib/python3.10/dist-packages/turtlebot3_msgs/msg/_version_info.py'...
[20.731s] Listing '/home/zhihuili/RM_prac/install/turtlebot3_msgs/local/lib/python3.10/dist-packages/turtlebot3_msgs/srv'...
[20.731s] Compiling '/home/zhihuili/RM_prac/install/turtlebot3_msgs/local/lib/python3.10/dist-packages/turtlebot3_msgs/srv/__init__.py'...
[20.732s] Compiling '/home/zhihuili/RM_prac/install/turtlebot3_msgs/local/lib/python3.10/dist-packages/turtlebot3_msgs/srv/_dqn.py'...
[20.732s] Compiling '/home/zhihuili/RM_prac/install/turtlebot3_msgs/local/lib/python3.10/dist-packages/turtlebot3_msgs/srv/_goal.py'...
[20.732s] Compiling '/home/zhihuili/RM_prac/install/turtlebot3_msgs/local/lib/python3.10/dist-packages/turtlebot3_msgs/srv/_sound.py'...
[20.739s] -- Installing: /home/zhihuili/RM_prac/install/turtlebot3_msgs/lib/libturtlebot3_msgs__rosidl_generator_py.so
[20.740s] -- Set runtime path of "/home/zhihuili/RM_prac/install/turtlebot3_msgs/lib/libturtlebot3_msgs__rosidl_generator_py.so" to ""
[20.740s] -- Installing: /home/zhihuili/RM_prac/install/turtlebot3_msgs/share/turtlebot3_msgs/cmake/export_turtlebot3_msgs__rosidl_generator_cExport.cmake
[20.740s] -- Installing: /home/zhihuili/RM_prac/install/turtlebot3_msgs/share/turtlebot3_msgs/cmake/export_turtlebot3_msgs__rosidl_generator_cExport-noconfig.cmake
[20.740s] -- Installing: /home/zhihuili/RM_prac/install/turtlebot3_msgs/share/turtlebot3_msgs/cmake/export_turtlebot3_msgs__rosidl_typesupport_fastrtps_cExport.cmake
[20.741s] -- Installing: /home/zhihuili/RM_prac/install/turtlebot3_msgs/share/turtlebot3_msgs/cmake/export_turtlebot3_msgs__rosidl_typesupport_fastrtps_cExport-noconfig.cmake
[20.741s] -- Installing: /home/zhihuili/RM_prac/install/turtlebot3_msgs/share/turtlebot3_msgs/cmake/export_turtlebot3_msgs__rosidl_generator_cppExport.cmake
[20.741s] -- Installing: /home/zhihuili/RM_prac/install/turtlebot3_msgs/share/turtlebot3_msgs/cmake/export_turtlebot3_msgs__rosidl_typesupport_fastrtps_cppExport.cmake
[20.741s] -- Installing: /home/zhihuili/RM_prac/install/turtlebot3_msgs/share/turtlebot3_msgs/cmake/export_turtlebot3_msgs__rosidl_typesupport_fastrtps_cppExport-noconfig.cmake
[20.741s] -- Installing: /home/zhihuili/RM_prac/install/turtlebot3_msgs/share/turtlebot3_msgs/cmake/turtlebot3_msgs__rosidl_typesupport_introspection_cExport.cmake
[20.741s] -- Installing: /home/zhihuili/RM_prac/install/turtlebot3_msgs/share/turtlebot3_msgs/cmake/turtlebot3_msgs__rosidl_typesupport_introspection_cExport-noconfig.cmake
[20.741s] -- Installing: /home/zhihuili/RM_prac/install/turtlebot3_msgs/share/turtlebot3_msgs/cmake/turtlebot3_msgs__rosidl_typesupport_cExport.cmake
[20.742s] -- Installing: /home/zhihuili/RM_prac/install/turtlebot3_msgs/share/turtlebot3_msgs/cmake/turtlebot3_msgs__rosidl_typesupport_cExport-noconfig.cmake
[20.742s] -- Installing: /home/zhihuili/RM_prac/install/turtlebot3_msgs/share/turtlebot3_msgs/cmake/turtlebot3_msgs__rosidl_typesupport_introspection_cppExport.cmake
[20.742s] -- Installing: /home/zhihuili/RM_prac/install/turtlebot3_msgs/share/turtlebot3_msgs/cmake/turtlebot3_msgs__rosidl_typesupport_introspection_cppExport-noconfig.cmake
[20.742s] -- Installing: /home/zhihuili/RM_prac/install/turtlebot3_msgs/share/turtlebot3_msgs/cmake/turtlebot3_msgs__rosidl_typesupport_cppExport.cmake
[20.742s] -- Installing: /home/zhihuili/RM_prac/install/turtlebot3_msgs/share/turtlebot3_msgs/cmake/turtlebot3_msgs__rosidl_typesupport_cppExport-noconfig.cmake
[20.742s] -- Installing: /home/zhihuili/RM_prac/install/turtlebot3_msgs/share/turtlebot3_msgs/cmake/export_turtlebot3_msgs__rosidl_generator_pyExport.cmake
[20.742s] -- Installing: /home/zhihuili/RM_prac/install/turtlebot3_msgs/share/turtlebot3_msgs/cmake/export_turtlebot3_msgs__rosidl_generator_pyExport-noconfig.cmake
[20.749s] Invoked command in '/home/zhihuili/RM_prac/build/turtlebot3_msgs' returned '0': CMAKE_PREFIX_PATH=${CMAKE_PREFIX_PATH}:/home/zhihuili/RM_prac/install/turtlebot3_dqn:/opt/ros/humble /usr/bin/cmake --install /home/zhihuili/RM_prac/build/turtlebot3_msgs
