-- Found ament_cmake: 1.3.14 (/opt/ros/humble/share/ament_cmake/cmake)
-- Override CMake install command with custom implementation using symlinks instead of copying resources
-- Found rclcpp: 16.0.19 (/opt/ros/humble/share/rclcpp/cmake)
-- Found rosidl_generator_c: 3.1.8 (/opt/ros/humble/share/rosidl_generator_c/cmake)
-- Found rosidl_adapter: 3.1.8 (/opt/ros/humble/share/rosidl_adapter/cmake)
-- Found rosidl_generator_cpp: 3.1.8 (/opt/ros/humble/share/rosidl_generator_cpp/cmake)
-- Using all available rosidl_typesupport_c: rosidl_typesupport_fastrtps_c;rosidl_typesupport_introspection_c
-- Using all available rosidl_typesupport_cpp: rosidl_typesupport_fastrtps_cpp;rosidl_typesupport_introspection_cpp
-- Found rmw_implementation_cmake: 6.1.2 (/opt/ros/humble/share/rmw_implementation_cmake/cmake)
-- Found rmw_fastrtps_cpp: 6.2.10 (/opt/ros/humble/share/rmw_fastrtps_cpp/cmake)
-- Using RMW implementation 'rmw_fastrtps_cpp' as default
-- Found tf2: 0.25.20 (/opt/ros/humble/share/tf2/cmake)
-- Found tf2_geometry_msgs: 0.25.20 (/opt/ros/humble/share/tf2_geometry_msgs/cmake)
-- Found eigen3_cmake_module: 0.1.1 (/opt/ros/humble/share/eigen3_cmake_module/cmake)
-- Ensuring Eigen3 include directory is part of orocos-kdl CMake target
-- Found visualization_msgs: 4.9.1 (/opt/ros/humble/share/visualization_msgs/cmake)
-- Found nav_msgs: 4.9.1 (/opt/ros/humble/share/nav_msgs/cmake)
-- Found rosidl_default_generators: 1.2.1 (/opt/ros/humble/share/rosidl_default_generators/cmake)
-- Found ament_cmake_ros: 0.10.0 (/opt/ros/humble/share/ament_cmake_ros/cmake)
-- Using all available rosidl_typesupport_c: rosidl_typesupport_fastrtps_c;rosidl_typesupport_introspection_c
-- Using all available rosidl_typesupport_cpp: rosidl_typesupport_fastrtps_cpp;rosidl_typesupport_introspection_cpp
-- Found python_cmake_module: 0.10.0 (/opt/ros/humble/share/python_cmake_module/cmake)
-- Using PYTHON_EXECUTABLE: /usr/bin/python3
-- Using PYTHON_INCLUDE_DIRS: /usr/include/python3.10
-- Using PYTHON_LIBRARIES: /usr/lib/x86_64-linux-gnu/libpython3.10.so
-- Configuring done
-- Generating done
-- Build files have been written to: /home/zhihuili/RM_prac/build/kinematic_control_pkg
[35m[1mConsolidate compiler generated dependencies of target kinematic_control_pkg__rosidl_generator_c[0m
[  2%] Built target kinematic_control_pkg__rs
[  5%] Built target kinematic_control_pkg__cpp
[ 13%] Built target kinematic_control_pkg__rosidl_generator_c
[ 13%] Built target ament_cmake_python_symlink_kinematic_control_pkg
[35m[1mConsolidate compiler generated dependencies of target kinematic_control_pkg__rosidl_typesupport_cpp[0m
[35m[1mConsolidate compiler generated dependencies of target kinematic_control_pkg__rosidl_typesupport_fastrtps_cpp[0m
[35m[1mConsolidate compiler generated dependencies of target kinematic_control_pkg__rosidl_typesupport_introspection_c[0m
[35m[1mConsolidate compiler generated dependencies of target kinematic_control_pkg__rosidl_typesupport_fastrtps_c[0m
[35m[1mConsolidate compiler generated dependencies of target kinematic_control_pkg__rosidl_typesupport_introspection_cpp[0m
[35m[1mConsolidate compiler generated dependencies of target kinematic_control_pkg__rosidl_typesupport_c[0m
[ 22%] Built target kinematic_control_pkg__rosidl_typesupport_cpp
[ 30%] Built target kinematic_control_pkg__rosidl_typesupport_fastrtps_cpp
[ 38%] Built target kinematic_control_pkg__rosidl_typesupport_fastrtps_c
[ 47%] Built target kinematic_control_pkg__rosidl_typesupport_c
[ 55%] Built target kinematic_control_pkg__rosidl_typesupport_introspection_c
[ 63%] Built target kinematic_control_pkg__rosidl_typesupport_introspection_cpp
[35m[1mConsolidate compiler generated dependencies of target infinite_reference_node[0m
[35m[1mConsolidate compiler generated dependencies of target controller_odom[0m
[ 69%] Built target infinite_reference_node
[ 69%] Built target kinematic_control_pkg
[ 75%] Built target controller_odom
[ 77%] Built target kinematic_control_pkg__py
[35m[1mConsolidate compiler generated dependencies of target kinematic_control_pkg__rosidl_generator_py[0m
[ 83%] Built target kinematic_control_pkg__rosidl_generator_py
[35m[1mConsolidate compiler generated dependencies of target kinematic_control_pkg__rosidl_typesupport_introspection_c__pyext[0m
[35m[1mConsolidate compiler generated dependencies of target kinematic_control_pkg__rosidl_typesupport_fastrtps_c__pyext[0m
[35m[1mConsolidate compiler generated dependencies of target kinematic_control_pkg__rosidl_typesupport_c__pyext[0m
[100%] Built target kinematic_control_pkg__rosidl_typesupport_fastrtps_c__pyext
[100%] Built target kinematic_control_pkg__rosidl_typesupport_c__pyext
[100%] Built target kinematic_control_pkg__rosidl_typesupport_introspection_c__pyext
running egg_info
writing kinematic_control_pkg.egg-info/PKG-INFO
writing dependency_links to kinematic_control_pkg.egg-info/dependency_links.txt
writing top-level names to kinematic_control_pkg.egg-info/top_level.txt
reading manifest file 'kinematic_control_pkg.egg-info/SOURCES.txt'
writing manifest file 'kinematic_control_pkg.egg-info/SOURCES.txt'
[100%] Built target ament_cmake_python_build_kinematic_control_pkg_egg
-- Install configuration: ""
-- Execute custom install script
-- Up-to-date symlink: /home/zhihuili/RM_prac/install/kinematic_control_pkg/share/ament_index/resource_index/rosidl_interfaces/kinematic_control_pkg
-- Up-to-date symlink: /home/zhihuili/RM_prac/install/kinematic_control_pkg/include/kinematic_control_pkg/kinematic_control_pkg/msg/detail/reference__functions.h
-- Up-to-date symlink: /home/zhihuili/RM_prac/install/kinematic_control_pkg/include/kinematic_control_pkg/kinematic_control_pkg/msg/detail/reference__struct.h
-- Up-to-date symlink: /home/zhihuili/RM_prac/install/kinematic_control_pkg/include/kinematic_control_pkg/kinematic_control_pkg/msg/detail/reference__type_support.h
-- Up-to-date symlink: /home/zhihuili/RM_prac/install/kinematic_control_pkg/include/kinematic_control_pkg/kinematic_control_pkg/msg/reference.h
-- Up-to-date symlink: /home/zhihuili/RM_prac/install/kinematic_control_pkg/include/kinematic_control_pkg/kinematic_control_pkg/msg/rosidl_generator_c__visibility_control.h
-- Up-to-date symlink: /home/zhihuili/RM_prac/install/kinematic_control_pkg/share/kinematic_control_pkg/environment/library_path.sh
-- Up-to-date symlink: /home/zhihuili/RM_prac/install/kinematic_control_pkg/share/kinematic_control_pkg/environment/library_path.dsv
-- Up-to-date symlink: /home/zhihuili/RM_prac/install/kinematic_control_pkg/include/kinematic_control_pkg/kinematic_control_pkg/msg/detail/reference__rosidl_typesupport_fastrtps_c.h
-- Up-to-date symlink: /home/zhihuili/RM_prac/install/kinematic_control_pkg/include/kinematic_control_pkg/kinematic_control_pkg/msg/rosidl_typesupport_fastrtps_c__visibility_control.h
-- Up-to-date symlink: /home/zhihuili/RM_prac/install/kinematic_control_pkg/include/kinematic_control_pkg/kinematic_control_pkg/msg/detail/reference__builder.hpp
-- Up-to-date symlink: /home/zhihuili/RM_prac/install/kinematic_control_pkg/include/kinematic_control_pkg/kinematic_control_pkg/msg/detail/reference__struct.hpp
-- Up-to-date symlink: /home/zhihuili/RM_prac/install/kinematic_control_pkg/include/kinematic_control_pkg/kinematic_control_pkg/msg/detail/reference__traits.hpp
-- Up-to-date symlink: /home/zhihuili/RM_prac/install/kinematic_control_pkg/include/kinematic_control_pkg/kinematic_control_pkg/msg/detail/reference__type_support.hpp
-- Up-to-date symlink: /home/zhihuili/RM_prac/install/kinematic_control_pkg/include/kinematic_control_pkg/kinematic_control_pkg/msg/reference.hpp
-- Up-to-date symlink: /home/zhihuili/RM_prac/install/kinematic_control_pkg/include/kinematic_control_pkg/kinematic_control_pkg/msg/rosidl_generator_cpp__visibility_control.hpp
-- Up-to-date symlink: /home/zhihuili/RM_prac/install/kinematic_control_pkg/include/kinematic_control_pkg/kinematic_control_pkg/msg/detail/reference__rosidl_typesupport_fastrtps_cpp.hpp
-- Up-to-date symlink: /home/zhihuili/RM_prac/install/kinematic_control_pkg/include/kinematic_control_pkg/kinematic_control_pkg/msg/rosidl_typesupport_fastrtps_cpp__visibility_control.h
-- Up-to-date symlink: /home/zhihuili/RM_prac/install/kinematic_control_pkg/include/kinematic_control_pkg/kinematic_control_pkg/msg/detail/reference__rosidl_typesupport_introspection_c.h
-- Up-to-date symlink: /home/zhihuili/RM_prac/install/kinematic_control_pkg/include/kinematic_control_pkg/kinematic_control_pkg/msg/rosidl_typesupport_introspection_c__visibility_control.h
-- Up-to-date symlink: /home/zhihuili/RM_prac/install/kinematic_control_pkg/include/kinematic_control_pkg/kinematic_control_pkg/msg/detail/reference__rosidl_typesupport_introspection_cpp.hpp
-- Up-to-date symlink: /home/zhihuili/RM_prac/install/kinematic_control_pkg/share/kinematic_control_pkg/environment/pythonpath.sh
-- Up-to-date symlink: /home/zhihuili/RM_prac/install/kinematic_control_pkg/share/kinematic_control_pkg/environment/pythonpath.dsv
-- Up-to-date symlink: /home/zhihuili/RM_prac/install/kinematic_control_pkg/local/lib/python3.10/dist-packages/kinematic_control_pkg-0.0.0-py3.10.egg-info/PKG-INFO
-- Up-to-date symlink: /home/zhihuili/RM_prac/install/kinematic_control_pkg/local/lib/python3.10/dist-packages/kinematic_control_pkg-0.0.0-py3.10.egg-info/SOURCES.txt
-- Up-to-date symlink: /home/zhihuili/RM_prac/install/kinematic_control_pkg/local/lib/python3.10/dist-packages/kinematic_control_pkg-0.0.0-py3.10.egg-info/dependency_links.txt
-- Up-to-date symlink: /home/zhihuili/RM_prac/install/kinematic_control_pkg/local/lib/python3.10/dist-packages/kinematic_control_pkg-0.0.0-py3.10.egg-info/top_level.txt
-- Up-to-date symlink: /home/zhihuili/RM_prac/install/kinematic_control_pkg/local/lib/python3.10/dist-packages/kinematic_control_pkg/__init__.py
-- Up-to-date symlink: /home/zhihuili/RM_prac/install/kinematic_control_pkg/local/lib/python3.10/dist-packages/kinematic_control_pkg/_kinematic_control_pkg_s.ep.rosidl_typesupport_c.c
-- Up-to-date symlink: /home/zhihuili/RM_prac/install/kinematic_control_pkg/local/lib/python3.10/dist-packages/kinematic_control_pkg/_kinematic_control_pkg_s.ep.rosidl_typesupport_fastrtps_c.c
-- Up-to-date symlink: /home/zhihuili/RM_prac/install/kinematic_control_pkg/local/lib/python3.10/dist-packages/kinematic_control_pkg/_kinematic_control_pkg_s.ep.rosidl_typesupport_introspection_c.c
-- Up-to-date symlink: /home/zhihuili/RM_prac/install/kinematic_control_pkg/local/lib/python3.10/dist-packages/kinematic_control_pkg/kinematic_control_pkg_s__rosidl_typesupport_c.cpython-310-x86_64-linux-gnu.so
-- Up-to-date symlink: /home/zhihuili/RM_prac/install/kinematic_control_pkg/local/lib/python3.10/dist-packages/kinematic_control_pkg/kinematic_control_pkg_s__rosidl_typesupport_fastrtps_c.cpython-310-x86_64-linux-gnu.so
-- Up-to-date symlink: /home/zhihuili/RM_prac/install/kinematic_control_pkg/local/lib/python3.10/dist-packages/kinematic_control_pkg/kinematic_control_pkg_s__rosidl_typesupport_introspection_c.cpython-310-x86_64-linux-gnu.so
-- Up-to-date symlink: /home/zhihuili/RM_prac/install/kinematic_control_pkg/local/lib/python3.10/dist-packages/kinematic_control_pkg/libkinematic_control_pkg__rosidl_generator_py.so
-- Up-to-date symlink: /home/zhihuili/RM_prac/install/kinematic_control_pkg/local/lib/python3.10/dist-packages/kinematic_control_pkg/msg/__init__.py
-- Up-to-date symlink: /home/zhihuili/RM_prac/install/kinematic_control_pkg/local/lib/python3.10/dist-packages/kinematic_control_pkg/msg/_reference.py
-- Up-to-date symlink: /home/zhihuili/RM_prac/install/kinematic_control_pkg/local/lib/python3.10/dist-packages/kinematic_control_pkg/msg/_reference_s.c
-- Up-to-date symlink: /home/zhihuili/RM_prac/install/kinematic_control_pkg/local/lib/python3.10/dist-packages/kinematic_control_pkg/kinematic_control_pkg_s__rosidl_typesupport_fastrtps_c.cpython-310-x86_64-linux-gnu.so
-- Up-to-date symlink: /home/zhihuili/RM_prac/install/kinematic_control_pkg/local/lib/python3.10/dist-packages/kinematic_control_pkg/kinematic_control_pkg_s__rosidl_typesupport_introspection_c.cpython-310-x86_64-linux-gnu.so
-- Up-to-date symlink: /home/zhihuili/RM_prac/install/kinematic_control_pkg/local/lib/python3.10/dist-packages/kinematic_control_pkg/kinematic_control_pkg_s__rosidl_typesupport_c.cpython-310-x86_64-linux-gnu.so
-- Up-to-date symlink: /home/zhihuili/RM_prac/install/kinematic_control_pkg/share/ament_index/resource_index/rust_packages/kinematic_control_pkg
-- Up-to-date symlink: /home/zhihuili/RM_prac/install/kinematic_control_pkg/share/kinematic_control_pkg/rust/Cargo.toml
-- Up-to-date symlink: /home/zhihuili/RM_prac/install/kinematic_control_pkg/share/kinematic_control_pkg/rust/build.rs
-- Up-to-date symlink: /home/zhihuili/RM_prac/install/kinematic_control_pkg/share/kinematic_control_pkg/rust/src/lib.rs
-- Up-to-date symlink: /home/zhihuili/RM_prac/install/kinematic_control_pkg/share/kinematic_control_pkg/rust/src/msg.rs
-- Up-to-date symlink: /home/zhihuili/RM_prac/install/kinematic_control_pkg/share/kinematic_control_pkg/rust/src/msg/rmw.rs
-- Up-to-date symlink: /home/zhihuili/RM_prac/install/kinematic_control_pkg/share/kinematic_control_pkg/msg/Reference.idl
-- Up-to-date symlink: /home/zhihuili/RM_prac/install/kinematic_control_pkg/share/kinematic_control_pkg/msg/Reference.msg
-- Up-to-date symlink: /home/zhihuili/RM_prac/install/kinematic_control_pkg/lib/kinematic_control_pkg/controller_odom
-- Up-to-date symlink: /home/zhihuili/RM_prac/install/kinematic_control_pkg/lib/kinematic_control_pkg/infinite_reference_node
-- Up-to-date symlink: /home/zhihuili/RM_prac/install/kinematic_control_pkg/share/kinematic_control_pkg/msg/Reference.msg
-- Up-to-date symlink: /home/zhihuili/RM_prac/install/kinematic_control_pkg/share/kinematic_control_pkg/launch/kinematic_controller.launch.py
-- Up-to-date symlink: /home/zhihuili/RM_prac/install/kinematic_control_pkg/share/kinematic_control_pkg/launch/rviz2.launch.py
-- Up-to-date symlink: /home/zhihuili/RM_prac/install/kinematic_control_pkg/share/kinematic_control_pkg/rviz/tb3_rviz2.rviz
-- Up-to-date symlink: /home/zhihuili/RM_prac/install/kinematic_control_pkg/share/ament_index/resource_index/package_run_dependencies/kinematic_control_pkg
-- Up-to-date symlink: /home/zhihuili/RM_prac/install/kinematic_control_pkg/share/ament_index/resource_index/parent_prefix_path/kinematic_control_pkg
-- Up-to-date symlink: /home/zhihuili/RM_prac/install/kinematic_control_pkg/share/kinematic_control_pkg/environment/ament_prefix_path.sh
-- Up-to-date symlink: /home/zhihuili/RM_prac/install/kinematic_control_pkg/share/kinematic_control_pkg/environment/ament_prefix_path.dsv
-- Up-to-date symlink: /home/zhihuili/RM_prac/install/kinematic_control_pkg/share/kinematic_control_pkg/environment/path.sh
-- Up-to-date symlink: /home/zhihuili/RM_prac/install/kinematic_control_pkg/share/kinematic_control_pkg/environment/path.dsv
-- Up-to-date symlink: /home/zhihuili/RM_prac/install/kinematic_control_pkg/share/kinematic_control_pkg/local_setup.bash
-- Up-to-date symlink: /home/zhihuili/RM_prac/install/kinematic_control_pkg/share/kinematic_control_pkg/local_setup.sh
-- Up-to-date symlink: /home/zhihuili/RM_prac/install/kinematic_control_pkg/share/kinematic_control_pkg/local_setup.zsh
-- Up-to-date symlink: /home/zhihuili/RM_prac/install/kinematic_control_pkg/share/kinematic_control_pkg/local_setup.dsv
-- Symlinking: /home/zhihuili/RM_prac/install/kinematic_control_pkg/share/kinematic_control_pkg/package.dsv
-- Up-to-date symlink: /home/zhihuili/RM_prac/install/kinematic_control_pkg/share/ament_index/resource_index/packages/kinematic_control_pkg
-- Up-to-date symlink: /home/zhihuili/RM_prac/install/kinematic_control_pkg/share/kinematic_control_pkg/cmake/rosidl_cmake-extras.cmake
-- Up-to-date symlink: /home/zhihuili/RM_prac/install/kinematic_control_pkg/share/kinematic_control_pkg/cmake/ament_cmake_export_dependencies-extras.cmake
-- Up-to-date symlink: /home/zhihuili/RM_prac/install/kinematic_control_pkg/share/kinematic_control_pkg/cmake/ament_cmake_export_include_directories-extras.cmake
-- Up-to-date symlink: /home/zhihuili/RM_prac/install/kinematic_control_pkg/share/kinematic_control_pkg/cmake/ament_cmake_export_libraries-extras.cmake
-- Up-to-date symlink: /home/zhihuili/RM_prac/install/kinematic_control_pkg/share/kinematic_control_pkg/cmake/ament_cmake_export_targets-extras.cmake
-- Up-to-date symlink: /home/zhihuili/RM_prac/install/kinematic_control_pkg/share/kinematic_control_pkg/cmake/rosidl_cmake_export_typesupport_targets-extras.cmake
-- Up-to-date symlink: /home/zhihuili/RM_prac/install/kinematic_control_pkg/share/kinematic_control_pkg/cmake/rosidl_cmake_export_typesupport_libraries-extras.cmake
-- Up-to-date symlink: /home/zhihuili/RM_prac/install/kinematic_control_pkg/share/kinematic_control_pkg/cmake/kinematic_control_pkgConfig.cmake
-- Up-to-date symlink: /home/zhihuili/RM_prac/install/kinematic_control_pkg/share/kinematic_control_pkg/cmake/kinematic_control_pkgConfig-version.cmake
-- Up-to-date symlink: /home/zhihuili/RM_prac/install/kinematic_control_pkg/share/kinematic_control_pkg/package.xml
-- Up-to-date: /home/zhihuili/RM_prac/install/kinematic_control_pkg/lib/libkinematic_control_pkg__rosidl_generator_c.so
-- Up-to-date: /home/zhihuili/RM_prac/install/kinematic_control_pkg/lib/libkinematic_control_pkg__rosidl_typesupport_fastrtps_c.so
-- Up-to-date: /home/zhihuili/RM_prac/install/kinematic_control_pkg/lib/libkinematic_control_pkg__rosidl_typesupport_fastrtps_cpp.so
-- Up-to-date: /home/zhihuili/RM_prac/install/kinematic_control_pkg/lib/libkinematic_control_pkg__rosidl_typesupport_introspection_c.so
-- Up-to-date: /home/zhihuili/RM_prac/install/kinematic_control_pkg/lib/libkinematic_control_pkg__rosidl_typesupport_c.so
-- Up-to-date: /home/zhihuili/RM_prac/install/kinematic_control_pkg/lib/libkinematic_control_pkg__rosidl_typesupport_introspection_cpp.so
-- Up-to-date: /home/zhihuili/RM_prac/install/kinematic_control_pkg/lib/libkinematic_control_pkg__rosidl_typesupport_cpp.so
Listing '/home/zhihuili/RM_prac/install/kinematic_control_pkg/local/lib/python3.10/dist-packages/kinematic_control_pkg'...
Compiling '/home/zhihuili/RM_prac/install/kinematic_control_pkg/local/lib/python3.10/dist-packages/kinematic_control_pkg/__init__.py'...
Listing '/home/zhihuili/RM_prac/install/kinematic_control_pkg/local/lib/python3.10/dist-packages/kinematic_control_pkg/msg'...
-- Up-to-date: /home/zhihuili/RM_prac/install/kinematic_control_pkg/lib/libkinematic_control_pkg__rosidl_generator_py.so
-- Up-to-date: /home/zhihuili/RM_prac/install/kinematic_control_pkg/share/kinematic_control_pkg/cmake/export_kinematic_control_pkg__rosidl_generator_cExport.cmake
-- Up-to-date: /home/zhihuili/RM_prac/install/kinematic_control_pkg/share/kinematic_control_pkg/cmake/export_kinematic_control_pkg__rosidl_generator_cExport-noconfig.cmake
-- Up-to-date: /home/zhihuili/RM_prac/install/kinematic_control_pkg/share/kinematic_control_pkg/cmake/export_kinematic_control_pkg__rosidl_typesupport_fastrtps_cExport.cmake
-- Up-to-date: /home/zhihuili/RM_prac/install/kinematic_control_pkg/share/kinematic_control_pkg/cmake/export_kinematic_control_pkg__rosidl_typesupport_fastrtps_cExport-noconfig.cmake
-- Up-to-date: /home/zhihuili/RM_prac/install/kinematic_control_pkg/share/kinematic_control_pkg/cmake/export_kinematic_control_pkg__rosidl_generator_cppExport.cmake
-- Up-to-date: /home/zhihuili/RM_prac/install/kinematic_control_pkg/share/kinematic_control_pkg/cmake/export_kinematic_control_pkg__rosidl_typesupport_fastrtps_cppExport.cmake
-- Up-to-date: /home/zhihuili/RM_prac/install/kinematic_control_pkg/share/kinematic_control_pkg/cmake/export_kinematic_control_pkg__rosidl_typesupport_fastrtps_cppExport-noconfig.cmake
-- Up-to-date: /home/zhihuili/RM_prac/install/kinematic_control_pkg/share/kinematic_control_pkg/cmake/kinematic_control_pkg__rosidl_typesupport_introspection_cExport.cmake
-- Up-to-date: /home/zhihuili/RM_prac/install/kinematic_control_pkg/share/kinematic_control_pkg/cmake/kinematic_control_pkg__rosidl_typesupport_introspection_cExport-noconfig.cmake
-- Up-to-date: /home/zhihuili/RM_prac/install/kinematic_control_pkg/share/kinematic_control_pkg/cmake/kinematic_control_pkg__rosidl_typesupport_cExport.cmake
-- Up-to-date: /home/zhihuili/RM_prac/install/kinematic_control_pkg/share/kinematic_control_pkg/cmake/kinematic_control_pkg__rosidl_typesupport_cExport-noconfig.cmake
-- Up-to-date: /home/zhihuili/RM_prac/install/kinematic_control_pkg/share/kinematic_control_pkg/cmake/kinematic_control_pkg__rosidl_typesupport_introspection_cppExport.cmake
-- Up-to-date: /home/zhihuili/RM_prac/install/kinematic_control_pkg/share/kinematic_control_pkg/cmake/kinematic_control_pkg__rosidl_typesupport_introspection_cppExport-noconfig.cmake
-- Up-to-date: /home/zhihuili/RM_prac/install/kinematic_control_pkg/share/kinematic_control_pkg/cmake/kinematic_control_pkg__rosidl_typesupport_cppExport.cmake
-- Up-to-date: /home/zhihuili/RM_prac/install/kinematic_control_pkg/share/kinematic_control_pkg/cmake/kinematic_control_pkg__rosidl_typesupport_cppExport-noconfig.cmake
-- Up-to-date: /home/zhihuili/RM_prac/install/kinematic_control_pkg/share/kinematic_control_pkg/cmake/export_kinematic_control_pkg__rosidl_generator_pyExport.cmake
-- Up-to-date: /home/zhihuili/RM_prac/install/kinematic_control_pkg/share/kinematic_control_pkg/cmake/export_kinematic_control_pkg__rosidl_generator_pyExport-noconfig.cmake
