[0.065s] Invoking command in '/home/zhihuili/RM_prac/build/kinematic_control_pkg': CMAKE_PREFIX_PATH=${CMAKE_PREFIX_PATH}:/home/zhihuili/RM_prac/install/turtlebot3_dqn:/opt/ros/humble /usr/bin/cmake /home/zhihuili/RM_prac/src/kinematic_control_pkg -DCMAKE_INSTALL_PREFIX=/home/zhihuili/RM_prac/install/kinematic_control_pkg
[0.106s] -- Found ament_cmake: 1.3.14 (/opt/ros/humble/share/ament_cmake/cmake)
[0.215s] -- Override CMake install command with custom implementation using symlinks instead of copying resources
[0.220s] -- Found rclcpp: 16.0.19 (/opt/ros/humble/share/rclcpp/cmake)
[0.263s] -- Found rosidl_generator_c: 3.1.8 (/opt/ros/humble/share/rosidl_generator_c/cmake)
[0.264s] -- Found rosidl_adapter: 3.1.8 (/opt/ros/humble/share/rosidl_adapter/cmake)
[0.269s] -- Found rosidl_generator_cpp: 3.1.8 (/opt/ros/humble/share/rosidl_generator_cpp/cmake)
[0.284s] -- Using all available rosidl_typesupport_c: rosidl_typesupport_fastrtps_c;rosidl_typesupport_introspection_c
[0.289s] -- Using all available rosidl_typesupport_cpp: rosidl_typesupport_fastrtps_cpp;rosidl_typesupport_introspection_cpp
[0.325s] -- Found rmw_implementation_cmake: 6.1.2 (/opt/ros/humble/share/rmw_implementation_cmake/cmake)
[0.329s] -- Found rmw_fastrtps_cpp: 6.2.10 (/opt/ros/humble/share/rmw_fastrtps_cpp/cmake)
[0.460s] -- Using RMW implementation 'rmw_fastrtps_cpp' as default
[0.492s] -- Found tf2: 0.25.20 (/opt/ros/humble/share/tf2/cmake)
[0.502s] -- Found tf2_geometry_msgs: 0.25.20 (/opt/ros/humble/share/tf2_geometry_msgs/cmake)
[0.505s] -- Found eigen3_cmake_module: 0.1.1 (/opt/ros/humble/share/eigen3_cmake_module/cmake)
[0.506s] -- Ensuring Eigen3 include directory is part of orocos-kdl CMake target
[0.556s] -- Found visualization_msgs: 4.9.1 (/opt/ros/humble/share/visualization_msgs/cmake)
[0.578s] -- Found nav_msgs: 4.9.1 (/opt/ros/humble/share/nav_msgs/cmake)
[0.586s] -- Found rosidl_default_generators: 1.2.1 (/opt/ros/humble/share/rosidl_default_generators/cmake)
[0.852s] -- Found ament_cmake_ros: 0.10.0 (/opt/ros/humble/share/ament_cmake_ros/cmake)
[1.199s] -- Using all available rosidl_typesupport_c: rosidl_typesupport_fastrtps_c;rosidl_typesupport_introspection_c
[1.353s] -- Using all available rosidl_typesupport_cpp: rosidl_typesupport_fastrtps_cpp;rosidl_typesupport_introspection_cpp
[1.371s] -- Found python_cmake_module: 0.10.0 (/opt/ros/humble/share/python_cmake_module/cmake)
[1.392s] -- Using PYTHON_EXECUTABLE: /usr/bin/python3
[1.392s] -- Using PYTHON_INCLUDE_DIRS: /usr/include/python3.10
[1.392s] -- Using PYTHON_LIBRARIES: /usr/lib/x86_64-linux-gnu/libpython3.10.so
[1.515s] -- Configuring done
[1.552s] -- Generating done
[1.557s] -- Build files have been written to: /home/zhihuili/RM_prac/build/kinematic_control_pkg
[1.569s] Invoked command in '/home/zhihuili/RM_prac/build/kinematic_control_pkg' returned '0': CMAKE_PREFIX_PATH=${CMAKE_PREFIX_PATH}:/home/zhihuili/RM_prac/install/turtlebot3_dqn:/opt/ros/humble /usr/bin/cmake /home/zhihuili/RM_prac/src/kinematic_control_pkg -DCMAKE_INSTALL_PREFIX=/home/zhihuili/RM_prac/install/kinematic_control_pkg
[1.571s] Invoking command in '/home/zhihuili/RM_prac/build/kinematic_control_pkg': CMAKE_PREFIX_PATH=${CMAKE_PREFIX_PATH}:/home/zhihuili/RM_prac/install/turtlebot3_dqn:/opt/ros/humble /usr/bin/cmake --build /home/zhihuili/RM_prac/build/kinematic_control_pkg -- -j14 -l14
[1.612s] [35m[1mConsolidate compiler generated dependencies of target kinematic_control_pkg__rosidl_generator_c[0m
[1.619s] [  2%] Built target kinematic_control_pkg__rs
[1.620s] [  5%] Built target kinematic_control_pkg__cpp
[1.621s] [ 13%] Built target kinematic_control_pkg__rosidl_generator_c
[1.627s] [ 13%] Built target ament_cmake_python_symlink_kinematic_control_pkg
[1.631s] [35m[1mConsolidate compiler generated dependencies of target kinematic_control_pkg__rosidl_typesupport_cpp[0m
[1.634s] [35m[1mConsolidate compiler generated dependencies of target kinematic_control_pkg__rosidl_typesupport_fastrtps_cpp[0m
[1.636s] [35m[1mConsolidate compiler generated dependencies of target kinematic_control_pkg__rosidl_typesupport_introspection_c[0m
[1.636s] [35m[1mConsolidate compiler generated dependencies of target kinematic_control_pkg__rosidl_typesupport_fastrtps_c[0m
[1.636s] [35m[1mConsolidate compiler generated dependencies of target kinematic_control_pkg__rosidl_typesupport_introspection_cpp[0m
[1.637s] [35m[1mConsolidate compiler generated dependencies of target kinematic_control_pkg__rosidl_typesupport_c[0m
[1.641s] [ 22%] Built target kinematic_control_pkg__rosidl_typesupport_cpp
[1.643s] [ 30%] Built target kinematic_control_pkg__rosidl_typesupport_fastrtps_cpp
[1.647s] [ 38%] Built target kinematic_control_pkg__rosidl_typesupport_fastrtps_c
[1.649s] [ 47%] Built target kinematic_control_pkg__rosidl_typesupport_c
[1.649s] [ 55%] Built target kinematic_control_pkg__rosidl_typesupport_introspection_c
[1.650s] [ 63%] Built target kinematic_control_pkg__rosidl_typesupport_introspection_cpp
[1.650s] [35m[1mConsolidate compiler generated dependencies of target infinite_reference_node[0m
[1.656s] [35m[1mConsolidate compiler generated dependencies of target controller_odom[0m
[1.664s] [ 69%] Built target infinite_reference_node
[1.664s] [ 69%] Built target kinematic_control_pkg
[1.673s] [ 75%] Built target controller_odom
[1.680s] [ 77%] Built target kinematic_control_pkg__py
[1.689s] [35m[1mConsolidate compiler generated dependencies of target kinematic_control_pkg__rosidl_generator_py[0m
[1.701s] [ 83%] Built target kinematic_control_pkg__rosidl_generator_py
[1.710s] [35m[1mConsolidate compiler generated dependencies of target kinematic_control_pkg__rosidl_typesupport_introspection_c__pyext[0m
[1.710s] [35m[1mConsolidate compiler generated dependencies of target kinematic_control_pkg__rosidl_typesupport_fastrtps_c__pyext[0m
[1.712s] [35m[1mConsolidate compiler generated dependencies of target kinematic_control_pkg__rosidl_typesupport_c__pyext[0m
[1.721s] [100%] Built target kinematic_control_pkg__rosidl_typesupport_fastrtps_c__pyext
[1.721s] [100%] Built target kinematic_control_pkg__rosidl_typesupport_c__pyext
[1.721s] [100%] Built target kinematic_control_pkg__rosidl_typesupport_introspection_c__pyext
[1.758s] running egg_info
[1.759s] writing kinematic_control_pkg.egg-info/PKG-INFO
[1.759s] writing dependency_links to kinematic_control_pkg.egg-info/dependency_links.txt
[1.759s] writing top-level names to kinematic_control_pkg.egg-info/top_level.txt
[1.760s] reading manifest file 'kinematic_control_pkg.egg-info/SOURCES.txt'
[1.761s] writing manifest file 'kinematic_control_pkg.egg-info/SOURCES.txt'
[1.795s] [100%] Built target ament_cmake_python_build_kinematic_control_pkg_egg
[1.921s] Invoked command in '/home/zhihuili/RM_prac/build/kinematic_control_pkg' returned '0': CMAKE_PREFIX_PATH=${CMAKE_PREFIX_PATH}:/home/zhihuili/RM_prac/install/turtlebot3_dqn:/opt/ros/humble /usr/bin/cmake --build /home/zhihuili/RM_prac/build/kinematic_control_pkg -- -j14 -l14
[1.925s] Invoking command in '/home/zhihuili/RM_prac/build/kinematic_control_pkg': CMAKE_PREFIX_PATH=${CMAKE_PREFIX_PATH}:/home/zhihuili/RM_prac/install/turtlebot3_dqn:/opt/ros/humble /usr/bin/cmake --install /home/zhihuili/RM_prac/build/kinematic_control_pkg
[1.935s] -- Install configuration: ""
[1.936s] -- Execute custom install script
[1.936s] -- Up-to-date symlink: /home/zhihuili/RM_prac/install/kinematic_control_pkg/share/ament_index/resource_index/rosidl_interfaces/kinematic_control_pkg
[1.937s] -- Up-to-date symlink: /home/zhihuili/RM_prac/install/kinematic_control_pkg/include/kinematic_control_pkg/kinematic_control_pkg/msg/detail/reference__functions.h
[1.937s] -- Up-to-date symlink: /home/zhihuili/RM_prac/install/kinematic_control_pkg/include/kinematic_control_pkg/kinematic_control_pkg/msg/detail/reference__struct.h
[1.937s] -- Up-to-date symlink: /home/zhihuili/RM_prac/install/kinematic_control_pkg/include/kinematic_control_pkg/kinematic_control_pkg/msg/detail/reference__type_support.h
[1.937s] -- Up-to-date symlink: /home/zhihuili/RM_prac/install/kinematic_control_pkg/include/kinematic_control_pkg/kinematic_control_pkg/msg/reference.h
[1.937s] -- Up-to-date symlink: /home/zhihuili/RM_prac/install/kinematic_control_pkg/include/kinematic_control_pkg/kinematic_control_pkg/msg/rosidl_generator_c__visibility_control.h
[1.937s] -- Up-to-date symlink: /home/zhihuili/RM_prac/install/kinematic_control_pkg/share/kinematic_control_pkg/environment/library_path.sh
[1.937s] -- Up-to-date symlink: /home/zhihuili/RM_prac/install/kinematic_control_pkg/share/kinematic_control_pkg/environment/library_path.dsv
[1.937s] -- Up-to-date symlink: /home/zhihuili/RM_prac/install/kinematic_control_pkg/include/kinematic_control_pkg/kinematic_control_pkg/msg/detail/reference__rosidl_typesupport_fastrtps_c.h
[1.937s] -- Up-to-date symlink: /home/zhihuili/RM_prac/install/kinematic_control_pkg/include/kinematic_control_pkg/kinematic_control_pkg/msg/rosidl_typesupport_fastrtps_c__visibility_control.h
[1.937s] -- Up-to-date symlink: /home/zhihuili/RM_prac/install/kinematic_control_pkg/include/kinematic_control_pkg/kinematic_control_pkg/msg/detail/reference__builder.hpp
[1.937s] -- Up-to-date symlink: /home/zhihuili/RM_prac/install/kinematic_control_pkg/include/kinematic_control_pkg/kinematic_control_pkg/msg/detail/reference__struct.hpp
[1.937s] -- Up-to-date symlink: /home/zhihuili/RM_prac/install/kinematic_control_pkg/include/kinematic_control_pkg/kinematic_control_pkg/msg/detail/reference__traits.hpp
[1.937s] -- Up-to-date symlink: /home/zhihuili/RM_prac/install/kinematic_control_pkg/include/kinematic_control_pkg/kinematic_control_pkg/msg/detail/reference__type_support.hpp
[1.937s] -- Up-to-date symlink: /home/zhihuili/RM_prac/install/kinematic_control_pkg/include/kinematic_control_pkg/kinematic_control_pkg/msg/reference.hpp
[1.937s] -- Up-to-date symlink: /home/zhihuili/RM_prac/install/kinematic_control_pkg/include/kinematic_control_pkg/kinematic_control_pkg/msg/rosidl_generator_cpp__visibility_control.hpp
[1.937s] -- Up-to-date symlink: /home/zhihuili/RM_prac/install/kinematic_control_pkg/include/kinematic_control_pkg/kinematic_control_pkg/msg/detail/reference__rosidl_typesupport_fastrtps_cpp.hpp
[1.938s] -- Up-to-date symlink: /home/zhihuili/RM_prac/install/kinematic_control_pkg/include/kinematic_control_pkg/kinematic_control_pkg/msg/rosidl_typesupport_fastrtps_cpp__visibility_control.h
[1.938s] -- Up-to-date symlink: /home/zhihuili/RM_prac/install/kinematic_control_pkg/include/kinematic_control_pkg/kinematic_control_pkg/msg/detail/reference__rosidl_typesupport_introspection_c.h
[1.938s] -- Up-to-date symlink: /home/zhihuili/RM_prac/install/kinematic_control_pkg/include/kinematic_control_pkg/kinematic_control_pkg/msg/rosidl_typesupport_introspection_c__visibility_control.h
[1.938s] -- Up-to-date symlink: /home/zhihuili/RM_prac/install/kinematic_control_pkg/include/kinematic_control_pkg/kinematic_control_pkg/msg/detail/reference__rosidl_typesupport_introspection_cpp.hpp
[1.938s] -- Up-to-date symlink: /home/zhihuili/RM_prac/install/kinematic_control_pkg/share/kinematic_control_pkg/environment/pythonpath.sh
[1.939s] -- Up-to-date symlink: /home/zhihuili/RM_prac/install/kinematic_control_pkg/share/kinematic_control_pkg/environment/pythonpath.dsv
[1.939s] -- Up-to-date symlink: /home/zhihuili/RM_prac/install/kinematic_control_pkg/local/lib/python3.10/dist-packages/kinematic_control_pkg-0.0.0-py3.10.egg-info/PKG-INFO
[1.939s] -- Up-to-date symlink: /home/zhihuili/RM_prac/install/kinematic_control_pkg/local/lib/python3.10/dist-packages/kinematic_control_pkg-0.0.0-py3.10.egg-info/SOURCES.txt
[1.939s] -- Up-to-date symlink: /home/zhihuili/RM_prac/install/kinematic_control_pkg/local/lib/python3.10/dist-packages/kinematic_control_pkg-0.0.0-py3.10.egg-info/dependency_links.txt
[1.939s] -- Up-to-date symlink: /home/zhihuili/RM_prac/install/kinematic_control_pkg/local/lib/python3.10/dist-packages/kinematic_control_pkg-0.0.0-py3.10.egg-info/top_level.txt
[1.939s] -- Up-to-date symlink: /home/zhihuili/RM_prac/install/kinematic_control_pkg/local/lib/python3.10/dist-packages/kinematic_control_pkg/__init__.py
[1.939s] -- Up-to-date symlink: /home/zhihuili/RM_prac/install/kinematic_control_pkg/local/lib/python3.10/dist-packages/kinematic_control_pkg/_kinematic_control_pkg_s.ep.rosidl_typesupport_c.c
[1.939s] -- Up-to-date symlink: /home/zhihuili/RM_prac/install/kinematic_control_pkg/local/lib/python3.10/dist-packages/kinematic_control_pkg/_kinematic_control_pkg_s.ep.rosidl_typesupport_fastrtps_c.c
[1.939s] -- Up-to-date symlink: /home/zhihuili/RM_prac/install/kinematic_control_pkg/local/lib/python3.10/dist-packages/kinematic_control_pkg/_kinematic_control_pkg_s.ep.rosidl_typesupport_introspection_c.c
[1.939s] -- Up-to-date symlink: /home/zhihuili/RM_prac/install/kinematic_control_pkg/local/lib/python3.10/dist-packages/kinematic_control_pkg/kinematic_control_pkg_s__rosidl_typesupport_c.cpython-310-x86_64-linux-gnu.so
[1.939s] -- Up-to-date symlink: /home/zhihuili/RM_prac/install/kinematic_control_pkg/local/lib/python3.10/dist-packages/kinematic_control_pkg/kinematic_control_pkg_s__rosidl_typesupport_fastrtps_c.cpython-310-x86_64-linux-gnu.so
[1.939s] -- Up-to-date symlink: /home/zhihuili/RM_prac/install/kinematic_control_pkg/local/lib/python3.10/dist-packages/kinematic_control_pkg/kinematic_control_pkg_s__rosidl_typesupport_introspection_c.cpython-310-x86_64-linux-gnu.so
[1.939s] -- Up-to-date symlink: /home/zhihuili/RM_prac/install/kinematic_control_pkg/local/lib/python3.10/dist-packages/kinematic_control_pkg/libkinematic_control_pkg__rosidl_generator_py.so
[1.939s] -- Up-to-date symlink: /home/zhihuili/RM_prac/install/kinematic_control_pkg/local/lib/python3.10/dist-packages/kinematic_control_pkg/msg/__init__.py
[1.939s] -- Up-to-date symlink: /home/zhihuili/RM_prac/install/kinematic_control_pkg/local/lib/python3.10/dist-packages/kinematic_control_pkg/msg/_reference.py
[1.939s] -- Up-to-date symlink: /home/zhihuili/RM_prac/install/kinematic_control_pkg/local/lib/python3.10/dist-packages/kinematic_control_pkg/msg/_reference_s.c
[1.939s] -- Up-to-date symlink: /home/zhihuili/RM_prac/install/kinematic_control_pkg/local/lib/python3.10/dist-packages/kinematic_control_pkg/kinematic_control_pkg_s__rosidl_typesupport_fastrtps_c.cpython-310-x86_64-linux-gnu.so
[1.939s] -- Up-to-date symlink: /home/zhihuili/RM_prac/install/kinematic_control_pkg/local/lib/python3.10/dist-packages/kinematic_control_pkg/kinematic_control_pkg_s__rosidl_typesupport_introspection_c.cpython-310-x86_64-linux-gnu.so
[1.940s] -- Up-to-date symlink: /home/zhihuili/RM_prac/install/kinematic_control_pkg/local/lib/python3.10/dist-packages/kinematic_control_pkg/kinematic_control_pkg_s__rosidl_typesupport_c.cpython-310-x86_64-linux-gnu.so
[1.942s] -- Up-to-date symlink: /home/zhihuili/RM_prac/install/kinematic_control_pkg/share/ament_index/resource_index/rust_packages/kinematic_control_pkg
[1.942s] -- Up-to-date symlink: /home/zhihuili/RM_prac/install/kinematic_control_pkg/share/kinematic_control_pkg/rust/Cargo.toml
[1.942s] -- Up-to-date symlink: /home/zhihuili/RM_prac/install/kinematic_control_pkg/share/kinematic_control_pkg/rust/build.rs
[1.942s] -- Up-to-date symlink: /home/zhihuili/RM_prac/install/kinematic_control_pkg/share/kinematic_control_pkg/rust/src/lib.rs
[1.942s] -- Up-to-date symlink: /home/zhihuili/RM_prac/install/kinematic_control_pkg/share/kinematic_control_pkg/rust/src/msg.rs
[1.942s] -- Up-to-date symlink: /home/zhihuili/RM_prac/install/kinematic_control_pkg/share/kinematic_control_pkg/rust/src/msg/rmw.rs
[1.942s] -- Up-to-date symlink: /home/zhihuili/RM_prac/install/kinematic_control_pkg/share/kinematic_control_pkg/msg/Reference.idl
[1.942s] -- Up-to-date symlink: /home/zhihuili/RM_prac/install/kinematic_control_pkg/share/kinematic_control_pkg/msg/Reference.msg
[1.942s] -- Up-to-date symlink: /home/zhihuili/RM_prac/install/kinematic_control_pkg/lib/kinematic_control_pkg/controller_odom
[1.943s] -- Up-to-date symlink: /home/zhihuili/RM_prac/install/kinematic_control_pkg/lib/kinematic_control_pkg/infinite_reference_node
[1.943s] -- Up-to-date symlink: /home/zhihuili/RM_prac/install/kinematic_control_pkg/share/kinematic_control_pkg/msg/Reference.msg
[1.943s] -- Up-to-date symlink: /home/zhihuili/RM_prac/install/kinematic_control_pkg/share/kinematic_control_pkg/launch/kinematic_controller.launch.py
[1.943s] -- Up-to-date symlink: /home/zhihuili/RM_prac/install/kinematic_control_pkg/share/kinematic_control_pkg/launch/rviz2.launch.py
[1.943s] -- Up-to-date symlink: /home/zhihuili/RM_prac/install/kinematic_control_pkg/share/kinematic_control_pkg/rviz/tb3_rviz2.rviz
[1.943s] -- Up-to-date symlink: /home/zhihuili/RM_prac/install/kinematic_control_pkg/share/ament_index/resource_index/package_run_dependencies/kinematic_control_pkg
[1.943s] -- Up-to-date symlink: /home/zhihuili/RM_prac/install/kinematic_control_pkg/share/ament_index/resource_index/parent_prefix_path/kinematic_control_pkg
[1.943s] -- Up-to-date symlink: /home/zhihuili/RM_prac/install/kinematic_control_pkg/share/kinematic_control_pkg/environment/ament_prefix_path.sh
[1.944s] -- Up-to-date symlink: /home/zhihuili/RM_prac/install/kinematic_control_pkg/share/kinematic_control_pkg/environment/ament_prefix_path.dsv
[1.944s] -- Up-to-date symlink: /home/zhihuili/RM_prac/install/kinematic_control_pkg/share/kinematic_control_pkg/environment/path.sh
[1.944s] -- Up-to-date symlink: /home/zhihuili/RM_prac/install/kinematic_control_pkg/share/kinematic_control_pkg/environment/path.dsv
[1.944s] -- Up-to-date symlink: /home/zhihuili/RM_prac/install/kinematic_control_pkg/share/kinematic_control_pkg/local_setup.bash
[1.944s] -- Up-to-date symlink: /home/zhihuili/RM_prac/install/kinematic_control_pkg/share/kinematic_control_pkg/local_setup.sh
[1.944s] -- Up-to-date symlink: /home/zhihuili/RM_prac/install/kinematic_control_pkg/share/kinematic_control_pkg/local_setup.zsh
[1.944s] -- Up-to-date symlink: /home/zhihuili/RM_prac/install/kinematic_control_pkg/share/kinematic_control_pkg/local_setup.dsv
[1.944s] -- Symlinking: /home/zhihuili/RM_prac/install/kinematic_control_pkg/share/kinematic_control_pkg/package.dsv
[1.951s] -- Up-to-date symlink: /home/zhihuili/RM_prac/install/kinematic_control_pkg/share/ament_index/resource_index/packages/kinematic_control_pkg
[1.951s] -- Up-to-date symlink: /home/zhihuili/RM_prac/install/kinematic_control_pkg/share/kinematic_control_pkg/cmake/rosidl_cmake-extras.cmake
[1.951s] -- Up-to-date symlink: /home/zhihuili/RM_prac/install/kinematic_control_pkg/share/kinematic_control_pkg/cmake/ament_cmake_export_dependencies-extras.cmake
[1.951s] -- Up-to-date symlink: /home/zhihuili/RM_prac/install/kinematic_control_pkg/share/kinematic_control_pkg/cmake/ament_cmake_export_include_directories-extras.cmake
[1.951s] -- Up-to-date symlink: /home/zhihuili/RM_prac/install/kinematic_control_pkg/share/kinematic_control_pkg/cmake/ament_cmake_export_libraries-extras.cmake
[1.951s] -- Up-to-date symlink: /home/zhihuili/RM_prac/install/kinematic_control_pkg/share/kinematic_control_pkg/cmake/ament_cmake_export_targets-extras.cmake
[1.952s] -- Up-to-date symlink: /home/zhihuili/RM_prac/install/kinematic_control_pkg/share/kinematic_control_pkg/cmake/rosidl_cmake_export_typesupport_targets-extras.cmake
[1.952s] -- Up-to-date symlink: /home/zhihuili/RM_prac/install/kinematic_control_pkg/share/kinematic_control_pkg/cmake/rosidl_cmake_export_typesupport_libraries-extras.cmake
[1.952s] -- Up-to-date symlink: /home/zhihuili/RM_prac/install/kinematic_control_pkg/share/kinematic_control_pkg/cmake/kinematic_control_pkgConfig.cmake
[1.952s] -- Up-to-date symlink: /home/zhihuili/RM_prac/install/kinematic_control_pkg/share/kinematic_control_pkg/cmake/kinematic_control_pkgConfig-version.cmake
[1.952s] -- Up-to-date symlink: /home/zhihuili/RM_prac/install/kinematic_control_pkg/share/kinematic_control_pkg/package.xml
[1.952s] -- Up-to-date: /home/zhihuili/RM_prac/install/kinematic_control_pkg/lib/libkinematic_control_pkg__rosidl_generator_c.so
[1.952s] -- Up-to-date: /home/zhihuili/RM_prac/install/kinematic_control_pkg/lib/libkinematic_control_pkg__rosidl_typesupport_fastrtps_c.so
[1.952s] -- Up-to-date: /home/zhihuili/RM_prac/install/kinematic_control_pkg/lib/libkinematic_control_pkg__rosidl_typesupport_fastrtps_cpp.so
[1.953s] -- Up-to-date: /home/zhihuili/RM_prac/install/kinematic_control_pkg/lib/libkinematic_control_pkg__rosidl_typesupport_introspection_c.so
[1.953s] -- Up-to-date: /home/zhihuili/RM_prac/install/kinematic_control_pkg/lib/libkinematic_control_pkg__rosidl_typesupport_c.so
[1.953s] -- Up-to-date: /home/zhihuili/RM_prac/install/kinematic_control_pkg/lib/libkinematic_control_pkg__rosidl_typesupport_introspection_cpp.so
[1.953s] -- Up-to-date: /home/zhihuili/RM_prac/install/kinematic_control_pkg/lib/libkinematic_control_pkg__rosidl_typesupport_cpp.so
[1.982s] Listing '/home/zhihuili/RM_prac/install/kinematic_control_pkg/local/lib/python3.10/dist-packages/kinematic_control_pkg'...
[1.982s] Compiling '/home/zhihuili/RM_prac/install/kinematic_control_pkg/local/lib/python3.10/dist-packages/kinematic_control_pkg/__init__.py'...
[1.982s] Listing '/home/zhihuili/RM_prac/install/kinematic_control_pkg/local/lib/python3.10/dist-packages/kinematic_control_pkg/msg'...
[1.987s] -- Up-to-date: /home/zhihuili/RM_prac/install/kinematic_control_pkg/lib/libkinematic_control_pkg__rosidl_generator_py.so
[1.987s] -- Up-to-date: /home/zhihuili/RM_prac/install/kinematic_control_pkg/share/kinematic_control_pkg/cmake/export_kinematic_control_pkg__rosidl_generator_cExport.cmake
[1.988s] -- Up-to-date: /home/zhihuili/RM_prac/install/kinematic_control_pkg/share/kinematic_control_pkg/cmake/export_kinematic_control_pkg__rosidl_generator_cExport-noconfig.cmake
[1.988s] -- Up-to-date: /home/zhihuili/RM_prac/install/kinematic_control_pkg/share/kinematic_control_pkg/cmake/export_kinematic_control_pkg__rosidl_typesupport_fastrtps_cExport.cmake
[1.988s] -- Up-to-date: /home/zhihuili/RM_prac/install/kinematic_control_pkg/share/kinematic_control_pkg/cmake/export_kinematic_control_pkg__rosidl_typesupport_fastrtps_cExport-noconfig.cmake
[1.988s] -- Up-to-date: /home/zhihuili/RM_prac/install/kinematic_control_pkg/share/kinematic_control_pkg/cmake/export_kinematic_control_pkg__rosidl_generator_cppExport.cmake
[1.988s] -- Up-to-date: /home/zhihuili/RM_prac/install/kinematic_control_pkg/share/kinematic_control_pkg/cmake/export_kinematic_control_pkg__rosidl_typesupport_fastrtps_cppExport.cmake
[1.988s] -- Up-to-date: /home/zhihuili/RM_prac/install/kinematic_control_pkg/share/kinematic_control_pkg/cmake/export_kinematic_control_pkg__rosidl_typesupport_fastrtps_cppExport-noconfig.cmake
[1.988s] -- Up-to-date: /home/zhihuili/RM_prac/install/kinematic_control_pkg/share/kinematic_control_pkg/cmake/kinematic_control_pkg__rosidl_typesupport_introspection_cExport.cmake
[1.988s] -- Up-to-date: /home/zhihuili/RM_prac/install/kinematic_control_pkg/share/kinematic_control_pkg/cmake/kinematic_control_pkg__rosidl_typesupport_introspection_cExport-noconfig.cmake
[1.988s] -- Up-to-date: /home/zhihuili/RM_prac/install/kinematic_control_pkg/share/kinematic_control_pkg/cmake/kinematic_control_pkg__rosidl_typesupport_cExport.cmake
[1.988s] -- Up-to-date: /home/zhihuili/RM_prac/install/kinematic_control_pkg/share/kinematic_control_pkg/cmake/kinematic_control_pkg__rosidl_typesupport_cExport-noconfig.cmake
[1.988s] -- Up-to-date: /home/zhihuili/RM_prac/install/kinematic_control_pkg/share/kinematic_control_pkg/cmake/kinematic_control_pkg__rosidl_typesupport_introspection_cppExport.cmake
[1.989s] -- Up-to-date: /home/zhihuili/RM_prac/install/kinematic_control_pkg/share/kinematic_control_pkg/cmake/kinematic_control_pkg__rosidl_typesupport_introspection_cppExport-noconfig.cmake
[1.989s] -- Up-to-date: /home/zhihuili/RM_prac/install/kinematic_control_pkg/share/kinematic_control_pkg/cmake/kinematic_control_pkg__rosidl_typesupport_cppExport.cmake
[1.989s] -- Up-to-date: /home/zhihuili/RM_prac/install/kinematic_control_pkg/share/kinematic_control_pkg/cmake/kinematic_control_pkg__rosidl_typesupport_cppExport-noconfig.cmake
[1.989s] -- Up-to-date: /home/zhihuili/RM_prac/install/kinematic_control_pkg/share/kinematic_control_pkg/cmake/export_kinematic_control_pkg__rosidl_generator_pyExport.cmake
[1.989s] -- Up-to-date: /home/zhihuili/RM_prac/install/kinematic_control_pkg/share/kinematic_control_pkg/cmake/export_kinematic_control_pkg__rosidl_generator_pyExport-noconfig.cmake
[1.993s] Invoked command in '/home/zhihuili/RM_prac/build/kinematic_control_pkg' returned '0': CMAKE_PREFIX_PATH=${CMAKE_PREFIX_PATH}:/home/zhihuili/RM_prac/install/turtlebot3_dqn:/opt/ros/humble /usr/bin/cmake --install /home/zhihuili/RM_prac/build/kinematic_control_pkg
