[0.057s] Invoking command in '/home/zhihuili/RM_prac/build/kinematic_control_pkg': CMAKE_PREFIX_PATH=${CMAKE_PREFIX_PATH}:/home/zhihuili/RM_prac/install/turtlebot3_dqn:/opt/ros/humble /usr/bin/cmake /home/zhihuili/RM_prac/src/kinematic_control_pkg -DAMENT_CMAKE_SYMLINK_INSTALL=1 -DCMAKE_INSTALL_PREFIX=/home/zhihuili/RM_prac/install/kinematic_control_pkg
[0.090s] -- Found ament_cmake: 1.3.14 (/opt/ros/humble/share/ament_cmake/cmake)
[0.249s] -- Override CMake install command with custom implementation using symlinks instead of copying resources
[0.257s] -- Found rclcpp: 16.0.19 (/opt/ros/humble/share/rclcpp/cmake)
[0.299s] -- Found rosidl_generator_c: 3.1.8 (/opt/ros/humble/share/rosidl_generator_c/cmake)
[0.300s] -- Found rosidl_adapter: 3.1.8 (/opt/ros/humble/share/rosidl_adapter/cmake)
[0.306s] -- Found rosidl_generator_cpp: 3.1.8 (/opt/ros/humble/share/rosidl_generator_cpp/cmake)
[0.319s] -- Using all available rosidl_typesupport_c: rosidl_typesupport_fastrtps_c;rosidl_typesupport_introspection_c
[0.331s] -- Using all available rosidl_typesupport_cpp: rosidl_typesupport_fastrtps_cpp;rosidl_typesupport_introspection_cpp
[0.364s] -- Found rmw_implementation_cmake: 6.1.2 (/opt/ros/humble/share/rmw_implementation_cmake/cmake)
[0.365s] -- Found rmw_fastrtps_cpp: 6.2.10 (/opt/ros/humble/share/rmw_fastrtps_cpp/cmake)
[0.565s] -- Using RMW implementation 'rmw_fastrtps_cpp' as default
[0.647s] -- Found tf2: 0.25.20 (/opt/ros/humble/share/tf2/cmake)
[0.670s] -- Found tf2_geometry_msgs: 0.25.20 (/opt/ros/humble/share/tf2_geometry_msgs/cmake)
[0.675s] -- Found eigen3_cmake_module: 0.1.1 (/opt/ros/humble/share/eigen3_cmake_module/cmake)
[0.677s] -- Ensuring Eigen3 include directory is part of orocos-kdl CMake target
[0.763s] -- Found visualization_msgs: 4.9.1 (/opt/ros/humble/share/visualization_msgs/cmake)
[0.797s] -- Found nav_msgs: 4.9.1 (/opt/ros/humble/share/nav_msgs/cmake)
[0.813s] -- Found rosidl_default_generators: 1.2.1 (/opt/ros/humble/share/rosidl_default_generators/cmake)
[1.279s] -- Found ament_cmake_ros: 0.10.0 (/opt/ros/humble/share/ament_cmake_ros/cmake)
[2.119s] -- Using all available rosidl_typesupport_c: rosidl_typesupport_fastrtps_c;rosidl_typesupport_introspection_c
[2.427s] -- Using all available rosidl_typesupport_cpp: rosidl_typesupport_fastrtps_cpp;rosidl_typesupport_introspection_cpp
[2.474s] -- Found python_cmake_module: 0.10.0 (/opt/ros/humble/share/python_cmake_module/cmake)
[2.522s] -- Using PYTHON_EXECUTABLE: /usr/bin/python3
[2.523s] -- Using PYTHON_INCLUDE_DIRS: /usr/include/python3.10
[2.523s] -- Using PYTHON_LIBRARIES: /usr/lib/x86_64-linux-gnu/libpython3.10.so
[2.755s] -- Configuring done
[2.834s] -- Generating done
[2.862s] -- Build files have been written to: /home/zhihuili/RM_prac/build/kinematic_control_pkg
[2.884s] Invoked command in '/home/zhihuili/RM_prac/build/kinematic_control_pkg' returned '0': CMAKE_PREFIX_PATH=${CMAKE_PREFIX_PATH}:/home/zhihuili/RM_prac/install/turtlebot3_dqn:/opt/ros/humble /usr/bin/cmake /home/zhihuili/RM_prac/src/kinematic_control_pkg -DAMENT_CMAKE_SYMLINK_INSTALL=1 -DCMAKE_INSTALL_PREFIX=/home/zhihuili/RM_prac/install/kinematic_control_pkg
[2.885s] Invoking command in '/home/zhihuili/RM_prac/build/kinematic_control_pkg': CMAKE_PREFIX_PATH=${CMAKE_PREFIX_PATH}:/home/zhihuili/RM_prac/install/turtlebot3_dqn:/opt/ros/humble /usr/bin/cmake --build /home/zhihuili/RM_prac/build/kinematic_control_pkg -- -j14 -l14
[2.986s] [  2%] [34m[1mGenerating C code for ROS interfaces[0m
[2.993s] [  5%] [34m[1mGenerating Rust code for ROS interfaces[0m
[3.007s] [  8%] [34m[1mGenerating C++ code for ROS interfaces[0m
[3.008s] [  8%] Built target ament_cmake_python_symlink_kinematic_control_pkg
[3.390s] [  8%] Built target kinematic_control_pkg__rs
[3.489s] running egg_info
[3.490s] creating kinematic_control_pkg.egg-info
[3.491s] writing kinematic_control_pkg.egg-info/PKG-INFO
[3.492s] writing dependency_links to kinematic_control_pkg.egg-info/dependency_links.txt
[3.493s] writing top-level names to kinematic_control_pkg.egg-info/top_level.txt
[3.493s] writing manifest file 'kinematic_control_pkg.egg-info/SOURCES.txt'
[3.497s] reading manifest file 'kinematic_control_pkg.egg-info/SOURCES.txt'
[3.498s] writing manifest file 'kinematic_control_pkg.egg-info/SOURCES.txt'
[3.526s] [ 11%] [32mBuilding C object CMakeFiles/kinematic_control_pkg__rosidl_generator_c.dir/rosidl_generator_c/kinematic_control_pkg/msg/detail/reference__functions.c.o[0m
[3.542s] [ 11%] Built target kinematic_control_pkg__cpp
[3.594s] [ 11%] Built target ament_cmake_python_build_kinematic_control_pkg_egg
[3.597s] [ 13%] [34m[1mGenerating C++ type support for eProsima Fast-RTPS[0m
[3.602s] [ 16%] [34m[1mGenerating C++ introspection for ROS interfaces[0m
[3.669s] [ 19%] [34m[1mGenerating C++ type support dispatch for ROS interfaces[0m
[3.739s] [ 22%] [32m[1mLinking C shared library libkinematic_control_pkg__rosidl_generator_c.so[0m
[4.067s] [ 22%] Built target kinematic_control_pkg__rosidl_generator_c
[4.144s] [ 25%] [34m[1mGenerating C type support for eProsima Fast-RTPS[0m
[4.150s] [ 27%] [34m[1mGenerating C type support dispatch for ROS interfaces[0m
[4.150s] [ 30%] [34m[1mGenerating C introspection for ROS interfaces[0m
[4.242s] [ 33%] [32mBuilding CXX object CMakeFiles/kinematic_control_pkg__rosidl_typesupport_fastrtps_cpp.dir/rosidl_typesupport_fastrtps_cpp/kinematic_control_pkg/msg/detail/dds_fastrtps/reference__type_support.cpp.o[0m
[4.279s] [ 36%] [32mBuilding CXX object CMakeFiles/kinematic_control_pkg__rosidl_typesupport_cpp.dir/rosidl_typesupport_cpp/kinematic_control_pkg/msg/reference__type_support.cpp.o[0m
[4.419s] [ 38%] [32mBuilding CXX object CMakeFiles/kinematic_control_pkg__rosidl_typesupport_introspection_cpp.dir/rosidl_typesupport_introspection_cpp/kinematic_control_pkg/msg/detail/reference__type_support.cpp.o[0m
[4.672s] [ 41%] [32mBuilding CXX object CMakeFiles/kinematic_control_pkg__rosidl_typesupport_c.dir/rosidl_typesupport_c/kinematic_control_pkg/msg/reference__type_support.cpp.o[0m
[4.885s] [ 44%] [32m[1mLinking CXX shared library libkinematic_control_pkg__rosidl_typesupport_c.so[0m
[4.979s] [ 47%] [32mBuilding CXX object CMakeFiles/kinematic_control_pkg__rosidl_typesupport_fastrtps_c.dir/rosidl_typesupport_fastrtps_c/kinematic_control_pkg/msg/detail/reference__type_support_c.cpp.o[0m
[4.982s] [ 50%] [32m[1mLinking CXX shared library libkinematic_control_pkg__rosidl_typesupport_cpp.so[0m
[5.003s] [ 50%] Built target kinematic_control_pkg__rosidl_typesupport_c
[5.007s] [ 52%] [32mBuilding C object CMakeFiles/kinematic_control_pkg__rosidl_typesupport_introspection_c.dir/rosidl_typesupport_introspection_c/kinematic_control_pkg/msg/detail/reference__type_support.c.o[0m
[5.178s] [ 52%] Built target kinematic_control_pkg__rosidl_typesupport_cpp
[5.262s] [ 55%] [32mBuilding CXX object CMakeFiles/infinite_reference_node.dir/src/infinite_reference_node.cpp.o[0m
[5.266s] [ 58%] [32mBuilding CXX object CMakeFiles/controller_odom.dir/src/controller_odom.cpp.o[0m
[5.284s] [ 61%] [32m[1mLinking C shared library libkinematic_control_pkg__rosidl_typesupport_introspection_c.so[0m
[5.579s] [ 63%] [32m[1mLinking CXX shared library libkinematic_control_pkg__rosidl_typesupport_fastrtps_cpp.so[0m
[5.728s] [ 63%] Built target kinematic_control_pkg__rosidl_typesupport_introspection_c
[6.027s] [ 63%] Built target kinematic_control_pkg__rosidl_typesupport_fastrtps_cpp
[6.232s] [ 66%] [32m[1mLinking CXX shared library libkinematic_control_pkg__rosidl_typesupport_fastrtps_c.so[0m
[6.817s] [ 66%] Built target kinematic_control_pkg__rosidl_typesupport_fastrtps_c
[6.842s] [ 69%] [32m[1mLinking CXX shared library libkinematic_control_pkg__rosidl_typesupport_introspection_cpp.so[0m
[7.158s] [ 69%] Built target kinematic_control_pkg__rosidl_typesupport_introspection_cpp
[7.266s] [ 69%] Built target kinematic_control_pkg
[7.383s] [ 72%] [34m[1mGenerating Python code for ROS interfaces[0m
[7.893s] [ 72%] Built target kinematic_control_pkg__py
[8.065s] [ 75%] [32mBuilding C object CMakeFiles/kinematic_control_pkg__rosidl_generator_py.dir/rosidl_generator_py/kinematic_control_pkg/msg/_reference_s.c.o[0m
[8.342s] [ 77%] [32m[1mLinking C shared library rosidl_generator_py/kinematic_control_pkg/libkinematic_control_pkg__rosidl_generator_py.so[0m
[8.499s] [ 77%] Built target kinematic_control_pkg__rosidl_generator_py
[8.581s] [ 80%] [32mBuilding C object CMakeFiles/kinematic_control_pkg__rosidl_typesupport_introspection_c__pyext.dir/rosidl_generator_py/kinematic_control_pkg/_kinematic_control_pkg_s.ep.rosidl_typesupport_introspection_c.c.o[0m
[8.602s] [ 83%] [32mBuilding C object CMakeFiles/kinematic_control_pkg__rosidl_typesupport_fastrtps_c__pyext.dir/rosidl_generator_py/kinematic_control_pkg/_kinematic_control_pkg_s.ep.rosidl_typesupport_fastrtps_c.c.o[0m
[8.628s] [ 86%] [32mBuilding C object CMakeFiles/kinematic_control_pkg__rosidl_typesupport_c__pyext.dir/rosidl_generator_py/kinematic_control_pkg/_kinematic_control_pkg_s.ep.rosidl_typesupport_c.c.o[0m
[9.021s] [ 88%] [32m[1mLinking C shared library rosidl_generator_py/kinematic_control_pkg/kinematic_control_pkg_s__rosidl_typesupport_introspection_c.cpython-310-x86_64-linux-gnu.so[0m
[9.056s] [ 91%] [32m[1mLinking C shared library rosidl_generator_py/kinematic_control_pkg/kinematic_control_pkg_s__rosidl_typesupport_c.cpython-310-x86_64-linux-gnu.so[0m
[9.345s] [ 91%] Built target kinematic_control_pkg__rosidl_typesupport_introspection_c__pyext
[9.350s] [ 91%] Built target kinematic_control_pkg__rosidl_typesupport_c__pyext
[9.367s] [ 94%] [32m[1mLinking C shared library rosidl_generator_py/kinematic_control_pkg/kinematic_control_pkg_s__rosidl_typesupport_fastrtps_c.cpython-310-x86_64-linux-gnu.so[0m
[9.555s] [ 94%] Built target kinematic_control_pkg__rosidl_typesupport_fastrtps_c__pyext
[16.204s] [ 97%] [32m[1mLinking CXX executable infinite_reference_node[0m
[16.636s] [ 97%] Built target infinite_reference_node
[25.576s] [100%] [32m[1mLinking CXX executable controller_odom[0m
[26.414s] [100%] Built target controller_odom
[26.439s] Invoked command in '/home/zhihuili/RM_prac/build/kinematic_control_pkg' returned '0': CMAKE_PREFIX_PATH=${CMAKE_PREFIX_PATH}:/home/zhihuili/RM_prac/install/turtlebot3_dqn:/opt/ros/humble /usr/bin/cmake --build /home/zhihuili/RM_prac/build/kinematic_control_pkg -- -j14 -l14
[26.442s] Invoking command in '/home/zhihuili/RM_prac/build/kinematic_control_pkg': CMAKE_PREFIX_PATH=${CMAKE_PREFIX_PATH}:/home/zhihuili/RM_prac/install/turtlebot3_dqn:/opt/ros/humble /usr/bin/cmake --install /home/zhihuili/RM_prac/build/kinematic_control_pkg
[26.464s] -- Install configuration: ""
[26.466s] -- Execute custom install script
[26.467s] -- Symlinking: /home/zhihuili/RM_prac/install/kinematic_control_pkg/share/ament_index/resource_index/rosidl_interfaces/kinematic_control_pkg
[26.486s] -- Symlinking: /home/zhihuili/RM_prac/install/kinematic_control_pkg/include/kinematic_control_pkg/kinematic_control_pkg/msg/detail/reference__functions.h
[26.501s] -- Symlinking: /home/zhihuili/RM_prac/install/kinematic_control_pkg/include/kinematic_control_pkg/kinematic_control_pkg/msg/detail/reference__struct.h
[26.523s] -- Symlinking: /home/zhihuili/RM_prac/install/kinematic_control_pkg/include/kinematic_control_pkg/kinematic_control_pkg/msg/detail/reference__type_support.h
[26.550s] -- Symlinking: /home/zhihuili/RM_prac/install/kinematic_control_pkg/include/kinematic_control_pkg/kinematic_control_pkg/msg/reference.h
[26.571s] -- Symlinking: /home/zhihuili/RM_prac/install/kinematic_control_pkg/include/kinematic_control_pkg/kinematic_control_pkg/msg/rosidl_generator_c__visibility_control.h
[26.594s] -- Symlinking: /home/zhihuili/RM_prac/install/kinematic_control_pkg/share/kinematic_control_pkg/environment/library_path.sh
[26.609s] -- Symlinking: /home/zhihuili/RM_prac/install/kinematic_control_pkg/share/kinematic_control_pkg/environment/library_path.dsv
[26.625s] -- Symlinking: /home/zhihuili/RM_prac/install/kinematic_control_pkg/include/kinematic_control_pkg/kinematic_control_pkg/msg/detail/reference__rosidl_typesupport_fastrtps_c.h
[26.645s] -- Symlinking: /home/zhihuili/RM_prac/install/kinematic_control_pkg/include/kinematic_control_pkg/kinematic_control_pkg/msg/rosidl_typesupport_fastrtps_c__visibility_control.h
[26.665s] -- Symlinking: /home/zhihuili/RM_prac/install/kinematic_control_pkg/include/kinematic_control_pkg/kinematic_control_pkg/msg/detail/reference__builder.hpp
[26.681s] -- Symlinking: /home/zhihuili/RM_prac/install/kinematic_control_pkg/include/kinematic_control_pkg/kinematic_control_pkg/msg/detail/reference__struct.hpp
[26.696s] -- Symlinking: /home/zhihuili/RM_prac/install/kinematic_control_pkg/include/kinematic_control_pkg/kinematic_control_pkg/msg/detail/reference__traits.hpp
[26.713s] -- Symlinking: /home/zhihuili/RM_prac/install/kinematic_control_pkg/include/kinematic_control_pkg/kinematic_control_pkg/msg/detail/reference__type_support.hpp
[26.727s] -- Symlinking: /home/zhihuili/RM_prac/install/kinematic_control_pkg/include/kinematic_control_pkg/kinematic_control_pkg/msg/reference.hpp
[26.743s] -- Symlinking: /home/zhihuili/RM_prac/install/kinematic_control_pkg/include/kinematic_control_pkg/kinematic_control_pkg/msg/rosidl_generator_cpp__visibility_control.hpp
[26.761s] -- Symlinking: /home/zhihuili/RM_prac/install/kinematic_control_pkg/include/kinematic_control_pkg/kinematic_control_pkg/msg/detail/reference__rosidl_typesupport_fastrtps_cpp.hpp
[26.775s] -- Symlinking: /home/zhihuili/RM_prac/install/kinematic_control_pkg/include/kinematic_control_pkg/kinematic_control_pkg/msg/rosidl_typesupport_fastrtps_cpp__visibility_control.h
[26.796s] -- Symlinking: /home/zhihuili/RM_prac/install/kinematic_control_pkg/include/kinematic_control_pkg/kinematic_control_pkg/msg/detail/reference__rosidl_typesupport_introspection_c.h
[26.809s] -- Symlinking: /home/zhihuili/RM_prac/install/kinematic_control_pkg/include/kinematic_control_pkg/kinematic_control_pkg/msg/rosidl_typesupport_introspection_c__visibility_control.h
[26.824s] -- Symlinking: /home/zhihuili/RM_prac/install/kinematic_control_pkg/include/kinematic_control_pkg/kinematic_control_pkg/msg/detail/reference__rosidl_typesupport_introspection_cpp.hpp
[26.843s] -- Symlinking: /home/zhihuili/RM_prac/install/kinematic_control_pkg/share/kinematic_control_pkg/environment/pythonpath.sh
[26.858s] -- Symlinking: /home/zhihuili/RM_prac/install/kinematic_control_pkg/share/kinematic_control_pkg/environment/pythonpath.dsv
[26.877s] -- Symlinking: /home/zhihuili/RM_prac/install/kinematic_control_pkg/local/lib/python3.10/dist-packages/kinematic_control_pkg-0.0.0-py3.10.egg-info/PKG-INFO
[26.892s] -- Symlinking: /home/zhihuili/RM_prac/install/kinematic_control_pkg/local/lib/python3.10/dist-packages/kinematic_control_pkg-0.0.0-py3.10.egg-info/SOURCES.txt
[26.905s] -- Symlinking: /home/zhihuili/RM_prac/install/kinematic_control_pkg/local/lib/python3.10/dist-packages/kinematic_control_pkg-0.0.0-py3.10.egg-info/dependency_links.txt
[26.926s] -- Symlinking: /home/zhihuili/RM_prac/install/kinematic_control_pkg/local/lib/python3.10/dist-packages/kinematic_control_pkg-0.0.0-py3.10.egg-info/top_level.txt
[26.949s] -- Symlinking: /home/zhihuili/RM_prac/install/kinematic_control_pkg/local/lib/python3.10/dist-packages/kinematic_control_pkg/__init__.py
[26.970s] -- Symlinking: /home/zhihuili/RM_prac/install/kinematic_control_pkg/local/lib/python3.10/dist-packages/kinematic_control_pkg/_kinematic_control_pkg_s.ep.rosidl_typesupport_c.c
[26.987s] -- Symlinking: /home/zhihuili/RM_prac/install/kinematic_control_pkg/local/lib/python3.10/dist-packages/kinematic_control_pkg/_kinematic_control_pkg_s.ep.rosidl_typesupport_fastrtps_c.c
[27.004s] -- Symlinking: /home/zhihuili/RM_prac/install/kinematic_control_pkg/local/lib/python3.10/dist-packages/kinematic_control_pkg/_kinematic_control_pkg_s.ep.rosidl_typesupport_introspection_c.c
[27.018s] -- Symlinking: /home/zhihuili/RM_prac/install/kinematic_control_pkg/local/lib/python3.10/dist-packages/kinematic_control_pkg/kinematic_control_pkg_s__rosidl_typesupport_c.cpython-310-x86_64-linux-gnu.so
[27.033s] -- Symlinking: /home/zhihuili/RM_prac/install/kinematic_control_pkg/local/lib/python3.10/dist-packages/kinematic_control_pkg/kinematic_control_pkg_s__rosidl_typesupport_fastrtps_c.cpython-310-x86_64-linux-gnu.so
[27.048s] -- Symlinking: /home/zhihuili/RM_prac/install/kinematic_control_pkg/local/lib/python3.10/dist-packages/kinematic_control_pkg/kinematic_control_pkg_s__rosidl_typesupport_introspection_c.cpython-310-x86_64-linux-gnu.so
[27.064s] -- Symlinking: /home/zhihuili/RM_prac/install/kinematic_control_pkg/local/lib/python3.10/dist-packages/kinematic_control_pkg/libkinematic_control_pkg__rosidl_generator_py.so
[27.079s] -- Symlinking: /home/zhihuili/RM_prac/install/kinematic_control_pkg/local/lib/python3.10/dist-packages/kinematic_control_pkg/msg/__init__.py
[27.094s] -- Symlinking: /home/zhihuili/RM_prac/install/kinematic_control_pkg/local/lib/python3.10/dist-packages/kinematic_control_pkg/msg/_reference.py
[27.110s] -- Symlinking: /home/zhihuili/RM_prac/install/kinematic_control_pkg/local/lib/python3.10/dist-packages/kinematic_control_pkg/msg/_reference_s.c
[27.126s] -- Up-to-date symlink: /home/zhihuili/RM_prac/install/kinematic_control_pkg/local/lib/python3.10/dist-packages/kinematic_control_pkg/kinematic_control_pkg_s__rosidl_typesupport_fastrtps_c.cpython-310-x86_64-linux-gnu.so
[27.126s] -- Up-to-date symlink: /home/zhihuili/RM_prac/install/kinematic_control_pkg/local/lib/python3.10/dist-packages/kinematic_control_pkg/kinematic_control_pkg_s__rosidl_typesupport_introspection_c.cpython-310-x86_64-linux-gnu.so
[27.127s] -- Up-to-date symlink: /home/zhihuili/RM_prac/install/kinematic_control_pkg/local/lib/python3.10/dist-packages/kinematic_control_pkg/kinematic_control_pkg_s__rosidl_typesupport_c.cpython-310-x86_64-linux-gnu.so
[27.127s] -- Symlinking: /home/zhihuili/RM_prac/install/kinematic_control_pkg/share/ament_index/resource_index/rust_packages/kinematic_control_pkg
[27.142s] -- Symlinking: /home/zhihuili/RM_prac/install/kinematic_control_pkg/share/kinematic_control_pkg/rust/Cargo.toml
[27.158s] -- Symlinking: /home/zhihuili/RM_prac/install/kinematic_control_pkg/share/kinematic_control_pkg/rust/build.rs
[27.175s] -- Symlinking: /home/zhihuili/RM_prac/install/kinematic_control_pkg/share/kinematic_control_pkg/rust/src/lib.rs
[27.190s] -- Symlinking: /home/zhihuili/RM_prac/install/kinematic_control_pkg/share/kinematic_control_pkg/rust/src/msg.rs
[27.205s] -- Symlinking: /home/zhihuili/RM_prac/install/kinematic_control_pkg/share/kinematic_control_pkg/rust/src/msg/rmw.rs
[27.220s] -- Symlinking: /home/zhihuili/RM_prac/install/kinematic_control_pkg/share/kinematic_control_pkg/msg/Reference.idl
[27.236s] -- Symlinking: /home/zhihuili/RM_prac/install/kinematic_control_pkg/share/kinematic_control_pkg/msg/Reference.msg
[27.252s] -- Symlinking: /home/zhihuili/RM_prac/install/kinematic_control_pkg/lib/kinematic_control_pkg/controller_odom
[27.267s] -- Symlinking: /home/zhihuili/RM_prac/install/kinematic_control_pkg/lib/kinematic_control_pkg/infinite_reference_node
[27.282s] -- Up-to-date symlink: /home/zhihuili/RM_prac/install/kinematic_control_pkg/share/kinematic_control_pkg/msg/Reference.msg
[27.282s] -- Symlinking: /home/zhihuili/RM_prac/install/kinematic_control_pkg/share/kinematic_control_pkg/launch/kinematic_controller.launch.py
[27.298s] -- Symlinking: /home/zhihuili/RM_prac/install/kinematic_control_pkg/share/kinematic_control_pkg/launch/rviz2.launch.py
[27.314s] -- Symlinking: /home/zhihuili/RM_prac/install/kinematic_control_pkg/share/kinematic_control_pkg/rviz/tb3_rviz2.rviz
[27.331s] -- Symlinking: /home/zhihuili/RM_prac/install/kinematic_control_pkg/share/ament_index/resource_index/package_run_dependencies/kinematic_control_pkg
[27.346s] -- Symlinking: /home/zhihuili/RM_prac/install/kinematic_control_pkg/share/ament_index/resource_index/parent_prefix_path/kinematic_control_pkg
[27.363s] -- Symlinking: /home/zhihuili/RM_prac/install/kinematic_control_pkg/share/kinematic_control_pkg/environment/ament_prefix_path.sh
[27.378s] -- Symlinking: /home/zhihuili/RM_prac/install/kinematic_control_pkg/share/kinematic_control_pkg/environment/ament_prefix_path.dsv
[27.393s] -- Symlinking: /home/zhihuili/RM_prac/install/kinematic_control_pkg/share/kinematic_control_pkg/environment/path.sh
[27.408s] -- Symlinking: /home/zhihuili/RM_prac/install/kinematic_control_pkg/share/kinematic_control_pkg/environment/path.dsv
[27.422s] -- Symlinking: /home/zhihuili/RM_prac/install/kinematic_control_pkg/share/kinematic_control_pkg/local_setup.bash
[27.437s] -- Symlinking: /home/zhihuili/RM_prac/install/kinematic_control_pkg/share/kinematic_control_pkg/local_setup.sh
[27.452s] -- Symlinking: /home/zhihuili/RM_prac/install/kinematic_control_pkg/share/kinematic_control_pkg/local_setup.zsh
[27.467s] -- Symlinking: /home/zhihuili/RM_prac/install/kinematic_control_pkg/share/kinematic_control_pkg/local_setup.dsv
[27.482s] -- Symlinking: /home/zhihuili/RM_prac/install/kinematic_control_pkg/share/kinematic_control_pkg/package.dsv
[27.496s] -- Symlinking: /home/zhihuili/RM_prac/install/kinematic_control_pkg/share/ament_index/resource_index/packages/kinematic_control_pkg
[27.512s] -- Symlinking: /home/zhihuili/RM_prac/install/kinematic_control_pkg/share/kinematic_control_pkg/cmake/rosidl_cmake-extras.cmake
[27.529s] -- Symlinking: /home/zhihuili/RM_prac/install/kinematic_control_pkg/share/kinematic_control_pkg/cmake/ament_cmake_export_dependencies-extras.cmake
[27.544s] -- Symlinking: /home/zhihuili/RM_prac/install/kinematic_control_pkg/share/kinematic_control_pkg/cmake/ament_cmake_export_include_directories-extras.cmake
[27.559s] -- Symlinking: /home/zhihuili/RM_prac/install/kinematic_control_pkg/share/kinematic_control_pkg/cmake/ament_cmake_export_libraries-extras.cmake
[27.577s] -- Symlinking: /home/zhihuili/RM_prac/install/kinematic_control_pkg/share/kinematic_control_pkg/cmake/ament_cmake_export_targets-extras.cmake
[27.593s] -- Symlinking: /home/zhihuili/RM_prac/install/kinematic_control_pkg/share/kinematic_control_pkg/cmake/rosidl_cmake_export_typesupport_targets-extras.cmake
[27.608s] -- Symlinking: /home/zhihuili/RM_prac/install/kinematic_control_pkg/share/kinematic_control_pkg/cmake/rosidl_cmake_export_typesupport_libraries-extras.cmake
[27.624s] -- Symlinking: /home/zhihuili/RM_prac/install/kinematic_control_pkg/share/kinematic_control_pkg/cmake/kinematic_control_pkgConfig.cmake
[27.640s] -- Symlinking: /home/zhihuili/RM_prac/install/kinematic_control_pkg/share/kinematic_control_pkg/cmake/kinematic_control_pkgConfig-version.cmake
[27.654s] -- Symlinking: /home/zhihuili/RM_prac/install/kinematic_control_pkg/share/kinematic_control_pkg/package.xml
[27.667s] -- Installing: /home/zhihuili/RM_prac/install/kinematic_control_pkg/lib/libkinematic_control_pkg__rosidl_generator_c.so
[27.667s] -- Set runtime path of "/home/zhihuili/RM_prac/install/kinematic_control_pkg/lib/libkinematic_control_pkg__rosidl_generator_c.so" to ""
[27.667s] -- Installing: /home/zhihuili/RM_prac/install/kinematic_control_pkg/lib/libkinematic_control_pkg__rosidl_typesupport_fastrtps_c.so
[27.668s] -- Set runtime path of "/home/zhihuili/RM_prac/install/kinematic_control_pkg/lib/libkinematic_control_pkg__rosidl_typesupport_fastrtps_c.so" to ""
[27.668s] -- Installing: /home/zhihuili/RM_prac/install/kinematic_control_pkg/lib/libkinematic_control_pkg__rosidl_typesupport_fastrtps_cpp.so
[27.668s] -- Set runtime path of "/home/zhihuili/RM_prac/install/kinematic_control_pkg/lib/libkinematic_control_pkg__rosidl_typesupport_fastrtps_cpp.so" to ""
[27.668s] -- Installing: /home/zhihuili/RM_prac/install/kinematic_control_pkg/lib/libkinematic_control_pkg__rosidl_typesupport_introspection_c.so
[27.668s] -- Set runtime path of "/home/zhihuili/RM_prac/install/kinematic_control_pkg/lib/libkinematic_control_pkg__rosidl_typesupport_introspection_c.so" to ""
[27.669s] -- Installing: /home/zhihuili/RM_prac/install/kinematic_control_pkg/lib/libkinematic_control_pkg__rosidl_typesupport_c.so
[27.669s] -- Set runtime path of "/home/zhihuili/RM_prac/install/kinematic_control_pkg/lib/libkinematic_control_pkg__rosidl_typesupport_c.so" to ""
[27.669s] -- Installing: /home/zhihuili/RM_prac/install/kinematic_control_pkg/lib/libkinematic_control_pkg__rosidl_typesupport_introspection_cpp.so
[27.669s] -- Set runtime path of "/home/zhihuili/RM_prac/install/kinematic_control_pkg/lib/libkinematic_control_pkg__rosidl_typesupport_introspection_cpp.so" to ""
[27.669s] -- Installing: /home/zhihuili/RM_prac/install/kinematic_control_pkg/lib/libkinematic_control_pkg__rosidl_typesupport_cpp.so
[27.670s] -- Set runtime path of "/home/zhihuili/RM_prac/install/kinematic_control_pkg/lib/libkinematic_control_pkg__rosidl_typesupport_cpp.so" to ""
[27.730s] Listing '/home/zhihuili/RM_prac/install/kinematic_control_pkg/local/lib/python3.10/dist-packages/kinematic_control_pkg'...
[27.730s] Compiling '/home/zhihuili/RM_prac/install/kinematic_control_pkg/local/lib/python3.10/dist-packages/kinematic_control_pkg/__init__.py'...
[27.731s] Listing '/home/zhihuili/RM_prac/install/kinematic_control_pkg/local/lib/python3.10/dist-packages/kinematic_control_pkg/msg'...
[27.731s] Compiling '/home/zhihuili/RM_prac/install/kinematic_control_pkg/local/lib/python3.10/dist-packages/kinematic_control_pkg/msg/__init__.py'...
[27.731s] Compiling '/home/zhihuili/RM_prac/install/kinematic_control_pkg/local/lib/python3.10/dist-packages/kinematic_control_pkg/msg/_reference.py'...
[27.739s] -- Installing: /home/zhihuili/RM_prac/install/kinematic_control_pkg/lib/libkinematic_control_pkg__rosidl_generator_py.so
[27.740s] -- Set runtime path of "/home/zhihuili/RM_prac/install/kinematic_control_pkg/lib/libkinematic_control_pkg__rosidl_generator_py.so" to ""
[27.740s] -- Installing: /home/zhihuili/RM_prac/install/kinematic_control_pkg/share/kinematic_control_pkg/cmake/export_kinematic_control_pkg__rosidl_generator_cExport.cmake
[27.740s] -- Installing: /home/zhihuili/RM_prac/install/kinematic_control_pkg/share/kinematic_control_pkg/cmake/export_kinematic_control_pkg__rosidl_generator_cExport-noconfig.cmake
[27.740s] -- Installing: /home/zhihuili/RM_prac/install/kinematic_control_pkg/share/kinematic_control_pkg/cmake/export_kinematic_control_pkg__rosidl_typesupport_fastrtps_cExport.cmake
[27.740s] -- Installing: /home/zhihuili/RM_prac/install/kinematic_control_pkg/share/kinematic_control_pkg/cmake/export_kinematic_control_pkg__rosidl_typesupport_fastrtps_cExport-noconfig.cmake
[27.740s] -- Installing: /home/zhihuili/RM_prac/install/kinematic_control_pkg/share/kinematic_control_pkg/cmake/export_kinematic_control_pkg__rosidl_generator_cppExport.cmake
[27.741s] -- Installing: /home/zhihuili/RM_prac/install/kinematic_control_pkg/share/kinematic_control_pkg/cmake/export_kinematic_control_pkg__rosidl_typesupport_fastrtps_cppExport.cmake
[27.741s] -- Installing: /home/zhihuili/RM_prac/install/kinematic_control_pkg/share/kinematic_control_pkg/cmake/export_kinematic_control_pkg__rosidl_typesupport_fastrtps_cppExport-noconfig.cmake
[27.741s] -- Installing: /home/zhihuili/RM_prac/install/kinematic_control_pkg/share/kinematic_control_pkg/cmake/kinematic_control_pkg__rosidl_typesupport_introspection_cExport.cmake
[27.741s] -- Installing: /home/zhihuili/RM_prac/install/kinematic_control_pkg/share/kinematic_control_pkg/cmake/kinematic_control_pkg__rosidl_typesupport_introspection_cExport-noconfig.cmake
[27.742s] -- Installing: /home/zhihuili/RM_prac/install/kinematic_control_pkg/share/kinematic_control_pkg/cmake/kinematic_control_pkg__rosidl_typesupport_cExport.cmake
[27.742s] -- Installing: /home/zhihuili/RM_prac/install/kinematic_control_pkg/share/kinematic_control_pkg/cmake/kinematic_control_pkg__rosidl_typesupport_cExport-noconfig.cmake
[27.742s] -- Installing: /home/zhihuili/RM_prac/install/kinematic_control_pkg/share/kinematic_control_pkg/cmake/kinematic_control_pkg__rosidl_typesupport_introspection_cppExport.cmake
[27.742s] -- Installing: /home/zhihuili/RM_prac/install/kinematic_control_pkg/share/kinematic_control_pkg/cmake/kinematic_control_pkg__rosidl_typesupport_introspection_cppExport-noconfig.cmake
[27.742s] -- Installing: /home/zhihuili/RM_prac/install/kinematic_control_pkg/share/kinematic_control_pkg/cmake/kinematic_control_pkg__rosidl_typesupport_cppExport.cmake
[27.742s] -- Installing: /home/zhihuili/RM_prac/install/kinematic_control_pkg/share/kinematic_control_pkg/cmake/kinematic_control_pkg__rosidl_typesupport_cppExport-noconfig.cmake
[27.742s] -- Installing: /home/zhihuili/RM_prac/install/kinematic_control_pkg/share/kinematic_control_pkg/cmake/export_kinematic_control_pkg__rosidl_generator_pyExport.cmake
[27.742s] -- Installing: /home/zhihuili/RM_prac/install/kinematic_control_pkg/share/kinematic_control_pkg/cmake/export_kinematic_control_pkg__rosidl_generator_pyExport-noconfig.cmake
[27.747s] Invoked command in '/home/zhihuili/RM_prac/build/kinematic_control_pkg' returned '0': CMAKE_PREFIX_PATH=${CMAKE_PREFIX_PATH}:/home/zhihuili/RM_prac/install/turtlebot3_dqn:/opt/ros/humble /usr/bin/cmake --install /home/zhihuili/RM_prac/build/kinematic_control_pkg
