-- Found ament_cmake: 1.3.14 (/opt/ros/humble/share/ament_cmake/cmake)
-- Override CMake install command with custom implementation using symlinks instead of copying resources
-- Configuring done
-- Generating done
-- Build files have been written to: /home/zhihuili/RM_prac/build/navigation_pkg
-- Install configuration: ""
-- Execute custom install script
-- Symlinking: /home/zhihuili/RM_prac/install/navigation_pkg/share/navigation_pkg/launch/navigation.launch.py
-- Symlinking: /home/zhihuili/RM_prac/install/navigation_pkg/share/navigation_pkg/launch/navigation_with_speed_limit.launch.py
-- Symlinking: /home/zhihuili/RM_prac/install/navigation_pkg/share/navigation_pkg/launch/speed_limit.launch.py
-- Symlinking: /home/zhihuili/RM_prac/install/navigation_pkg/share/navigation_pkg/launch/turtlebot3_navigation.launch.py
-- Symlinking: /home/zhihuili/RM_prac/install/navigation_pkg/share/navigation_pkg/param/keepout_params.yaml
-- Symlinking: /home/zhihuili/RM_prac/install/navigation_pkg/share/navigation_pkg/param/nav2_params.yaml
-- Symlinking: /home/zhihuili/RM_prac/install/navigation_pkg/share/navigation_pkg/param/nav2_params_speed_limit.yaml
-- Symlinking: /home/zhihuili/RM_prac/install/navigation_pkg/share/navigation_pkg/param/speed_params.yaml
-- Symlinking: /home/zhihuili/RM_prac/install/navigation_pkg/share/ament_index/resource_index/package_run_dependencies/navigation_pkg
-- Symlinking: /home/zhihuili/RM_prac/install/navigation_pkg/share/ament_index/resource_index/parent_prefix_path/navigation_pkg
-- Symlinking: /home/zhihuili/RM_prac/install/navigation_pkg/share/navigation_pkg/environment/ament_prefix_path.sh
-- Symlinking: /home/zhihuili/RM_prac/install/navigation_pkg/share/navigation_pkg/environment/ament_prefix_path.dsv
-- Symlinking: /home/zhihuili/RM_prac/install/navigation_pkg/share/navigation_pkg/environment/path.sh
-- Symlinking: /home/zhihuili/RM_prac/install/navigation_pkg/share/navigation_pkg/environment/path.dsv
-- Symlinking: /home/zhihuili/RM_prac/install/navigation_pkg/share/navigation_pkg/local_setup.bash
-- Symlinking: /home/zhihuili/RM_prac/install/navigation_pkg/share/navigation_pkg/local_setup.sh
-- Symlinking: /home/zhihuili/RM_prac/install/navigation_pkg/share/navigation_pkg/local_setup.zsh
-- Symlinking: /home/zhihuili/RM_prac/install/navigation_pkg/share/navigation_pkg/local_setup.dsv
-- Symlinking: /home/zhihuili/RM_prac/install/navigation_pkg/share/navigation_pkg/package.dsv
-- Symlinking: /home/zhihuili/RM_prac/install/navigation_pkg/share/ament_index/resource_index/packages/navigation_pkg
-- Symlinking: /home/zhihuili/RM_prac/install/navigation_pkg/share/navigation_pkg/cmake/navigation_pkgConfig.cmake
-- Symlinking: /home/zhihuili/RM_prac/install/navigation_pkg/share/navigation_pkg/cmake/navigation_pkgConfig-version.cmake
-- Symlinking: /home/zhihuili/RM_prac/install/navigation_pkg/share/navigation_pkg/package.xml
