[0.065s] Invoking command in '/home/zhihuili/RM_prac/build/turtlebot3_msgs': CMAKE_PREFIX_PATH=${CMAKE_PREFIX_PATH}:/home/zhihuili/RM_prac/install/turtlebot3_dqn:/opt/ros/humble /usr/bin/cmake /home/zhihuili/RM_prac/src/turtlebot3_msgs -DCMAKE_INSTALL_PREFIX=/home/zhihuili/RM_prac/install/turtlebot3_msgs
[0.118s] -- Found action_msgs: 1.2.2 (/opt/ros/humble/share/action_msgs/cmake)
[0.228s] -- Override CMake install command with custom implementation using symlinks instead of copying resources
[0.275s] -- Found rosidl_generator_c: 3.1.8 (/opt/ros/humble/share/rosidl_generator_c/cmake)
[0.276s] -- Found rosidl_adapter: 3.1.8 (/opt/ros/humble/share/rosidl_adapter/cmake)
[0.281s] -- Found rosidl_generator_cpp: 3.1.8 (/opt/ros/humble/share/rosidl_generator_cpp/cmake)
[0.295s] -- Using all available rosidl_typesupport_c: rosidl_typesupport_fastrtps_c;rosidl_typesupport_introspection_c
[0.301s] -- Using all available rosidl_typesupport_cpp: rosidl_typesupport_fastrtps_cpp;rosidl_typesupport_introspection_cpp
[0.334s] -- Found rosidl_default_generators: 1.2.1 (/opt/ros/humble/share/rosidl_default_generators/cmake)
[0.342s] -- Found std_msgs: 4.9.1 (/opt/ros/humble/share/std_msgs/cmake)
[0.352s] -- Found geometry_msgs: 4.9.1 (/opt/ros/humble/share/geometry_msgs/cmake)
[0.642s] -- Found ament_cmake_cppcheck: 0.12.15 (/opt/ros/humble/share/ament_cmake_cppcheck/cmake)
[0.644s] -- Found ament_cmake_cpplint: 0.12.15 (/opt/ros/humble/share/ament_cmake_cpplint/cmake)
[0.647s] -- Found ament_cmake_uncrustify: 0.12.15 (/opt/ros/humble/share/ament_cmake_uncrustify/cmake)
[0.650s] -- Found ament_cmake_ros: 0.10.0 (/opt/ros/humble/share/ament_cmake_ros/cmake)
[0.986s] -- Using all available rosidl_typesupport_c: rosidl_typesupport_fastrtps_c;rosidl_typesupport_introspection_c
[1.123s] -- Using all available rosidl_typesupport_cpp: rosidl_typesupport_fastrtps_cpp;rosidl_typesupport_introspection_cpp
[1.149s] -- Found python_cmake_module: 0.10.0 (/opt/ros/humble/share/python_cmake_module/cmake)
[1.171s] -- Using PYTHON_EXECUTABLE: /usr/bin/python3
[1.171s] -- Using PYTHON_INCLUDE_DIRS: /usr/include/python3.10
[1.171s] -- Using PYTHON_LIBRARIES: /usr/lib/x86_64-linux-gnu/libpython3.10.so
[1.207s] -- Found ament_cmake_flake8: 0.12.15 (/opt/ros/humble/share/ament_cmake_flake8/cmake)
[1.207s] -- Found ament_cmake_pep257: 0.12.15 (/opt/ros/humble/share/ament_cmake_pep257/cmake)
[1.294s] -- Configuring done
[1.341s] -- Generating done
[1.350s] -- Build files have been written to: /home/zhihuili/RM_prac/build/turtlebot3_msgs
[1.361s] Invoked command in '/home/zhihuili/RM_prac/build/turtlebot3_msgs' returned '0': CMAKE_PREFIX_PATH=${CMAKE_PREFIX_PATH}:/home/zhihuili/RM_prac/install/turtlebot3_dqn:/opt/ros/humble /usr/bin/cmake /home/zhihuili/RM_prac/src/turtlebot3_msgs -DCMAKE_INSTALL_PREFIX=/home/zhihuili/RM_prac/install/turtlebot3_msgs
[1.364s] Invoking command in '/home/zhihuili/RM_prac/build/turtlebot3_msgs': CMAKE_PREFIX_PATH=${CMAKE_PREFIX_PATH}:/home/zhihuili/RM_prac/install/turtlebot3_dqn:/opt/ros/humble /usr/bin/cmake --build /home/zhihuili/RM_prac/build/turtlebot3_msgs -- -j14 -l14
[1.432s] [35m[1mConsolidate compiler generated dependencies of target turtlebot3_msgs__rosidl_generator_c[0m
[1.442s] [  1%] Built target turtlebot3_msgs__rs
[1.445s] [ 12%] Built target turtlebot3_msgs__rosidl_generator_c
[1.449s] [ 12%] Built target ament_cmake_python_symlink_turtlebot3_msgs
[1.449s] [ 13%] Built target turtlebot3_msgs__cpp
[1.455s] [35m[1mConsolidate compiler generated dependencies of target turtlebot3_msgs__rosidl_typesupport_introspection_c[0m
[1.456s] [35m[1mConsolidate compiler generated dependencies of target turtlebot3_msgs__rosidl_typesupport_c[0m
[1.459s] [35m[1mConsolidate compiler generated dependencies of target turtlebot3_msgs__rosidl_typesupport_fastrtps_c[0m
[1.461s] [35m[1mConsolidate compiler generated dependencies of target turtlebot3_msgs__rosidl_typesupport_introspection_cpp[0m
[1.462s] [35m[1mConsolidate compiler generated dependencies of target turtlebot3_msgs__rosidl_typesupport_fastrtps_cpp[0m
[1.464s] [35m[1mConsolidate compiler generated dependencies of target turtlebot3_msgs__rosidl_typesupport_cpp[0m
[1.469s] [ 25%] Built target turtlebot3_msgs__rosidl_typesupport_introspection_c
[1.470s] [ 36%] Built target turtlebot3_msgs__rosidl_typesupport_c
[1.477s] [ 73%] Built target turtlebot3_msgs__rosidl_typesupport_cpp
[1.477s] [ 73%] Built target turtlebot3_msgs__rosidl_typesupport_fastrtps_cpp
[1.478s] [ 73%] Built target turtlebot3_msgs__rosidl_typesupport_fastrtps_c
[1.478s] [ 81%] Built target turtlebot3_msgs__rosidl_typesupport_introspection_cpp
[1.498s] [ 81%] Built target turtlebot3_msgs
[1.524s] [ 82%] Built target turtlebot3_msgs__py
[1.543s] [35m[1mConsolidate compiler generated dependencies of target turtlebot3_msgs__rosidl_generator_py[0m
[1.572s] [ 92%] Built target turtlebot3_msgs__rosidl_generator_py
[1.590s] [35m[1mConsolidate compiler generated dependencies of target turtlebot3_msgs__rosidl_typesupport_introspection_c__pyext[0m
[1.590s] [35m[1mConsolidate compiler generated dependencies of target turtlebot3_msgs__rosidl_typesupport_c__pyext[0m
[1.593s] [35m[1mConsolidate compiler generated dependencies of target turtlebot3_msgs__rosidl_typesupport_fastrtps_c__pyext[0m
[1.603s] [ 95%] Built target turtlebot3_msgs__rosidl_typesupport_c__pyext
[1.603s] [ 97%] Built target turtlebot3_msgs__rosidl_typesupport_introspection_c__pyext
[1.605s] [100%] Built target turtlebot3_msgs__rosidl_typesupport_fastrtps_c__pyext
[1.614s] running egg_info
[1.615s] writing turtlebot3_msgs.egg-info/PKG-INFO
[1.615s] writing dependency_links to turtlebot3_msgs.egg-info/dependency_links.txt
[1.615s] writing top-level names to turtlebot3_msgs.egg-info/top_level.txt
[1.618s] reading manifest file 'turtlebot3_msgs.egg-info/SOURCES.txt'
[1.618s] writing manifest file 'turtlebot3_msgs.egg-info/SOURCES.txt'
[1.638s] [100%] Built target ament_cmake_python_build_turtlebot3_msgs_egg
[1.649s] Invoked command in '/home/zhihuili/RM_prac/build/turtlebot3_msgs' returned '0': CMAKE_PREFIX_PATH=${CMAKE_PREFIX_PATH}:/home/zhihuili/RM_prac/install/turtlebot3_dqn:/opt/ros/humble /usr/bin/cmake --build /home/zhihuili/RM_prac/build/turtlebot3_msgs -- -j14 -l14
[1.653s] Invoking command in '/home/zhihuili/RM_prac/build/turtlebot3_msgs': CMAKE_PREFIX_PATH=${CMAKE_PREFIX_PATH}:/home/zhihuili/RM_prac/install/turtlebot3_dqn:/opt/ros/humble /usr/bin/cmake --install /home/zhihuili/RM_prac/build/turtlebot3_msgs
[1.657s] -- Install configuration: ""
[1.657s] -- Execute custom install script
[1.657s] -- Up-to-date symlink: /home/zhihuili/RM_prac/install/turtlebot3_msgs/share/ament_index/resource_index/rosidl_interfaces/turtlebot3_msgs
[1.658s] -- Up-to-date symlink: /home/zhihuili/RM_prac/install/turtlebot3_msgs/include/turtlebot3_msgs/turtlebot3_msgs/action/detail/patrol__functions.h
[1.658s] -- Up-to-date symlink: /home/zhihuili/RM_prac/install/turtlebot3_msgs/include/turtlebot3_msgs/turtlebot3_msgs/action/detail/patrol__struct.h
[1.658s] -- Up-to-date symlink: /home/zhihuili/RM_prac/install/turtlebot3_msgs/include/turtlebot3_msgs/turtlebot3_msgs/action/detail/patrol__type_support.h
[1.658s] -- Up-to-date symlink: /home/zhihuili/RM_prac/install/turtlebot3_msgs/include/turtlebot3_msgs/turtlebot3_msgs/action/patrol.h
[1.660s] -- Up-to-date symlink: /home/zhihuili/RM_prac/install/turtlebot3_msgs/include/turtlebot3_msgs/turtlebot3_msgs/msg/detail/sensor_state__functions.h
[1.660s] -- Up-to-date symlink: /home/zhihuili/RM_prac/install/turtlebot3_msgs/include/turtlebot3_msgs/turtlebot3_msgs/msg/detail/sensor_state__struct.h
[1.660s] -- Up-to-date symlink: /home/zhihuili/RM_prac/install/turtlebot3_msgs/include/turtlebot3_msgs/turtlebot3_msgs/msg/detail/sensor_state__type_support.h
[1.660s] -- Up-to-date symlink: /home/zhihuili/RM_prac/install/turtlebot3_msgs/include/turtlebot3_msgs/turtlebot3_msgs/msg/detail/sound__functions.h
[1.660s] -- Up-to-date symlink: /home/zhihuili/RM_prac/install/turtlebot3_msgs/include/turtlebot3_msgs/turtlebot3_msgs/msg/detail/sound__struct.h
[1.661s] -- Up-to-date symlink: /home/zhihuili/RM_prac/install/turtlebot3_msgs/include/turtlebot3_msgs/turtlebot3_msgs/msg/detail/sound__type_support.h
[1.661s] -- Up-to-date symlink: /home/zhihuili/RM_prac/install/turtlebot3_msgs/include/turtlebot3_msgs/turtlebot3_msgs/msg/detail/version_info__functions.h
[1.661s] -- Up-to-date symlink: /home/zhihuili/RM_prac/install/turtlebot3_msgs/include/turtlebot3_msgs/turtlebot3_msgs/msg/detail/version_info__struct.h
[1.661s] -- Up-to-date symlink: /home/zhihuili/RM_prac/install/turtlebot3_msgs/include/turtlebot3_msgs/turtlebot3_msgs/msg/detail/version_info__type_support.h
[1.661s] -- Up-to-date symlink: /home/zhihuili/RM_prac/install/turtlebot3_msgs/include/turtlebot3_msgs/turtlebot3_msgs/msg/rosidl_generator_c__visibility_control.h
[1.661s] -- Up-to-date symlink: /home/zhihuili/RM_prac/install/turtlebot3_msgs/include/turtlebot3_msgs/turtlebot3_msgs/msg/sensor_state.h
[1.661s] -- Up-to-date symlink: /home/zhihuili/RM_prac/install/turtlebot3_msgs/include/turtlebot3_msgs/turtlebot3_msgs/msg/sound.h
[1.661s] -- Up-to-date symlink: /home/zhihuili/RM_prac/install/turtlebot3_msgs/include/turtlebot3_msgs/turtlebot3_msgs/msg/version_info.h
[1.661s] -- Up-to-date symlink: /home/zhihuili/RM_prac/install/turtlebot3_msgs/include/turtlebot3_msgs/turtlebot3_msgs/srv/detail/dqn__functions.h
[1.661s] -- Up-to-date symlink: /home/zhihuili/RM_prac/install/turtlebot3_msgs/include/turtlebot3_msgs/turtlebot3_msgs/srv/detail/dqn__struct.h
[1.661s] -- Up-to-date symlink: /home/zhihuili/RM_prac/install/turtlebot3_msgs/include/turtlebot3_msgs/turtlebot3_msgs/srv/detail/dqn__type_support.h
[1.661s] -- Up-to-date symlink: /home/zhihuili/RM_prac/install/turtlebot3_msgs/include/turtlebot3_msgs/turtlebot3_msgs/srv/detail/goal__functions.h
[1.661s] -- Up-to-date symlink: /home/zhihuili/RM_prac/install/turtlebot3_msgs/include/turtlebot3_msgs/turtlebot3_msgs/srv/detail/goal__struct.h
[1.661s] -- Up-to-date symlink: /home/zhihuili/RM_prac/install/turtlebot3_msgs/include/turtlebot3_msgs/turtlebot3_msgs/srv/detail/goal__type_support.h
[1.661s] -- Up-to-date symlink: /home/zhihuili/RM_prac/install/turtlebot3_msgs/include/turtlebot3_msgs/turtlebot3_msgs/srv/detail/sound__functions.h
[1.661s] -- Up-to-date symlink: /home/zhihuili/RM_prac/install/turtlebot3_msgs/include/turtlebot3_msgs/turtlebot3_msgs/srv/detail/sound__struct.h
[1.661s] -- Up-to-date symlink: /home/zhihuili/RM_prac/install/turtlebot3_msgs/include/turtlebot3_msgs/turtlebot3_msgs/srv/detail/sound__type_support.h
[1.661s] -- Up-to-date symlink: /home/zhihuili/RM_prac/install/turtlebot3_msgs/include/turtlebot3_msgs/turtlebot3_msgs/srv/dqn.h
[1.661s] -- Up-to-date symlink: /home/zhihuili/RM_prac/install/turtlebot3_msgs/include/turtlebot3_msgs/turtlebot3_msgs/srv/goal.h
[1.661s] -- Up-to-date symlink: /home/zhihuili/RM_prac/install/turtlebot3_msgs/include/turtlebot3_msgs/turtlebot3_msgs/srv/sound.h
[1.661s] -- Up-to-date symlink: /home/zhihuili/RM_prac/install/turtlebot3_msgs/share/turtlebot3_msgs/environment/library_path.sh
[1.661s] -- Up-to-date symlink: /home/zhihuili/RM_prac/install/turtlebot3_msgs/share/turtlebot3_msgs/environment/library_path.dsv
[1.661s] -- Up-to-date symlink: /home/zhihuili/RM_prac/install/turtlebot3_msgs/include/turtlebot3_msgs/turtlebot3_msgs/action/detail/patrol__rosidl_typesupport_fastrtps_c.h
[1.661s] -- Up-to-date symlink: /home/zhihuili/RM_prac/install/turtlebot3_msgs/include/turtlebot3_msgs/turtlebot3_msgs/msg/detail/sensor_state__rosidl_typesupport_fastrtps_c.h
[1.661s] -- Up-to-date symlink: /home/zhihuili/RM_prac/install/turtlebot3_msgs/include/turtlebot3_msgs/turtlebot3_msgs/msg/detail/sound__rosidl_typesupport_fastrtps_c.h
[1.661s] -- Up-to-date symlink: /home/zhihuili/RM_prac/install/turtlebot3_msgs/include/turtlebot3_msgs/turtlebot3_msgs/msg/detail/version_info__rosidl_typesupport_fastrtps_c.h
[1.661s] -- Up-to-date symlink: /home/zhihuili/RM_prac/install/turtlebot3_msgs/include/turtlebot3_msgs/turtlebot3_msgs/msg/rosidl_typesupport_fastrtps_c__visibility_control.h
[1.661s] -- Up-to-date symlink: /home/zhihuili/RM_prac/install/turtlebot3_msgs/include/turtlebot3_msgs/turtlebot3_msgs/srv/detail/dqn__rosidl_typesupport_fastrtps_c.h
[1.661s] -- Up-to-date symlink: /home/zhihuili/RM_prac/install/turtlebot3_msgs/include/turtlebot3_msgs/turtlebot3_msgs/srv/detail/goal__rosidl_typesupport_fastrtps_c.h
[1.661s] -- Up-to-date symlink: /home/zhihuili/RM_prac/install/turtlebot3_msgs/include/turtlebot3_msgs/turtlebot3_msgs/srv/detail/sound__rosidl_typesupport_fastrtps_c.h
[1.661s] -- Up-to-date symlink: /home/zhihuili/RM_prac/install/turtlebot3_msgs/include/turtlebot3_msgs/turtlebot3_msgs/action/detail/patrol__builder.hpp
[1.661s] -- Up-to-date symlink: /home/zhihuili/RM_prac/install/turtlebot3_msgs/include/turtlebot3_msgs/turtlebot3_msgs/action/detail/patrol__struct.hpp
[1.661s] -- Up-to-date symlink: /home/zhihuili/RM_prac/install/turtlebot3_msgs/include/turtlebot3_msgs/turtlebot3_msgs/action/detail/patrol__traits.hpp
[1.662s] -- Up-to-date symlink: /home/zhihuili/RM_prac/install/turtlebot3_msgs/include/turtlebot3_msgs/turtlebot3_msgs/action/detail/patrol__type_support.hpp
[1.662s] -- Up-to-date symlink: /home/zhihuili/RM_prac/install/turtlebot3_msgs/include/turtlebot3_msgs/turtlebot3_msgs/action/patrol.hpp
[1.662s] -- Up-to-date symlink: /home/zhihuili/RM_prac/install/turtlebot3_msgs/include/turtlebot3_msgs/turtlebot3_msgs/msg/detail/sensor_state__builder.hpp
[1.662s] -- Up-to-date symlink: /home/zhihuili/RM_prac/install/turtlebot3_msgs/include/turtlebot3_msgs/turtlebot3_msgs/msg/detail/sensor_state__struct.hpp
[1.662s] -- Up-to-date symlink: /home/zhihuili/RM_prac/install/turtlebot3_msgs/include/turtlebot3_msgs/turtlebot3_msgs/msg/detail/sensor_state__traits.hpp
[1.662s] -- Up-to-date symlink: /home/zhihuili/RM_prac/install/turtlebot3_msgs/include/turtlebot3_msgs/turtlebot3_msgs/msg/detail/sensor_state__type_support.hpp
[1.662s] -- Up-to-date symlink: /home/zhihuili/RM_prac/install/turtlebot3_msgs/include/turtlebot3_msgs/turtlebot3_msgs/msg/detail/sound__builder.hpp
[1.662s] -- Up-to-date symlink: /home/zhihuili/RM_prac/install/turtlebot3_msgs/include/turtlebot3_msgs/turtlebot3_msgs/msg/detail/sound__struct.hpp
[1.662s] -- Up-to-date symlink: /home/zhihuili/RM_prac/install/turtlebot3_msgs/include/turtlebot3_msgs/turtlebot3_msgs/msg/detail/sound__traits.hpp
[1.662s] -- Up-to-date symlink: /home/zhihuili/RM_prac/install/turtlebot3_msgs/include/turtlebot3_msgs/turtlebot3_msgs/msg/detail/sound__type_support.hpp
[1.662s] -- Up-to-date symlink: /home/zhihuili/RM_prac/install/turtlebot3_msgs/include/turtlebot3_msgs/turtlebot3_msgs/msg/detail/version_info__builder.hpp
[1.662s] -- Up-to-date symlink: /home/zhihuili/RM_prac/install/turtlebot3_msgs/include/turtlebot3_msgs/turtlebot3_msgs/msg/detail/version_info__struct.hpp
[1.662s] -- Up-to-date symlink: /home/zhihuili/RM_prac/install/turtlebot3_msgs/include/turtlebot3_msgs/turtlebot3_msgs/msg/detail/version_info__traits.hpp
[1.662s] -- Up-to-date symlink: /home/zhihuili/RM_prac/install/turtlebot3_msgs/include/turtlebot3_msgs/turtlebot3_msgs/msg/detail/version_info__type_support.hpp
[1.662s] -- Up-to-date symlink: /home/zhihuili/RM_prac/install/turtlebot3_msgs/include/turtlebot3_msgs/turtlebot3_msgs/msg/rosidl_generator_cpp__visibility_control.hpp
[1.662s] -- Up-to-date symlink: /home/zhihuili/RM_prac/install/turtlebot3_msgs/include/turtlebot3_msgs/turtlebot3_msgs/msg/sensor_state.hpp
[1.662s] -- Up-to-date symlink: /home/zhihuili/RM_prac/install/turtlebot3_msgs/include/turtlebot3_msgs/turtlebot3_msgs/msg/sound.hpp
[1.663s] -- Up-to-date symlink: /home/zhihuili/RM_prac/install/turtlebot3_msgs/include/turtlebot3_msgs/turtlebot3_msgs/msg/version_info.hpp
[1.663s] -- Up-to-date symlink: /home/zhihuili/RM_prac/install/turtlebot3_msgs/include/turtlebot3_msgs/turtlebot3_msgs/srv/detail/dqn__builder.hpp
[1.663s] -- Up-to-date symlink: /home/zhihuili/RM_prac/install/turtlebot3_msgs/include/turtlebot3_msgs/turtlebot3_msgs/srv/detail/dqn__struct.hpp
[1.663s] -- Up-to-date symlink: /home/zhihuili/RM_prac/install/turtlebot3_msgs/include/turtlebot3_msgs/turtlebot3_msgs/srv/detail/dqn__traits.hpp
[1.663s] -- Up-to-date symlink: /home/zhihuili/RM_prac/install/turtlebot3_msgs/include/turtlebot3_msgs/turtlebot3_msgs/srv/detail/dqn__type_support.hpp
[1.663s] -- Up-to-date symlink: /home/zhihuili/RM_prac/install/turtlebot3_msgs/include/turtlebot3_msgs/turtlebot3_msgs/srv/detail/goal__builder.hpp
[1.663s] -- Up-to-date symlink: /home/zhihuili/RM_prac/install/turtlebot3_msgs/include/turtlebot3_msgs/turtlebot3_msgs/srv/detail/goal__struct.hpp
[1.663s] -- Up-to-date symlink: /home/zhihuili/RM_prac/install/turtlebot3_msgs/include/turtlebot3_msgs/turtlebot3_msgs/srv/detail/goal__traits.hpp
[1.663s] -- Up-to-date symlink: /home/zhihuili/RM_prac/install/turtlebot3_msgs/include/turtlebot3_msgs/turtlebot3_msgs/srv/detail/goal__type_support.hpp
[1.663s] -- Up-to-date symlink: /home/zhihuili/RM_prac/install/turtlebot3_msgs/include/turtlebot3_msgs/turtlebot3_msgs/srv/detail/sound__builder.hpp
[1.663s] -- Up-to-date symlink: /home/zhihuili/RM_prac/install/turtlebot3_msgs/include/turtlebot3_msgs/turtlebot3_msgs/srv/detail/sound__struct.hpp
[1.664s] -- Up-to-date symlink: /home/zhihuili/RM_prac/install/turtlebot3_msgs/include/turtlebot3_msgs/turtlebot3_msgs/srv/detail/sound__traits.hpp
[1.664s] -- Up-to-date symlink: /home/zhihuili/RM_prac/install/turtlebot3_msgs/include/turtlebot3_msgs/turtlebot3_msgs/srv/detail/sound__type_support.hpp
[1.664s] -- Up-to-date symlink: /home/zhihuili/RM_prac/install/turtlebot3_msgs/include/turtlebot3_msgs/turtlebot3_msgs/srv/dqn.hpp
[1.664s] -- Up-to-date symlink: /home/zhihuili/RM_prac/install/turtlebot3_msgs/include/turtlebot3_msgs/turtlebot3_msgs/srv/goal.hpp
[1.664s] -- Up-to-date symlink: /home/zhihuili/RM_prac/install/turtlebot3_msgs/include/turtlebot3_msgs/turtlebot3_msgs/srv/sound.hpp
[1.664s] -- Up-to-date symlink: /home/zhihuili/RM_prac/install/turtlebot3_msgs/include/turtlebot3_msgs/turtlebot3_msgs/action/detail/patrol__rosidl_typesupport_fastrtps_cpp.hpp
[1.664s] -- Up-to-date symlink: /home/zhihuili/RM_prac/install/turtlebot3_msgs/include/turtlebot3_msgs/turtlebot3_msgs/msg/detail/sensor_state__rosidl_typesupport_fastrtps_cpp.hpp
[1.664s] -- Up-to-date symlink: /home/zhihuili/RM_prac/install/turtlebot3_msgs/include/turtlebot3_msgs/turtlebot3_msgs/msg/detail/sound__rosidl_typesupport_fastrtps_cpp.hpp
[1.664s] -- Up-to-date symlink: /home/zhihuili/RM_prac/install/turtlebot3_msgs/include/turtlebot3_msgs/turtlebot3_msgs/msg/detail/version_info__rosidl_typesupport_fastrtps_cpp.hpp
[1.664s] -- Up-to-date symlink: /home/zhihuili/RM_prac/install/turtlebot3_msgs/include/turtlebot3_msgs/turtlebot3_msgs/msg/rosidl_typesupport_fastrtps_cpp__visibility_control.h
[1.664s] -- Up-to-date symlink: /home/zhihuili/RM_prac/install/turtlebot3_msgs/include/turtlebot3_msgs/turtlebot3_msgs/srv/detail/dqn__rosidl_typesupport_fastrtps_cpp.hpp
[1.665s] -- Up-to-date symlink: /home/zhihuili/RM_prac/install/turtlebot3_msgs/include/turtlebot3_msgs/turtlebot3_msgs/srv/detail/goal__rosidl_typesupport_fastrtps_cpp.hpp
[1.665s] -- Up-to-date symlink: /home/zhihuili/RM_prac/install/turtlebot3_msgs/include/turtlebot3_msgs/turtlebot3_msgs/srv/detail/sound__rosidl_typesupport_fastrtps_cpp.hpp
[1.665s] -- Up-to-date symlink: /home/zhihuili/RM_prac/install/turtlebot3_msgs/include/turtlebot3_msgs/turtlebot3_msgs/action/detail/patrol__rosidl_typesupport_introspection_c.h
[1.665s] -- Up-to-date symlink: /home/zhihuili/RM_prac/install/turtlebot3_msgs/include/turtlebot3_msgs/turtlebot3_msgs/msg/detail/sensor_state__rosidl_typesupport_introspection_c.h
[1.665s] -- Up-to-date symlink: /home/zhihuili/RM_prac/install/turtlebot3_msgs/include/turtlebot3_msgs/turtlebot3_msgs/msg/detail/sound__rosidl_typesupport_introspection_c.h
[1.665s] -- Up-to-date symlink: /home/zhihuili/RM_prac/install/turtlebot3_msgs/include/turtlebot3_msgs/turtlebot3_msgs/msg/detail/version_info__rosidl_typesupport_introspection_c.h
[1.665s] -- Up-to-date symlink: /home/zhihuili/RM_prac/install/turtlebot3_msgs/include/turtlebot3_msgs/turtlebot3_msgs/msg/rosidl_typesupport_introspection_c__visibility_control.h
[1.665s] -- Up-to-date symlink: /home/zhihuili/RM_prac/install/turtlebot3_msgs/include/turtlebot3_msgs/turtlebot3_msgs/srv/detail/dqn__rosidl_typesupport_introspection_c.h
[1.665s] -- Up-to-date symlink: /home/zhihuili/RM_prac/install/turtlebot3_msgs/include/turtlebot3_msgs/turtlebot3_msgs/srv/detail/goal__rosidl_typesupport_introspection_c.h
[1.665s] -- Up-to-date symlink: /home/zhihuili/RM_prac/install/turtlebot3_msgs/include/turtlebot3_msgs/turtlebot3_msgs/srv/detail/sound__rosidl_typesupport_introspection_c.h
[1.666s] -- Up-to-date symlink: /home/zhihuili/RM_prac/install/turtlebot3_msgs/include/turtlebot3_msgs/turtlebot3_msgs/action/detail/patrol__rosidl_typesupport_introspection_cpp.hpp
[1.666s] -- Up-to-date symlink: /home/zhihuili/RM_prac/install/turtlebot3_msgs/include/turtlebot3_msgs/turtlebot3_msgs/msg/detail/sensor_state__rosidl_typesupport_introspection_cpp.hpp
[1.666s] -- Up-to-date symlink: /home/zhihuili/RM_prac/install/turtlebot3_msgs/include/turtlebot3_msgs/turtlebot3_msgs/msg/detail/sound__rosidl_typesupport_introspection_cpp.hpp
[1.666s] -- Up-to-date symlink: /home/zhihuili/RM_prac/install/turtlebot3_msgs/include/turtlebot3_msgs/turtlebot3_msgs/msg/detail/version_info__rosidl_typesupport_introspection_cpp.hpp
[1.666s] -- Up-to-date symlink: /home/zhihuili/RM_prac/install/turtlebot3_msgs/include/turtlebot3_msgs/turtlebot3_msgs/srv/detail/dqn__rosidl_typesupport_introspection_cpp.hpp
[1.666s] -- Up-to-date symlink: /home/zhihuili/RM_prac/install/turtlebot3_msgs/include/turtlebot3_msgs/turtlebot3_msgs/srv/detail/goal__rosidl_typesupport_introspection_cpp.hpp
[1.666s] -- Up-to-date symlink: /home/zhihuili/RM_prac/install/turtlebot3_msgs/include/turtlebot3_msgs/turtlebot3_msgs/srv/detail/sound__rosidl_typesupport_introspection_cpp.hpp
[1.666s] -- Up-to-date symlink: /home/zhihuili/RM_prac/install/turtlebot3_msgs/share/turtlebot3_msgs/environment/pythonpath.sh
[1.666s] -- Up-to-date symlink: /home/zhihuili/RM_prac/install/turtlebot3_msgs/share/turtlebot3_msgs/environment/pythonpath.dsv
[1.667s] -- Up-to-date symlink: /home/zhihuili/RM_prac/install/turtlebot3_msgs/local/lib/python3.10/dist-packages/turtlebot3_msgs-2.4.0-py3.10.egg-info/PKG-INFO
[1.667s] -- Up-to-date symlink: /home/zhihuili/RM_prac/install/turtlebot3_msgs/local/lib/python3.10/dist-packages/turtlebot3_msgs-2.4.0-py3.10.egg-info/SOURCES.txt
[1.667s] -- Up-to-date symlink: /home/zhihuili/RM_prac/install/turtlebot3_msgs/local/lib/python3.10/dist-packages/turtlebot3_msgs-2.4.0-py3.10.egg-info/dependency_links.txt
[1.667s] -- Up-to-date symlink: /home/zhihuili/RM_prac/install/turtlebot3_msgs/local/lib/python3.10/dist-packages/turtlebot3_msgs-2.4.0-py3.10.egg-info/top_level.txt
[1.668s] -- Up-to-date symlink: /home/zhihuili/RM_prac/install/turtlebot3_msgs/local/lib/python3.10/dist-packages/turtlebot3_msgs/__init__.py
[1.668s] -- Up-to-date symlink: /home/zhihuili/RM_prac/install/turtlebot3_msgs/local/lib/python3.10/dist-packages/turtlebot3_msgs/_turtlebot3_msgs_s.ep.rosidl_typesupport_c.c
[1.668s] -- Up-to-date symlink: /home/zhihuili/RM_prac/install/turtlebot3_msgs/local/lib/python3.10/dist-packages/turtlebot3_msgs/_turtlebot3_msgs_s.ep.rosidl_typesupport_fastrtps_c.c
[1.668s] -- Up-to-date symlink: /home/zhihuili/RM_prac/install/turtlebot3_msgs/local/lib/python3.10/dist-packages/turtlebot3_msgs/_turtlebot3_msgs_s.ep.rosidl_typesupport_introspection_c.c
[1.668s] -- Up-to-date symlink: /home/zhihuili/RM_prac/install/turtlebot3_msgs/local/lib/python3.10/dist-packages/turtlebot3_msgs/action/__init__.py
[1.668s] -- Up-to-date symlink: /home/zhihuili/RM_prac/install/turtlebot3_msgs/local/lib/python3.10/dist-packages/turtlebot3_msgs/action/_patrol.py
[1.668s] -- Up-to-date symlink: /home/zhihuili/RM_prac/install/turtlebot3_msgs/local/lib/python3.10/dist-packages/turtlebot3_msgs/action/_patrol_s.c
[1.668s] -- Up-to-date symlink: /home/zhihuili/RM_prac/install/turtlebot3_msgs/local/lib/python3.10/dist-packages/turtlebot3_msgs/libturtlebot3_msgs__rosidl_generator_py.so
[1.668s] -- Up-to-date symlink: /home/zhihuili/RM_prac/install/turtlebot3_msgs/local/lib/python3.10/dist-packages/turtlebot3_msgs/msg/__init__.py
[1.668s] -- Up-to-date symlink: /home/zhihuili/RM_prac/install/turtlebot3_msgs/local/lib/python3.10/dist-packages/turtlebot3_msgs/msg/_sensor_state.py
[1.668s] -- Up-to-date symlink: /home/zhihuili/RM_prac/install/turtlebot3_msgs/local/lib/python3.10/dist-packages/turtlebot3_msgs/msg/_sensor_state_s.c
[1.668s] -- Up-to-date symlink: /home/zhihuili/RM_prac/install/turtlebot3_msgs/local/lib/python3.10/dist-packages/turtlebot3_msgs/msg/_sound.py
[1.668s] -- Up-to-date symlink: /home/zhihuili/RM_prac/install/turtlebot3_msgs/local/lib/python3.10/dist-packages/turtlebot3_msgs/msg/_sound_s.c
[1.668s] -- Up-to-date symlink: /home/zhihuili/RM_prac/install/turtlebot3_msgs/local/lib/python3.10/dist-packages/turtlebot3_msgs/msg/_version_info.py
[1.668s] -- Up-to-date symlink: /home/zhihuili/RM_prac/install/turtlebot3_msgs/local/lib/python3.10/dist-packages/turtlebot3_msgs/msg/_version_info_s.c
[1.669s] -- Up-to-date symlink: /home/zhihuili/RM_prac/install/turtlebot3_msgs/local/lib/python3.10/dist-packages/turtlebot3_msgs/srv/__init__.py
[1.669s] -- Up-to-date symlink: /home/zhihuili/RM_prac/install/turtlebot3_msgs/local/lib/python3.10/dist-packages/turtlebot3_msgs/srv/_dqn.py
[1.669s] -- Up-to-date symlink: /home/zhihuili/RM_prac/install/turtlebot3_msgs/local/lib/python3.10/dist-packages/turtlebot3_msgs/srv/_dqn_s.c
[1.669s] -- Up-to-date symlink: /home/zhihuili/RM_prac/install/turtlebot3_msgs/local/lib/python3.10/dist-packages/turtlebot3_msgs/srv/_goal.py
[1.669s] -- Up-to-date symlink: /home/zhihuili/RM_prac/install/turtlebot3_msgs/local/lib/python3.10/dist-packages/turtlebot3_msgs/srv/_goal_s.c
[1.669s] -- Up-to-date symlink: /home/zhihuili/RM_prac/install/turtlebot3_msgs/local/lib/python3.10/dist-packages/turtlebot3_msgs/srv/_sound.py
[1.669s] -- Up-to-date symlink: /home/zhihuili/RM_prac/install/turtlebot3_msgs/local/lib/python3.10/dist-packages/turtlebot3_msgs/srv/_sound_s.c
[1.669s] -- Up-to-date symlink: /home/zhihuili/RM_prac/install/turtlebot3_msgs/local/lib/python3.10/dist-packages/turtlebot3_msgs/turtlebot3_msgs_s__rosidl_typesupport_c.cpython-310-x86_64-linux-gnu.so
[1.669s] -- Up-to-date symlink: /home/zhihuili/RM_prac/install/turtlebot3_msgs/local/lib/python3.10/dist-packages/turtlebot3_msgs/turtlebot3_msgs_s__rosidl_typesupport_fastrtps_c.cpython-310-x86_64-linux-gnu.so
[1.669s] -- Up-to-date symlink: /home/zhihuili/RM_prac/install/turtlebot3_msgs/local/lib/python3.10/dist-packages/turtlebot3_msgs/turtlebot3_msgs_s__rosidl_typesupport_introspection_c.cpython-310-x86_64-linux-gnu.so
[1.669s] -- Up-to-date symlink: /home/zhihuili/RM_prac/install/turtlebot3_msgs/local/lib/python3.10/dist-packages/turtlebot3_msgs/turtlebot3_msgs_s__rosidl_typesupport_fastrtps_c.cpython-310-x86_64-linux-gnu.so
[1.670s] -- Up-to-date symlink: /home/zhihuili/RM_prac/install/turtlebot3_msgs/local/lib/python3.10/dist-packages/turtlebot3_msgs/turtlebot3_msgs_s__rosidl_typesupport_introspection_c.cpython-310-x86_64-linux-gnu.so
[1.670s] -- Up-to-date symlink: /home/zhihuili/RM_prac/install/turtlebot3_msgs/local/lib/python3.10/dist-packages/turtlebot3_msgs/turtlebot3_msgs_s__rosidl_typesupport_c.cpython-310-x86_64-linux-gnu.so
[1.670s] -- Up-to-date symlink: /home/zhihuili/RM_prac/install/turtlebot3_msgs/share/ament_index/resource_index/rust_packages/turtlebot3_msgs
[1.670s] -- Up-to-date symlink: /home/zhihuili/RM_prac/install/turtlebot3_msgs/share/turtlebot3_msgs/rust/Cargo.toml
[1.670s] -- Up-to-date symlink: /home/zhihuili/RM_prac/install/turtlebot3_msgs/share/turtlebot3_msgs/rust/build.rs
[1.670s] -- Up-to-date symlink: /home/zhihuili/RM_prac/install/turtlebot3_msgs/share/turtlebot3_msgs/rust/src/action.rs
[1.670s] -- Up-to-date symlink: /home/zhihuili/RM_prac/install/turtlebot3_msgs/share/turtlebot3_msgs/rust/src/action/rmw.rs
[1.670s] -- Up-to-date symlink: /home/zhihuili/RM_prac/install/turtlebot3_msgs/share/turtlebot3_msgs/rust/src/lib.rs
[1.671s] -- Up-to-date symlink: /home/zhihuili/RM_prac/install/turtlebot3_msgs/share/turtlebot3_msgs/rust/src/msg.rs
[1.671s] -- Up-to-date symlink: /home/zhihuili/RM_prac/install/turtlebot3_msgs/share/turtlebot3_msgs/rust/src/msg/rmw.rs
[1.671s] -- Up-to-date symlink: /home/zhihuili/RM_prac/install/turtlebot3_msgs/share/turtlebot3_msgs/rust/src/srv.rs
[1.671s] -- Up-to-date symlink: /home/zhihuili/RM_prac/install/turtlebot3_msgs/share/turtlebot3_msgs/rust/src/srv/rmw.rs
[1.671s] -- Up-to-date symlink: /home/zhihuili/RM_prac/install/turtlebot3_msgs/share/turtlebot3_msgs/msg/SensorState.idl
[1.671s] -- Up-to-date symlink: /home/zhihuili/RM_prac/install/turtlebot3_msgs/share/turtlebot3_msgs/msg/Sound.idl
[1.671s] -- Up-to-date symlink: /home/zhihuili/RM_prac/install/turtlebot3_msgs/share/turtlebot3_msgs/msg/VersionInfo.idl
[1.671s] -- Up-to-date symlink: /home/zhihuili/RM_prac/install/turtlebot3_msgs/share/turtlebot3_msgs/srv/Sound.idl
[1.671s] -- Up-to-date symlink: /home/zhihuili/RM_prac/install/turtlebot3_msgs/share/turtlebot3_msgs/srv/Dqn.idl
[1.671s] -- Up-to-date symlink: /home/zhihuili/RM_prac/install/turtlebot3_msgs/share/turtlebot3_msgs/srv/Goal.idl
[1.671s] -- Up-to-date symlink: /home/zhihuili/RM_prac/install/turtlebot3_msgs/share/turtlebot3_msgs/action/Patrol.idl
[1.671s] -- Up-to-date symlink: /home/zhihuili/RM_prac/install/turtlebot3_msgs/share/turtlebot3_msgs/msg/SensorState.msg
[1.671s] -- Up-to-date symlink: /home/zhihuili/RM_prac/install/turtlebot3_msgs/share/turtlebot3_msgs/msg/Sound.msg
[1.671s] -- Up-to-date symlink: /home/zhihuili/RM_prac/install/turtlebot3_msgs/share/turtlebot3_msgs/msg/VersionInfo.msg
[1.672s] -- Up-to-date symlink: /home/zhihuili/RM_prac/install/turtlebot3_msgs/share/turtlebot3_msgs/srv/Sound.srv
[1.672s] -- Up-to-date symlink: /home/zhihuili/RM_prac/install/turtlebot3_msgs/share/turtlebot3_msgs/srv/Sound_Request.msg
[1.672s] -- Up-to-date symlink: /home/zhihuili/RM_prac/install/turtlebot3_msgs/share/turtlebot3_msgs/srv/Sound_Response.msg
[1.672s] -- Up-to-date symlink: /home/zhihuili/RM_prac/install/turtlebot3_msgs/share/turtlebot3_msgs/srv/Dqn.srv
[1.672s] -- Up-to-date symlink: /home/zhihuili/RM_prac/install/turtlebot3_msgs/share/turtlebot3_msgs/srv/Dqn_Request.msg
[1.672s] -- Up-to-date symlink: /home/zhihuili/RM_prac/install/turtlebot3_msgs/share/turtlebot3_msgs/srv/Dqn_Response.msg
[1.672s] -- Up-to-date symlink: /home/zhihuili/RM_prac/install/turtlebot3_msgs/share/turtlebot3_msgs/srv/Goal.srv
[1.672s] -- Up-to-date symlink: /home/zhihuili/RM_prac/install/turtlebot3_msgs/share/turtlebot3_msgs/srv/Goal_Request.msg
[1.672s] -- Up-to-date symlink: /home/zhihuili/RM_prac/install/turtlebot3_msgs/share/turtlebot3_msgs/srv/Goal_Response.msg
[1.672s] -- Up-to-date symlink: /home/zhihuili/RM_prac/install/turtlebot3_msgs/share/turtlebot3_msgs/action/Patrol.action
[1.672s] -- Up-to-date symlink: /home/zhihuili/RM_prac/install/turtlebot3_msgs/share/ament_index/resource_index/package_run_dependencies/turtlebot3_msgs
[1.673s] -- Up-to-date symlink: /home/zhihuili/RM_prac/install/turtlebot3_msgs/share/ament_index/resource_index/parent_prefix_path/turtlebot3_msgs
[1.673s] -- Up-to-date symlink: /home/zhihuili/RM_prac/install/turtlebot3_msgs/share/turtlebot3_msgs/environment/ament_prefix_path.sh
[1.673s] -- Up-to-date symlink: /home/zhihuili/RM_prac/install/turtlebot3_msgs/share/turtlebot3_msgs/environment/ament_prefix_path.dsv
[1.673s] -- Up-to-date symlink: /home/zhihuili/RM_prac/install/turtlebot3_msgs/share/turtlebot3_msgs/environment/path.sh
[1.673s] -- Up-to-date symlink: /home/zhihuili/RM_prac/install/turtlebot3_msgs/share/turtlebot3_msgs/environment/path.dsv
[1.673s] -- Up-to-date symlink: /home/zhihuili/RM_prac/install/turtlebot3_msgs/share/turtlebot3_msgs/local_setup.bash
[1.673s] -- Up-to-date symlink: /home/zhihuili/RM_prac/install/turtlebot3_msgs/share/turtlebot3_msgs/local_setup.sh
[1.673s] -- Up-to-date symlink: /home/zhihuili/RM_prac/install/turtlebot3_msgs/share/turtlebot3_msgs/local_setup.zsh
[1.673s] -- Up-to-date symlink: /home/zhihuili/RM_prac/install/turtlebot3_msgs/share/turtlebot3_msgs/local_setup.dsv
[1.673s] -- Symlinking: /home/zhihuili/RM_prac/install/turtlebot3_msgs/share/turtlebot3_msgs/package.dsv
[1.682s] -- Up-to-date symlink: /home/zhihuili/RM_prac/install/turtlebot3_msgs/share/ament_index/resource_index/packages/turtlebot3_msgs
[1.682s] -- Up-to-date symlink: /home/zhihuili/RM_prac/install/turtlebot3_msgs/share/turtlebot3_msgs/cmake/rosidl_cmake-extras.cmake
[1.682s] -- Up-to-date symlink: /home/zhihuili/RM_prac/install/turtlebot3_msgs/share/turtlebot3_msgs/cmake/ament_cmake_export_dependencies-extras.cmake
[1.682s] -- Up-to-date symlink: /home/zhihuili/RM_prac/install/turtlebot3_msgs/share/turtlebot3_msgs/cmake/ament_cmake_export_include_directories-extras.cmake
[1.682s] -- Up-to-date symlink: /home/zhihuili/RM_prac/install/turtlebot3_msgs/share/turtlebot3_msgs/cmake/ament_cmake_export_libraries-extras.cmake
[1.683s] -- Up-to-date symlink: /home/zhihuili/RM_prac/install/turtlebot3_msgs/share/turtlebot3_msgs/cmake/ament_cmake_export_targets-extras.cmake
[1.683s] -- Up-to-date symlink: /home/zhihuili/RM_prac/install/turtlebot3_msgs/share/turtlebot3_msgs/cmake/rosidl_cmake_export_typesupport_targets-extras.cmake
[1.683s] -- Up-to-date symlink: /home/zhihuili/RM_prac/install/turtlebot3_msgs/share/turtlebot3_msgs/cmake/rosidl_cmake_export_typesupport_libraries-extras.cmake
[1.683s] -- Up-to-date symlink: /home/zhihuili/RM_prac/install/turtlebot3_msgs/share/turtlebot3_msgs/cmake/turtlebot3_msgsConfig.cmake
[1.683s] -- Up-to-date symlink: /home/zhihuili/RM_prac/install/turtlebot3_msgs/share/turtlebot3_msgs/cmake/turtlebot3_msgsConfig-version.cmake
[1.683s] -- Up-to-date symlink: /home/zhihuili/RM_prac/install/turtlebot3_msgs/share/turtlebot3_msgs/package.xml
[1.683s] -- Up-to-date: /home/zhihuili/RM_prac/install/turtlebot3_msgs/lib/libturtlebot3_msgs__rosidl_generator_c.so
[1.683s] -- Up-to-date: /home/zhihuili/RM_prac/install/turtlebot3_msgs/lib/libturtlebot3_msgs__rosidl_typesupport_fastrtps_c.so
[1.683s] -- Up-to-date: /home/zhihuili/RM_prac/install/turtlebot3_msgs/lib/libturtlebot3_msgs__rosidl_typesupport_fastrtps_cpp.so
[1.684s] -- Up-to-date: /home/zhihuili/RM_prac/install/turtlebot3_msgs/lib/libturtlebot3_msgs__rosidl_typesupport_introspection_c.so
[1.684s] -- Up-to-date: /home/zhihuili/RM_prac/install/turtlebot3_msgs/lib/libturtlebot3_msgs__rosidl_typesupport_c.so
[1.684s] -- Up-to-date: /home/zhihuili/RM_prac/install/turtlebot3_msgs/lib/libturtlebot3_msgs__rosidl_typesupport_introspection_cpp.so
[1.685s] -- Up-to-date: /home/zhihuili/RM_prac/install/turtlebot3_msgs/lib/libturtlebot3_msgs__rosidl_typesupport_cpp.so
[1.713s] Listing '/home/zhihuili/RM_prac/install/turtlebot3_msgs/local/lib/python3.10/dist-packages/turtlebot3_msgs'...
[1.713s] Compiling '/home/zhihuili/RM_prac/install/turtlebot3_msgs/local/lib/python3.10/dist-packages/turtlebot3_msgs/__init__.py'...
[1.714s] Listing '/home/zhihuili/RM_prac/install/turtlebot3_msgs/local/lib/python3.10/dist-packages/turtlebot3_msgs/action'...
[1.714s] Listing '/home/zhihuili/RM_prac/install/turtlebot3_msgs/local/lib/python3.10/dist-packages/turtlebot3_msgs/msg'...
[1.714s] Listing '/home/zhihuili/RM_prac/install/turtlebot3_msgs/local/lib/python3.10/dist-packages/turtlebot3_msgs/srv'...
[1.718s] -- Up-to-date: /home/zhihuili/RM_prac/install/turtlebot3_msgs/lib/libturtlebot3_msgs__rosidl_generator_py.so
[1.718s] -- Up-to-date: /home/zhihuili/RM_prac/install/turtlebot3_msgs/share/turtlebot3_msgs/cmake/export_turtlebot3_msgs__rosidl_generator_cExport.cmake
[1.718s] -- Up-to-date: /home/zhihuili/RM_prac/install/turtlebot3_msgs/share/turtlebot3_msgs/cmake/export_turtlebot3_msgs__rosidl_generator_cExport-noconfig.cmake
[1.718s] -- Up-to-date: /home/zhihuili/RM_prac/install/turtlebot3_msgs/share/turtlebot3_msgs/cmake/export_turtlebot3_msgs__rosidl_typesupport_fastrtps_cExport.cmake
[1.718s] -- Up-to-date: /home/zhihuili/RM_prac/install/turtlebot3_msgs/share/turtlebot3_msgs/cmake/export_turtlebot3_msgs__rosidl_typesupport_fastrtps_cExport-noconfig.cmake
[1.718s] -- Up-to-date: /home/zhihuili/RM_prac/install/turtlebot3_msgs/share/turtlebot3_msgs/cmake/export_turtlebot3_msgs__rosidl_generator_cppExport.cmake
[1.718s] -- Up-to-date: /home/zhihuili/RM_prac/install/turtlebot3_msgs/share/turtlebot3_msgs/cmake/export_turtlebot3_msgs__rosidl_typesupport_fastrtps_cppExport.cmake
[1.718s] -- Up-to-date: /home/zhihuili/RM_prac/install/turtlebot3_msgs/share/turtlebot3_msgs/cmake/export_turtlebot3_msgs__rosidl_typesupport_fastrtps_cppExport-noconfig.cmake
[1.719s] -- Up-to-date: /home/zhihuili/RM_prac/install/turtlebot3_msgs/share/turtlebot3_msgs/cmake/turtlebot3_msgs__rosidl_typesupport_introspection_cExport.cmake
[1.719s] -- Up-to-date: /home/zhihuili/RM_prac/install/turtlebot3_msgs/share/turtlebot3_msgs/cmake/turtlebot3_msgs__rosidl_typesupport_introspection_cExport-noconfig.cmake
[1.719s] -- Up-to-date: /home/zhihuili/RM_prac/install/turtlebot3_msgs/share/turtlebot3_msgs/cmake/turtlebot3_msgs__rosidl_typesupport_cExport.cmake
[1.719s] -- Up-to-date: /home/zhihuili/RM_prac/install/turtlebot3_msgs/share/turtlebot3_msgs/cmake/turtlebot3_msgs__rosidl_typesupport_cExport-noconfig.cmake
[1.719s] -- Up-to-date: /home/zhihuili/RM_prac/install/turtlebot3_msgs/share/turtlebot3_msgs/cmake/turtlebot3_msgs__rosidl_typesupport_introspection_cppExport.cmake
[1.719s] -- Up-to-date: /home/zhihuili/RM_prac/install/turtlebot3_msgs/share/turtlebot3_msgs/cmake/turtlebot3_msgs__rosidl_typesupport_introspection_cppExport-noconfig.cmake
[1.719s] -- Up-to-date: /home/zhihuili/RM_prac/install/turtlebot3_msgs/share/turtlebot3_msgs/cmake/turtlebot3_msgs__rosidl_typesupport_cppExport.cmake
[1.719s] -- Up-to-date: /home/zhihuili/RM_prac/install/turtlebot3_msgs/share/turtlebot3_msgs/cmake/turtlebot3_msgs__rosidl_typesupport_cppExport-noconfig.cmake
[1.720s] -- Up-to-date: /home/zhihuili/RM_prac/install/turtlebot3_msgs/share/turtlebot3_msgs/cmake/export_turtlebot3_msgs__rosidl_generator_pyExport.cmake
[1.720s] -- Up-to-date: /home/zhihuili/RM_prac/install/turtlebot3_msgs/share/turtlebot3_msgs/cmake/export_turtlebot3_msgs__rosidl_generator_pyExport-noconfig.cmake
[1.724s] Invoked command in '/home/zhihuili/RM_prac/build/turtlebot3_msgs' returned '0': CMAKE_PREFIX_PATH=${CMAKE_PREFIX_PATH}:/home/zhihuili/RM_prac/install/turtlebot3_dqn:/opt/ros/humble /usr/bin/cmake --install /home/zhihuili/RM_prac/build/turtlebot3_msgs
