[0.063s] Invoking command in '/home/zhihuili/RM_prac/build/bringup_turtlebot3_pkg': CMAKE_PREFIX_PATH=${CMAKE_PREFIX_PATH}:/home/zhihuili/RM_prac/install/turtlebot3_dqn:/opt/ros/humble /usr/bin/cmake /home/zhihuili/RM_prac/src/bringup_turtlebot3_pkg -DCMAKE_INSTALL_PREFIX=/home/zhihuili/RM_prac/install/bringup_turtlebot3_pkg
[0.112s] -- Found ament_cmake: 1.3.14 (/opt/ros/humble/share/ament_cmake/cmake)
[0.203s] -- Override CMake install command with custom implementation using symlinks instead of copying resources
[0.220s] -- Found rclcpp: 16.0.19 (/opt/ros/humble/share/rclcpp/cmake)
[0.268s] -- Found rosidl_generator_c: 3.1.8 (/opt/ros/humble/share/rosidl_generator_c/cmake)
[0.270s] -- Found rosidl_adapter: 3.1.8 (/opt/ros/humble/share/rosidl_adapter/cmake)
[0.275s] -- Found rosidl_generator_cpp: 3.1.8 (/opt/ros/humble/share/rosidl_generator_cpp/cmake)
[0.289s] -- Using all available rosidl_typesupport_c: rosidl_typesupport_fastrtps_c;rosidl_typesupport_introspection_c
[0.295s] -- Using all available rosidl_typesupport_cpp: rosidl_typesupport_fastrtps_cpp;rosidl_typesupport_introspection_cpp
[0.330s] -- Found rmw_implementation_cmake: 6.1.2 (/opt/ros/humble/share/rmw_implementation_cmake/cmake)
[0.334s] -- Found rmw_fastrtps_cpp: 6.2.10 (/opt/ros/humble/share/rmw_fastrtps_cpp/cmake)
[0.466s] -- Using RMW implementation 'rmw_fastrtps_cpp' as default
[0.500s] -- Found geometry_msgs: 4.9.1 (/opt/ros/humble/share/geometry_msgs/cmake)
[0.506s] -- Found tf2: 0.25.20 (/opt/ros/humble/share/tf2/cmake)
[0.508s] -- Found tf2_geometry_msgs: 0.25.20 (/opt/ros/humble/share/tf2_geometry_msgs/cmake)
[0.510s] -- Found eigen3_cmake_module: 0.1.1 (/opt/ros/humble/share/eigen3_cmake_module/cmake)
[0.511s] -- Ensuring Eigen3 include directory is part of orocos-kdl CMake target
[0.561s] -- Found nav_msgs: 4.9.1 (/opt/ros/humble/share/nav_msgs/cmake)
[0.572s] -- Found ament_lint_auto: 0.12.15 (/opt/ros/humble/share/ament_lint_auto/cmake)
[0.615s] -- Added test 'cppcheck' to perform static code analysis on C / C++ code
[0.616s] -- Configured cppcheck include dirs: 
[0.616s] -- Configured cppcheck exclude dirs and/or files: 
[0.616s] -- Added test 'lint_cmake' to check CMake code style
[0.616s] -- Added test 'uncrustify' to check C / C++ code style
[0.616s] -- Configured uncrustify additional arguments: 
[0.616s] -- Added test 'xmllint' to check XML markup files
[0.617s] -- Configuring done
[0.631s] -- Generating done
[0.632s] -- Build files have been written to: /home/zhihuili/RM_prac/build/bringup_turtlebot3_pkg
[0.641s] Invoked command in '/home/zhihuili/RM_prac/build/bringup_turtlebot3_pkg' returned '0': CMAKE_PREFIX_PATH=${CMAKE_PREFIX_PATH}:/home/zhihuili/RM_prac/install/turtlebot3_dqn:/opt/ros/humble /usr/bin/cmake /home/zhihuili/RM_prac/src/bringup_turtlebot3_pkg -DCMAKE_INSTALL_PREFIX=/home/zhihuili/RM_prac/install/bringup_turtlebot3_pkg
[0.642s] Invoking command in '/home/zhihuili/RM_prac/build/bringup_turtlebot3_pkg': CMAKE_PREFIX_PATH=${CMAKE_PREFIX_PATH}:/home/zhihuili/RM_prac/install/turtlebot3_dqn:/opt/ros/humble /usr/bin/cmake --build /home/zhihuili/RM_prac/build/bringup_turtlebot3_pkg -- -j14 -l14
[0.670s] [35m[1mConsolidate compiler generated dependencies of target cmd_vel_publisher[0m
[0.700s] [100%] Built target cmd_vel_publisher
[0.709s] Invoked command in '/home/zhihuili/RM_prac/build/bringup_turtlebot3_pkg' returned '0': CMAKE_PREFIX_PATH=${CMAKE_PREFIX_PATH}:/home/zhihuili/RM_prac/install/turtlebot3_dqn:/opt/ros/humble /usr/bin/cmake --build /home/zhihuili/RM_prac/build/bringup_turtlebot3_pkg -- -j14 -l14
[0.711s] Invoking command in '/home/zhihuili/RM_prac/build/bringup_turtlebot3_pkg': CMAKE_PREFIX_PATH=${CMAKE_PREFIX_PATH}:/home/zhihuili/RM_prac/install/turtlebot3_dqn:/opt/ros/humble /usr/bin/cmake --install /home/zhihuili/RM_prac/build/bringup_turtlebot3_pkg
[0.718s] -- Install configuration: ""
[0.718s] -- Execute custom install script
[0.718s] -- Up-to-date symlink: /home/zhihuili/RM_prac/install/bringup_turtlebot3_pkg/lib/bringup_turtlebot3_pkg/cmd_vel_publisher
[0.718s] -- Up-to-date symlink: /home/zhihuili/RM_prac/install/bringup_turtlebot3_pkg/share/ament_index/resource_index/package_run_dependencies/bringup_turtlebot3_pkg
[0.718s] -- Up-to-date symlink: /home/zhihuili/RM_prac/install/bringup_turtlebot3_pkg/share/ament_index/resource_index/parent_prefix_path/bringup_turtlebot3_pkg
[0.718s] -- Up-to-date symlink: /home/zhihuili/RM_prac/install/bringup_turtlebot3_pkg/share/bringup_turtlebot3_pkg/environment/ament_prefix_path.sh
[0.718s] -- Up-to-date symlink: /home/zhihuili/RM_prac/install/bringup_turtlebot3_pkg/share/bringup_turtlebot3_pkg/environment/ament_prefix_path.dsv
[0.719s] -- Up-to-date symlink: /home/zhihuili/RM_prac/install/bringup_turtlebot3_pkg/share/bringup_turtlebot3_pkg/environment/path.sh
[0.719s] -- Up-to-date symlink: /home/zhihuili/RM_prac/install/bringup_turtlebot3_pkg/share/bringup_turtlebot3_pkg/environment/path.dsv
[0.719s] -- Up-to-date symlink: /home/zhihuili/RM_prac/install/bringup_turtlebot3_pkg/share/bringup_turtlebot3_pkg/local_setup.bash
[0.719s] -- Up-to-date symlink: /home/zhihuili/RM_prac/install/bringup_turtlebot3_pkg/share/bringup_turtlebot3_pkg/local_setup.sh
[0.719s] -- Up-to-date symlink: /home/zhihuili/RM_prac/install/bringup_turtlebot3_pkg/share/bringup_turtlebot3_pkg/local_setup.zsh
[0.719s] -- Up-to-date symlink: /home/zhihuili/RM_prac/install/bringup_turtlebot3_pkg/share/bringup_turtlebot3_pkg/local_setup.dsv
[0.719s] -- Symlinking: /home/zhihuili/RM_prac/install/bringup_turtlebot3_pkg/share/bringup_turtlebot3_pkg/package.dsv
[0.726s] -- Up-to-date symlink: /home/zhihuili/RM_prac/install/bringup_turtlebot3_pkg/share/ament_index/resource_index/packages/bringup_turtlebot3_pkg
[0.726s] -- Up-to-date symlink: /home/zhihuili/RM_prac/install/bringup_turtlebot3_pkg/share/bringup_turtlebot3_pkg/cmake/bringup_turtlebot3_pkgConfig.cmake
[0.727s] -- Up-to-date symlink: /home/zhihuili/RM_prac/install/bringup_turtlebot3_pkg/share/bringup_turtlebot3_pkg/cmake/bringup_turtlebot3_pkgConfig-version.cmake
[0.727s] -- Up-to-date symlink: /home/zhihuili/RM_prac/install/bringup_turtlebot3_pkg/share/bringup_turtlebot3_pkg/package.xml
[0.728s] Invoked command in '/home/zhihuili/RM_prac/build/bringup_turtlebot3_pkg' returned '0': CMAKE_PREFIX_PATH=${CMAKE_PREFIX_PATH}:/home/zhihuili/RM_prac/install/turtlebot3_dqn:/opt/ros/humble /usr/bin/cmake --install /home/zhihuili/RM_prac/build/bringup_turtlebot3_pkg
