[0.061s] Invoking command in '/home/zhihuili/RM_prac/build/transformations_pkg': CMAKE_PREFIX_PATH=${CMAKE_PREFIX_PATH}:/home/zhihuili/RM_prac/install/turtlebot3_dqn:/opt/ros/humble /usr/bin/cmake /home/zhihuili/RM_prac/src/transformations_pkg -DCMAKE_INSTALL_PREFIX=/home/zhihuili/RM_prac/install/transformations_pkg
[0.079s] -- Found ament_cmake: 1.3.14 (/opt/ros/humble/share/ament_cmake/cmake)
[0.188s] -- Override CMake install command with custom implementation using symlinks instead of copying resources
[0.193s] -- Found rclcpp: 16.0.19 (/opt/ros/humble/share/rclcpp/cmake)
[0.236s] -- Found rosidl_generator_c: 3.1.8 (/opt/ros/humble/share/rosidl_generator_c/cmake)
[0.238s] -- Found rosidl_adapter: 3.1.8 (/opt/ros/humble/share/rosidl_adapter/cmake)
[0.245s] -- Found rosidl_generator_cpp: 3.1.8 (/opt/ros/humble/share/rosidl_generator_cpp/cmake)
[0.257s] -- Using all available rosidl_typesupport_c: rosidl_typesupport_fastrtps_c;rosidl_typesupport_introspection_c
[0.263s] -- Using all available rosidl_typesupport_cpp: rosidl_typesupport_fastrtps_cpp;rosidl_typesupport_introspection_cpp
[0.297s] -- Found rmw_implementation_cmake: 6.1.2 (/opt/ros/humble/share/rmw_implementation_cmake/cmake)
[0.300s] -- Found rmw_fastrtps_cpp: 6.2.10 (/opt/ros/humble/share/rmw_fastrtps_cpp/cmake)
[0.434s] -- Using RMW implementation 'rmw_fastrtps_cpp' as default
[0.466s] -- Found geometry_msgs: 4.9.1 (/opt/ros/humble/share/geometry_msgs/cmake)
[0.474s] -- Found tf2: 0.25.20 (/opt/ros/humble/share/tf2/cmake)
[0.476s] -- Found tf2_geometry_msgs: 0.25.20 (/opt/ros/humble/share/tf2_geometry_msgs/cmake)
[0.478s] -- Found eigen3_cmake_module: 0.1.1 (/opt/ros/humble/share/eigen3_cmake_module/cmake)
[0.479s] -- Ensuring Eigen3 include directory is part of orocos-kdl CMake target
[0.532s] -- Found ament_lint_auto: 0.12.15 (/opt/ros/humble/share/ament_lint_auto/cmake)
[0.587s] -- Added test 'cppcheck' to perform static code analysis on C / C++ code
[0.587s] -- Configured cppcheck include dirs: 
[0.588s] -- Configured cppcheck exclude dirs and/or files: 
[0.588s] -- Added test 'lint_cmake' to check CMake code style
[0.588s] -- Added test 'uncrustify' to check C / C++ code style
[0.588s] -- Configured uncrustify additional arguments: 
[0.588s] -- Added test 'xmllint' to check XML markup files
[0.588s] -- Configuring done
[0.598s] -- Generating done
[0.601s] -- Build files have been written to: /home/zhihuili/RM_prac/build/transformations_pkg
[0.630s] Invoked command in '/home/zhihuili/RM_prac/build/transformations_pkg' returned '0': CMAKE_PREFIX_PATH=${CMAKE_PREFIX_PATH}:/home/zhihuili/RM_prac/install/turtlebot3_dqn:/opt/ros/humble /usr/bin/cmake /home/zhihuili/RM_prac/src/transformations_pkg -DCMAKE_INSTALL_PREFIX=/home/zhihuili/RM_prac/install/transformations_pkg
[0.634s] Invoking command in '/home/zhihuili/RM_prac/build/transformations_pkg': CMAKE_PREFIX_PATH=${CMAKE_PREFIX_PATH}:/home/zhihuili/RM_prac/install/turtlebot3_dqn:/opt/ros/humble /usr/bin/cmake --build /home/zhihuili/RM_prac/build/transformations_pkg -- -j14 -l14
[0.661s] [35m[1mConsolidate compiler generated dependencies of target transform_listener[0m
[0.676s] [100%] Built target transform_listener
[0.684s] Invoked command in '/home/zhihuili/RM_prac/build/transformations_pkg' returned '0': CMAKE_PREFIX_PATH=${CMAKE_PREFIX_PATH}:/home/zhihuili/RM_prac/install/turtlebot3_dqn:/opt/ros/humble /usr/bin/cmake --build /home/zhihuili/RM_prac/build/transformations_pkg -- -j14 -l14
[0.685s] Invoking command in '/home/zhihuili/RM_prac/build/transformations_pkg': CMAKE_PREFIX_PATH=${CMAKE_PREFIX_PATH}:/home/zhihuili/RM_prac/install/turtlebot3_dqn:/opt/ros/humble /usr/bin/cmake --install /home/zhihuili/RM_prac/build/transformations_pkg
[0.689s] -- Install configuration: ""
[0.689s] -- Execute custom install script
[0.690s] -- Up-to-date symlink: /home/zhihuili/RM_prac/install/transformations_pkg/lib/transformations_pkg/transform_listener
[0.690s] -- Up-to-date symlink: /home/zhihuili/RM_prac/install/transformations_pkg/share/ament_index/resource_index/package_run_dependencies/transformations_pkg
[0.690s] -- Up-to-date symlink: /home/zhihuili/RM_prac/install/transformations_pkg/share/ament_index/resource_index/parent_prefix_path/transformations_pkg
[0.690s] -- Up-to-date symlink: /home/zhihuili/RM_prac/install/transformations_pkg/share/transformations_pkg/environment/ament_prefix_path.sh
[0.690s] -- Up-to-date symlink: /home/zhihuili/RM_prac/install/transformations_pkg/share/transformations_pkg/environment/ament_prefix_path.dsv
[0.690s] -- Up-to-date symlink: /home/zhihuili/RM_prac/install/transformations_pkg/share/transformations_pkg/environment/path.sh
[0.690s] -- Up-to-date symlink: /home/zhihuili/RM_prac/install/transformations_pkg/share/transformations_pkg/environment/path.dsv
[0.690s] -- Up-to-date symlink: /home/zhihuili/RM_prac/install/transformations_pkg/share/transformations_pkg/local_setup.bash
[0.690s] -- Up-to-date symlink: /home/zhihuili/RM_prac/install/transformations_pkg/share/transformations_pkg/local_setup.sh
[0.690s] -- Up-to-date symlink: /home/zhihuili/RM_prac/install/transformations_pkg/share/transformations_pkg/local_setup.zsh
[0.690s] -- Up-to-date symlink: /home/zhihuili/RM_prac/install/transformations_pkg/share/transformations_pkg/local_setup.dsv
[0.690s] -- Symlinking: /home/zhihuili/RM_prac/install/transformations_pkg/share/transformations_pkg/package.dsv
[0.697s] -- Up-to-date symlink: /home/zhihuili/RM_prac/install/transformations_pkg/share/ament_index/resource_index/packages/transformations_pkg
[0.697s] -- Up-to-date symlink: /home/zhihuili/RM_prac/install/transformations_pkg/share/transformations_pkg/cmake/transformations_pkgConfig.cmake
[0.697s] -- Up-to-date symlink: /home/zhihuili/RM_prac/install/transformations_pkg/share/transformations_pkg/cmake/transformations_pkgConfig-version.cmake
[0.697s] -- Up-to-date symlink: /home/zhihuili/RM_prac/install/transformations_pkg/share/transformations_pkg/package.xml
[0.706s] Invoked command in '/home/zhihuili/RM_prac/build/transformations_pkg' returned '0': CMAKE_PREFIX_PATH=${CMAKE_PREFIX_PATH}:/home/zhihuili/RM_prac/install/turtlebot3_dqn:/opt/ros/humble /usr/bin/cmake --install /home/zhihuili/RM_prac/build/transformations_pkg
