[0.062s] Invoking command in '/home/zhihuili/RM_prac/build/slam_pkg': CMAKE_PREFIX_PATH=${CMAKE_PREFIX_PATH}:/home/zhihuili/RM_prac/install/turtlebot3_dqn:/opt/ros/humble /usr/bin/cmake /home/zhihuili/RM_prac/src/slam_pkg -DCMAKE_INSTALL_PREFIX=/home/zhihuili/RM_prac/install/slam_pkg
[0.084s] -- Found ament_cmake: 1.3.14 (/opt/ros/humble/share/ament_cmake/cmake)
[0.197s] -- Override CMake install command with custom implementation using symlinks instead of copying resources
[0.202s] -- Found rclcpp: 16.0.19 (/opt/ros/humble/share/rclcpp/cmake)
[0.241s] -- Found rosidl_generator_c: 3.1.8 (/opt/ros/humble/share/rosidl_generator_c/cmake)
[0.242s] -- Found rosidl_adapter: 3.1.8 (/opt/ros/humble/share/rosidl_adapter/cmake)
[0.247s] -- Found rosidl_generator_cpp: 3.1.8 (/opt/ros/humble/share/rosidl_generator_cpp/cmake)
[0.262s] -- Using all available rosidl_typesupport_c: rosidl_typesupport_fastrtps_c;rosidl_typesupport_introspection_c
[0.268s] -- Using all available rosidl_typesupport_cpp: rosidl_typesupport_fastrtps_cpp;rosidl_typesupport_introspection_cpp
[0.303s] -- Found rmw_implementation_cmake: 6.1.2 (/opt/ros/humble/share/rmw_implementation_cmake/cmake)
[0.307s] -- Found rmw_fastrtps_cpp: 6.2.10 (/opt/ros/humble/share/rmw_fastrtps_cpp/cmake)
[0.438s] -- Using RMW implementation 'rmw_fastrtps_cpp' as default
[0.471s] -- Found geometry_msgs: 4.9.1 (/opt/ros/humble/share/geometry_msgs/cmake)
[0.479s] -- Found tf2: 0.25.20 (/opt/ros/humble/share/tf2/cmake)
[0.481s] -- Found tf2_geometry_msgs: 0.25.20 (/opt/ros/humble/share/tf2_geometry_msgs/cmake)
[0.483s] -- Found eigen3_cmake_module: 0.1.1 (/opt/ros/humble/share/eigen3_cmake_module/cmake)
[0.485s] -- Ensuring Eigen3 include directory is part of orocos-kdl CMake target
[0.534s] -- Found nav_msgs: 4.9.1 (/opt/ros/humble/share/nav_msgs/cmake)
[0.600s] -- Configuring done
[0.611s] -- Generating done
[0.641s] -- Build files have been written to: /home/zhihuili/RM_prac/build/slam_pkg
[0.647s] Invoked command in '/home/zhihuili/RM_prac/build/slam_pkg' returned '0': CMAKE_PREFIX_PATH=${CMAKE_PREFIX_PATH}:/home/zhihuili/RM_prac/install/turtlebot3_dqn:/opt/ros/humble /usr/bin/cmake /home/zhihuili/RM_prac/src/slam_pkg -DCMAKE_INSTALL_PREFIX=/home/zhihuili/RM_prac/install/slam_pkg
[0.649s] Invoking command in '/home/zhihuili/RM_prac/build/slam_pkg': CMAKE_PREFIX_PATH=${CMAKE_PREFIX_PATH}:/home/zhihuili/RM_prac/install/turtlebot3_dqn:/opt/ros/humble /usr/bin/cmake --build /home/zhihuili/RM_prac/build/slam_pkg -- -j14 -l14
[0.685s] [35m[1mConsolidate compiler generated dependencies of target amcl_odom[0m
[0.701s] [100%] Built target amcl_odom
[0.721s] Invoked command in '/home/zhihuili/RM_prac/build/slam_pkg' returned '0': CMAKE_PREFIX_PATH=${CMAKE_PREFIX_PATH}:/home/zhihuili/RM_prac/install/turtlebot3_dqn:/opt/ros/humble /usr/bin/cmake --build /home/zhihuili/RM_prac/build/slam_pkg -- -j14 -l14
[0.722s] Invoking command in '/home/zhihuili/RM_prac/build/slam_pkg': CMAKE_PREFIX_PATH=${CMAKE_PREFIX_PATH}:/home/zhihuili/RM_prac/install/turtlebot3_dqn:/opt/ros/humble /usr/bin/cmake --install /home/zhihuili/RM_prac/build/slam_pkg
[0.730s] -- Install configuration: ""
[0.730s] -- Execute custom install script
[0.730s] -- Up-to-date symlink: /home/zhihuili/RM_prac/install/slam_pkg/lib/slam_pkg/amcl_odom
[0.730s] -- Up-to-date symlink: /home/zhihuili/RM_prac/install/slam_pkg/share/slam_pkg/launch/cartographer.launch.py
[0.730s] -- Up-to-date symlink: /home/zhihuili/RM_prac/install/slam_pkg/share/slam_pkg/launch/localization.launch.py
[0.730s] -- Up-to-date symlink: /home/zhihuili/RM_prac/install/slam_pkg/share/ament_index/resource_index/package_run_dependencies/slam_pkg
[0.730s] -- Up-to-date symlink: /home/zhihuili/RM_prac/install/slam_pkg/share/ament_index/resource_index/parent_prefix_path/slam_pkg
[0.731s] -- Up-to-date symlink: /home/zhihuili/RM_prac/install/slam_pkg/share/slam_pkg/environment/ament_prefix_path.sh
[0.731s] -- Up-to-date symlink: /home/zhihuili/RM_prac/install/slam_pkg/share/slam_pkg/environment/ament_prefix_path.dsv
[0.731s] -- Up-to-date symlink: /home/zhihuili/RM_prac/install/slam_pkg/share/slam_pkg/environment/path.sh
[0.731s] -- Up-to-date symlink: /home/zhihuili/RM_prac/install/slam_pkg/share/slam_pkg/environment/path.dsv
[0.731s] -- Up-to-date symlink: /home/zhihuili/RM_prac/install/slam_pkg/share/slam_pkg/local_setup.bash
[0.731s] -- Up-to-date symlink: /home/zhihuili/RM_prac/install/slam_pkg/share/slam_pkg/local_setup.sh
[0.731s] -- Up-to-date symlink: /home/zhihuili/RM_prac/install/slam_pkg/share/slam_pkg/local_setup.zsh
[0.731s] -- Up-to-date symlink: /home/zhihuili/RM_prac/install/slam_pkg/share/slam_pkg/local_setup.dsv
[0.731s] -- Symlinking: /home/zhihuili/RM_prac/install/slam_pkg/share/slam_pkg/package.dsv
[0.740s] -- Up-to-date symlink: /home/zhihuili/RM_prac/install/slam_pkg/share/ament_index/resource_index/packages/slam_pkg
[0.740s] -- Up-to-date symlink: /home/zhihuili/RM_prac/install/slam_pkg/share/slam_pkg/cmake/slam_pkgConfig.cmake
[0.740s] -- Up-to-date symlink: /home/zhihuili/RM_prac/install/slam_pkg/share/slam_pkg/cmake/slam_pkgConfig-version.cmake
[0.740s] -- Up-to-date symlink: /home/zhihuili/RM_prac/install/slam_pkg/share/slam_pkg/package.xml
[0.743s] Invoked command in '/home/zhihuili/RM_prac/build/slam_pkg' returned '0': CMAKE_PREFIX_PATH=${CMAKE_PREFIX_PATH}:/home/zhihuili/RM_prac/install/turtlebot3_dqn:/opt/ros/humble /usr/bin/cmake --install /home/zhihuili/RM_prac/build/slam_pkg
