[0.115s] Invoking command in '/home/zhihuili/RM_prac/build/maintenance_mode_pkg': CMAKE_PREFIX_PATH=${CMAKE_PREFIX_PATH}:/home/zhihuili/RM_prac/install/turtlebot3_dqn:/opt/ros/humble /usr/bin/cmake /home/zhihuili/RM_prac/src/maintenance_mode_pkg -DCMAKE_INSTALL_PREFIX=/home/zhihuili/RM_prac/install/maintenance_mode_pkg
[0.515s] -- The C compiler identification is GNU 11.4.0
[0.515s] -- The CXX compiler identification is GNU 11.4.0
[0.515s] -- Detecting C compiler ABI info
[0.515s] -- Detecting C compiler ABI info - done
[0.515s] -- Check for working C compiler: /usr/bin/cc - skipped
[0.515s] -- Detecting C compile features
[0.515s] -- Detecting C compile features - done
[0.515s] -- Detecting CXX compiler ABI info
[0.625s] -- Detecting CXX compiler ABI info - done
[0.635s] -- Check for working CXX compiler: /usr/bin/c++ - skipped
[0.635s] -- Detecting CXX compile features
[0.635s] -- Detecting CXX compile features - done
[0.639s] -- Found ament_cmake: 1.3.14 (/opt/ros/humble/share/ament_cmake/cmake)
[0.929s] -- Found Python3: /usr/bin/python3 (found version "3.10.12") found components: Interpreter 
[1.075s] -- Found rclcpp: 16.0.19 (/opt/ros/humble/share/rclcpp/cmake)
[1.216s] -- Found rosidl_generator_c: 3.1.8 (/opt/ros/humble/share/rosidl_generator_c/cmake)
[1.242s] -- Found rosidl_adapter: 3.1.8 (/opt/ros/humble/share/rosidl_adapter/cmake)
[1.261s] -- Found rosidl_generator_cpp: 3.1.8 (/opt/ros/humble/share/rosidl_generator_cpp/cmake)
[1.292s] -- Using all available rosidl_typesupport_c: rosidl_typesupport_fastrtps_c;rosidl_typesupport_introspection_c
[1.337s] -- Using all available rosidl_typesupport_cpp: rosidl_typesupport_fastrtps_cpp;rosidl_typesupport_introspection_cpp
[1.471s] -- Found rmw_implementation_cmake: 6.1.2 (/opt/ros/humble/share/rmw_implementation_cmake/cmake)
[1.475s] -- Found rmw_fastrtps_cpp: 6.2.10 (/opt/ros/humble/share/rmw_fastrtps_cpp/cmake)
[1.656s] -- Found OpenSSL: /usr/lib/x86_64-linux-gnu/libcrypto.so (found version "3.0.2")  
[1.723s] -- Found FastRTPS: /opt/ros/humble/include  
[1.795s] -- Using RMW implementation 'rmw_fastrtps_cpp' as default
[1.810s] -- Looking for pthread.h
[1.932s] -- Looking for pthread.h - found
[1.932s] -- Performing Test CMAKE_HAVE_LIBC_PTHREAD
[2.070s] -- Performing Test CMAKE_HAVE_LIBC_PTHREAD - Success
[2.072s] -- Found Threads: TRUE  
[2.147s] -- Found geometry_msgs: 4.9.1 (/opt/ros/humble/share/geometry_msgs/cmake)
[2.169s] -- Found sensor_msgs: 4.9.1 (/opt/ros/humble/share/sensor_msgs/cmake)
[2.197s] -- Found std_srvs: 4.9.1 (/opt/ros/humble/share/std_srvs/cmake)
[2.235s] [33mCMake Warning at CMakeLists.txt:15 (find_package):
[2.235s]   By not providing "Findturtlebot3_msgs.cmake" in CMAKE_MODULE_PATH this
[2.235s]   project has asked CMake to find a package configuration file provided by
[2.235s]   "turtlebot3_msgs", but CMake did not find one.
[2.235s] 
[2.235s]   Could not find a package configuration file provided by "turtlebot3_msgs"
[2.235s]   with any of the following names:
[2.235s] 
[2.235s]     turtlebot3_msgsConfig.cmake
[2.235s]     turtlebot3_msgs-config.cmake
[2.235s] 
[2.235s]   Add the installation prefix of "turtlebot3_msgs" to CMAKE_PREFIX_PATH or
[2.235s]   set "turtlebot3_msgs_DIR" to a directory containing one of the above files.
[2.236s]   If "turtlebot3_msgs" provides a separate development package or SDK, be
[2.236s]   sure it has been installed.
[2.236s] 
[2.236s] [0m
[2.236s] -- Configuring incomplete, errors occurred!
[2.236s] See also "/home/zhihuili/RM_prac/build/maintenance_mode_pkg/CMakeFiles/CMakeOutput.log".
[2.238s] [31mCMake Error at /opt/ros/humble/share/ament_cmake_target_dependencies/cmake/ament_target_dependencies.cmake:77 (message):
[2.238s]   ament_target_dependencies() the passed package name 'turtlebot3_msgs' was
[2.238s]   not found before
[2.238s] Call Stack (most recent call first):
[2.238s]   CMakeLists.txt:21 (ament_target_dependencies)
[2.238s] 
[2.238s] [0m
[2.247s] Invoked command in '/home/zhihuili/RM_prac/build/maintenance_mode_pkg' returned '1': CMAKE_PREFIX_PATH=${CMAKE_PREFIX_PATH}:/home/zhihuili/RM_prac/install/turtlebot3_dqn:/opt/ros/humble /usr/bin/cmake /home/zhihuili/RM_prac/src/maintenance_mode_pkg -DCMAKE_INSTALL_PREFIX=/home/zhihuili/RM_prac/install/maintenance_mode_pkg
