[0.057s] Invoking command in '/home/zhihuili/RM_prac/build/transformations_pkg': CMAKE_PREFIX_PATH=${CMAKE_PREFIX_PATH}:/home/zhihuili/RM_prac/install/turtlebot3_dqn:/opt/ros/humble /usr/bin/cmake /home/zhihuili/RM_prac/src/transformations_pkg -DAMENT_CMAKE_SYMLINK_INSTALL=1 -DCMAKE_INSTALL_PREFIX=/home/zhihuili/RM_prac/install/transformations_pkg
[0.080s] -- Found ament_cmake: 1.3.14 (/opt/ros/humble/share/ament_cmake/cmake)
[0.238s] -- Override CMake install command with custom implementation using symlinks instead of copying resources
[0.250s] -- Found rclcpp: 16.0.19 (/opt/ros/humble/share/rclcpp/cmake)
[0.299s] -- Found rosidl_generator_c: 3.1.8 (/opt/ros/humble/share/rosidl_generator_c/cmake)
[0.301s] -- Found rosidl_adapter: 3.1.8 (/opt/ros/humble/share/rosidl_adapter/cmake)
[0.309s] -- Found rosidl_generator_cpp: 3.1.8 (/opt/ros/humble/share/rosidl_generator_cpp/cmake)
[0.318s] -- Using all available rosidl_typesupport_c: rosidl_typesupport_fastrtps_c;rosidl_typesupport_introspection_c
[0.329s] -- Using all available rosidl_typesupport_cpp: rosidl_typesupport_fastrtps_cpp;rosidl_typesupport_introspection_cpp
[0.363s] -- Found rmw_implementation_cmake: 6.1.2 (/opt/ros/humble/share/rmw_implementation_cmake/cmake)
[0.365s] -- Found rmw_fastrtps_cpp: 6.2.10 (/opt/ros/humble/share/rmw_fastrtps_cpp/cmake)
[0.572s] -- Using RMW implementation 'rmw_fastrtps_cpp' as default
[0.624s] -- Found geometry_msgs: 4.9.1 (/opt/ros/humble/share/geometry_msgs/cmake)
[0.636s] -- Found tf2: 0.25.20 (/opt/ros/humble/share/tf2/cmake)
[0.640s] -- Found tf2_geometry_msgs: 0.25.20 (/opt/ros/humble/share/tf2_geometry_msgs/cmake)
[0.643s] -- Found eigen3_cmake_module: 0.1.1 (/opt/ros/humble/share/eigen3_cmake_module/cmake)
[0.644s] -- Ensuring Eigen3 include directory is part of orocos-kdl CMake target
[0.720s] -- Found ament_lint_auto: 0.12.15 (/opt/ros/humble/share/ament_lint_auto/cmake)
[0.845s] -- Added test 'cppcheck' to perform static code analysis on C / C++ code
[0.846s] -- Configured cppcheck include dirs: 
[0.846s] -- Configured cppcheck exclude dirs and/or files: 
[0.846s] -- Added test 'lint_cmake' to check CMake code style
[0.846s] -- Added test 'uncrustify' to check C / C++ code style
[0.846s] -- Configured uncrustify additional arguments: 
[0.847s] -- Added test 'xmllint' to check XML markup files
[0.848s] -- Configuring done
[0.862s] -- Generating done
[0.867s] -- Build files have been written to: /home/zhihuili/RM_prac/build/transformations_pkg
[0.887s] Invoked command in '/home/zhihuili/RM_prac/build/transformations_pkg' returned '0': CMAKE_PREFIX_PATH=${CMAKE_PREFIX_PATH}:/home/zhihuili/RM_prac/install/turtlebot3_dqn:/opt/ros/humble /usr/bin/cmake /home/zhihuili/RM_prac/src/transformations_pkg -DAMENT_CMAKE_SYMLINK_INSTALL=1 -DCMAKE_INSTALL_PREFIX=/home/zhihuili/RM_prac/install/transformations_pkg
[0.888s] Invoking command in '/home/zhihuili/RM_prac/build/transformations_pkg': CMAKE_PREFIX_PATH=${CMAKE_PREFIX_PATH}:/home/zhihuili/RM_prac/install/turtlebot3_dqn:/opt/ros/humble /usr/bin/cmake --build /home/zhihuili/RM_prac/build/transformations_pkg -- -j14 -l14
[0.977s] [ 50%] [32mBuilding CXX object CMakeFiles/transform_listener.dir/src/transform_listener.cpp.o[0m
[18.517s] [100%] [32m[1mLinking CXX executable transform_listener[0m
[19.233s] [100%] Built target transform_listener
[19.254s] Invoked command in '/home/zhihuili/RM_prac/build/transformations_pkg' returned '0': CMAKE_PREFIX_PATH=${CMAKE_PREFIX_PATH}:/home/zhihuili/RM_prac/install/turtlebot3_dqn:/opt/ros/humble /usr/bin/cmake --build /home/zhihuili/RM_prac/build/transformations_pkg -- -j14 -l14
[19.257s] Invoking command in '/home/zhihuili/RM_prac/build/transformations_pkg': CMAKE_PREFIX_PATH=${CMAKE_PREFIX_PATH}:/home/zhihuili/RM_prac/install/turtlebot3_dqn:/opt/ros/humble /usr/bin/cmake --install /home/zhihuili/RM_prac/build/transformations_pkg
[19.269s] -- Install configuration: ""
[19.269s] -- Execute custom install script
[19.270s] -- Symlinking: /home/zhihuili/RM_prac/install/transformations_pkg/lib/transformations_pkg/transform_listener
[19.284s] -- Symlinking: /home/zhihuili/RM_prac/install/transformations_pkg/share/ament_index/resource_index/package_run_dependencies/transformations_pkg
[19.299s] -- Symlinking: /home/zhihuili/RM_prac/install/transformations_pkg/share/ament_index/resource_index/parent_prefix_path/transformations_pkg
[19.315s] -- Symlinking: /home/zhihuili/RM_prac/install/transformations_pkg/share/transformations_pkg/environment/ament_prefix_path.sh
[19.332s] -- Symlinking: /home/zhihuili/RM_prac/install/transformations_pkg/share/transformations_pkg/environment/ament_prefix_path.dsv
[19.351s] -- Symlinking: /home/zhihuili/RM_prac/install/transformations_pkg/share/transformations_pkg/environment/path.sh
[19.367s] -- Symlinking: /home/zhihuili/RM_prac/install/transformations_pkg/share/transformations_pkg/environment/path.dsv
[19.384s] -- Symlinking: /home/zhihuili/RM_prac/install/transformations_pkg/share/transformations_pkg/local_setup.bash
[19.411s] -- Symlinking: /home/zhihuili/RM_prac/install/transformations_pkg/share/transformations_pkg/local_setup.sh
[19.428s] -- Symlinking: /home/zhihuili/RM_prac/install/transformations_pkg/share/transformations_pkg/local_setup.zsh
[19.444s] -- Symlinking: /home/zhihuili/RM_prac/install/transformations_pkg/share/transformations_pkg/local_setup.dsv
[19.460s] -- Symlinking: /home/zhihuili/RM_prac/install/transformations_pkg/share/transformations_pkg/package.dsv
[19.476s] -- Symlinking: /home/zhihuili/RM_prac/install/transformations_pkg/share/ament_index/resource_index/packages/transformations_pkg
[19.492s] -- Symlinking: /home/zhihuili/RM_prac/install/transformations_pkg/share/transformations_pkg/cmake/transformations_pkgConfig.cmake
[19.507s] -- Symlinking: /home/zhihuili/RM_prac/install/transformations_pkg/share/transformations_pkg/cmake/transformations_pkgConfig-version.cmake
[19.522s] -- Symlinking: /home/zhihuili/RM_prac/install/transformations_pkg/share/transformations_pkg/package.xml
[19.543s] Invoked command in '/home/zhihuili/RM_prac/build/transformations_pkg' returned '0': CMAKE_PREFIX_PATH=${CMAKE_PREFIX_PATH}:/home/zhihuili/RM_prac/install/turtlebot3_dqn:/opt/ros/humble /usr/bin/cmake --install /home/zhihuili/RM_prac/build/transformations_pkg
