[0.117s] Invoking command in '/home/zhihuili/RM_prac/build/kinematic_control_pkg': CMAKE_PREFIX_PATH=${CMAKE_PREFIX_PATH}:/home/zhihuili/RM_prac/install/turtlebot3_dqn:/opt/ros/humble /usr/bin/cmake /home/zhihuili/RM_prac/src/kinematic_control_pkg -DCMAKE_INSTALL_PREFIX=/home/zhihuili/RM_prac/install/kinematic_control_pkg
[0.513s] -- The C compiler identification is GNU 11.4.0
[0.514s] -- The CXX compiler identification is GNU 11.4.0
[0.514s] -- Detecting C compiler ABI info
[0.514s] -- Detecting C compiler ABI info - done
[0.514s] -- Check for working C compiler: /usr/bin/cc - skipped
[0.514s] -- Detecting C compile features
[0.514s] -- Detecting C compile features - done
[0.514s] -- Detecting CXX compiler ABI info
[0.647s] -- Detecting CXX compiler ABI info - done
[0.671s] -- Check for working CXX compiler: /usr/bin/c++ - skipped
[0.671s] -- Detecting CXX compile features
[0.671s] -- Detecting CXX compile features - done
[0.673s] -- Found ament_cmake: 1.3.14 (/opt/ros/humble/share/ament_cmake/cmake)
[0.957s] -- Found Python3: /usr/bin/python3 (found version "3.10.12") found components: Interpreter 
[1.188s] -- Found rclcpp: 16.0.19 (/opt/ros/humble/share/rclcpp/cmake)
[1.342s] -- Found rosidl_generator_c: 3.1.8 (/opt/ros/humble/share/rosidl_generator_c/cmake)
[1.355s] -- Found rosidl_adapter: 3.1.8 (/opt/ros/humble/share/rosidl_adapter/cmake)
[1.379s] -- Found rosidl_generator_cpp: 3.1.8 (/opt/ros/humble/share/rosidl_generator_cpp/cmake)
[1.408s] -- Using all available rosidl_typesupport_c: rosidl_typesupport_fastrtps_c;rosidl_typesupport_introspection_c
[1.440s] -- Using all available rosidl_typesupport_cpp: rosidl_typesupport_fastrtps_cpp;rosidl_typesupport_introspection_cpp
[1.537s] -- Found rmw_implementation_cmake: 6.1.2 (/opt/ros/humble/share/rmw_implementation_cmake/cmake)
[1.543s] -- Found rmw_fastrtps_cpp: 6.2.10 (/opt/ros/humble/share/rmw_fastrtps_cpp/cmake)
[1.703s] -- Found OpenSSL: /usr/lib/x86_64-linux-gnu/libcrypto.so (found version "3.0.2")  
[1.754s] -- Found FastRTPS: /opt/ros/humble/include  
[1.843s] -- Using RMW implementation 'rmw_fastrtps_cpp' as default
[1.878s] -- Looking for pthread.h
[1.974s] -- Looking for pthread.h - found
[1.974s] -- Performing Test CMAKE_HAVE_LIBC_PTHREAD
[2.096s] -- Performing Test CMAKE_HAVE_LIBC_PTHREAD - Success
[2.097s] -- Found Threads: TRUE  
[2.192s] -- Found tf2: 0.25.20 (/opt/ros/humble/share/tf2/cmake)
[2.227s] -- Found tf2_geometry_msgs: 0.25.20 (/opt/ros/humble/share/tf2_geometry_msgs/cmake)
[2.257s] -- Found eigen3_cmake_module: 0.1.1 (/opt/ros/humble/share/eigen3_cmake_module/cmake)
[2.258s] -- Found Eigen3: TRUE (found version "3.4.0") 
[2.258s] -- Ensuring Eigen3 include directory is part of orocos-kdl CMake target
[2.402s] -- Found visualization_msgs: 4.9.1 (/opt/ros/humble/share/visualization_msgs/cmake)
[2.450s] -- Found nav_msgs: 4.9.1 (/opt/ros/humble/share/nav_msgs/cmake)
[2.469s] -- Found rosidl_default_generators: 1.2.1 (/opt/ros/humble/share/rosidl_default_generators/cmake)
[2.945s] -- Found ament_cmake_ros: 0.10.0 (/opt/ros/humble/share/ament_cmake_ros/cmake)
[3.659s] -- Using all available rosidl_typesupport_c: rosidl_typesupport_fastrtps_c;rosidl_typesupport_introspection_c
[3.921s] -- Using all available rosidl_typesupport_cpp: rosidl_typesupport_fastrtps_cpp;rosidl_typesupport_introspection_cpp
[3.966s] -- Found PythonInterp: /usr/bin/python3 (found suitable version "3.10.12", minimum required is "3.6") 
[3.969s] -- Found python_cmake_module: 0.10.0 (/opt/ros/humble/share/python_cmake_module/cmake)
[4.018s] -- Found PythonLibs: /usr/lib/x86_64-linux-gnu/libpython3.10.so (found suitable version "3.10.12", minimum required is "3.5") 
[4.018s] -- Using PYTHON_EXECUTABLE: /usr/bin/python3
[4.019s] -- Using PYTHON_INCLUDE_DIRS: /usr/include/python3.10
[4.019s] -- Using PYTHON_LIBRARIES: /usr/lib/x86_64-linux-gnu/libpython3.10.so
[4.065s] -- Found PythonExtra: .so  
[4.365s] -- Configuring done
[4.443s] -- Generating done
[4.468s] -- Build files have been written to: /home/zhihuili/RM_prac/build/kinematic_control_pkg
