-- Found ament_cmake: 1.3.14 (/opt/ros/humble/share/ament_cmake/cmake)
-- Override CMake install command with custom implementation using symlinks instead of copying resources
-- Found rclcpp: 16.0.19 (/opt/ros/humble/share/rclcpp/cmake)
-- Found rosidl_generator_c: 3.1.8 (/opt/ros/humble/share/rosidl_generator_c/cmake)
-- Found rosidl_adapter: 3.1.8 (/opt/ros/humble/share/rosidl_adapter/cmake)
-- Found rosidl_generator_cpp: 3.1.8 (/opt/ros/humble/share/rosidl_generator_cpp/cmake)
-- Using all available rosidl_typesupport_c: rosidl_typesupport_fastrtps_c;rosidl_typesupport_introspection_c
-- Using all available rosidl_typesupport_cpp: rosidl_typesupport_fastrtps_cpp;rosidl_typesupport_introspection_cpp
-- Found rmw_implementation_cmake: 6.1.2 (/opt/ros/humble/share/rmw_implementation_cmake/cmake)
-- Found rmw_fastrtps_cpp: 6.2.10 (/opt/ros/humble/share/rmw_fastrtps_cpp/cmake)
-- Using RMW implementation 'rmw_fastrtps_cpp' as default
-- Found tf2_geometry_msgs: 0.25.20 (/opt/ros/humble/share/tf2_geometry_msgs/cmake)
-- Found eigen3_cmake_module: 0.1.1 (/opt/ros/humble/share/eigen3_cmake_module/cmake)
-- Ensuring Eigen3 include directory is part of orocos-kdl CMake target
-- Found ament_lint_auto: 0.12.15 (/opt/ros/humble/share/ament_lint_auto/cmake)
-- Added test 'cppcheck' to perform static code analysis on C / C++ code
-- Configured cppcheck include dirs: 
-- Configured cppcheck exclude dirs and/or files: 
-- Added test 'flake8' to check Python code syntax and style conventions
-- Added test 'lint_cmake' to check CMake code style
-- Added test 'pep257' to check Python code against some of the docstring style conventions in PEP 257
-- Added test 'uncrustify' to check C / C++ code style
-- Configured uncrustify additional arguments: 
-- Added test 'xmllint' to check XML markup files
-- Configuring done
-- Generating done
-- Build files have been written to: /home/zhihuili/RM_prac/build/intro_ros_pkg
[35m[1mConsolidate compiler generated dependencies of target subscriber[0m
[35m[1mConsolidate compiler generated dependencies of target publisher[0m
[100%] Built target publisher
[100%] Built target subscriber
-- Install configuration: ""
-- Execute custom install script
-- Up-to-date symlink: /home/zhihuili/RM_prac/install/intro_ros_pkg/lib/intro_ros_pkg/publisher
-- Up-to-date symlink: /home/zhihuili/RM_prac/install/intro_ros_pkg/lib/intro_ros_pkg/subscriber
-- Up-to-date symlink: /home/zhihuili/RM_prac/install/intro_ros_pkg/share/intro_ros_pkg//launch/intro_ros.launch.py
-- Up-to-date symlink: /home/zhihuili/RM_prac/install/intro_ros_pkg/share/intro_ros_pkg//launch/intro_ros_param.launch.py
-- Up-to-date symlink: /home/zhihuili/RM_prac/install/intro_ros_pkg/share/intro_ros_pkg//launch/intro_ros_remap.launch.py
-- Up-to-date symlink: /home/zhihuili/RM_prac/install/intro_ros_pkg/share/ament_index/resource_index/package_run_dependencies/intro_ros_pkg
-- Up-to-date symlink: /home/zhihuili/RM_prac/install/intro_ros_pkg/share/ament_index/resource_index/parent_prefix_path/intro_ros_pkg
-- Up-to-date symlink: /home/zhihuili/RM_prac/install/intro_ros_pkg/share/intro_ros_pkg/environment/ament_prefix_path.sh
-- Up-to-date symlink: /home/zhihuili/RM_prac/install/intro_ros_pkg/share/intro_ros_pkg/environment/ament_prefix_path.dsv
-- Up-to-date symlink: /home/zhihuili/RM_prac/install/intro_ros_pkg/share/intro_ros_pkg/environment/path.sh
-- Up-to-date symlink: /home/zhihuili/RM_prac/install/intro_ros_pkg/share/intro_ros_pkg/environment/path.dsv
-- Up-to-date symlink: /home/zhihuili/RM_prac/install/intro_ros_pkg/share/intro_ros_pkg/local_setup.bash
-- Up-to-date symlink: /home/zhihuili/RM_prac/install/intro_ros_pkg/share/intro_ros_pkg/local_setup.sh
-- Up-to-date symlink: /home/zhihuili/RM_prac/install/intro_ros_pkg/share/intro_ros_pkg/local_setup.zsh
-- Up-to-date symlink: /home/zhihuili/RM_prac/install/intro_ros_pkg/share/intro_ros_pkg/local_setup.dsv
-- Symlinking: /home/zhihuili/RM_prac/install/intro_ros_pkg/share/intro_ros_pkg/package.dsv
-- Up-to-date symlink: /home/zhihuili/RM_prac/install/intro_ros_pkg/share/ament_index/resource_index/packages/intro_ros_pkg
-- Up-to-date symlink: /home/zhihuili/RM_prac/install/intro_ros_pkg/share/intro_ros_pkg/cmake/intro_ros_pkgConfig.cmake
-- Up-to-date symlink: /home/zhihuili/RM_prac/install/intro_ros_pkg/share/intro_ros_pkg/cmake/intro_ros_pkgConfig-version.cmake
-- Up-to-date symlink: /home/zhihuili/RM_prac/install/intro_ros_pkg/share/intro_ros_pkg/package.xml
