[0.056s] Invoking command in '/home/zhihuili/RM_prac/build/bringup_turtlebot3_pkg': CMAKE_PREFIX_PATH=${CMAKE_PREFIX_PATH}:/home/zhihuili/RM_prac/install/turtlebot3_dqn:/opt/ros/humble /usr/bin/cmake /home/zhihuili/RM_prac/src/bringup_turtlebot3_pkg -DAMENT_CMAKE_SYMLINK_INSTALL=1 -DCMAKE_INSTALL_PREFIX=/home/zhihuili/RM_prac/install/bringup_turtlebot3_pkg
[0.096s] -- Found ament_cmake: 1.3.14 (/opt/ros/humble/share/ament_cmake/cmake)
[0.253s] -- Override CMake install command with custom implementation using symlinks instead of copying resources
[0.264s] -- Found rclcpp: 16.0.19 (/opt/ros/humble/share/rclcpp/cmake)
[0.320s] -- Found rosidl_generator_c: 3.1.8 (/opt/ros/humble/share/rosidl_generator_c/cmake)
[0.327s] -- Found rosidl_adapter: 3.1.8 (/opt/ros/humble/share/rosidl_adapter/cmake)
[0.334s] -- Found rosidl_generator_cpp: 3.1.8 (/opt/ros/humble/share/rosidl_generator_cpp/cmake)
[0.349s] -- Using all available rosidl_typesupport_c: rosidl_typesupport_fastrtps_c;rosidl_typesupport_introspection_c
[0.367s] -- Using all available rosidl_typesupport_cpp: rosidl_typesupport_fastrtps_cpp;rosidl_typesupport_introspection_cpp
[0.416s] -- Found rmw_implementation_cmake: 6.1.2 (/opt/ros/humble/share/rmw_implementation_cmake/cmake)
[0.418s] -- Found rmw_fastrtps_cpp: 6.2.10 (/opt/ros/humble/share/rmw_fastrtps_cpp/cmake)
[0.599s] -- Using RMW implementation 'rmw_fastrtps_cpp' as default
[0.679s] -- Found geometry_msgs: 4.9.1 (/opt/ros/humble/share/geometry_msgs/cmake)
[0.697s] -- Found tf2: 0.25.20 (/opt/ros/humble/share/tf2/cmake)
[0.704s] -- Found tf2_geometry_msgs: 0.25.20 (/opt/ros/humble/share/tf2_geometry_msgs/cmake)
[0.709s] -- Found eigen3_cmake_module: 0.1.1 (/opt/ros/humble/share/eigen3_cmake_module/cmake)
[0.711s] -- Ensuring Eigen3 include directory is part of orocos-kdl CMake target
[0.830s] -- Found nav_msgs: 4.9.1 (/opt/ros/humble/share/nav_msgs/cmake)
[0.858s] -- Found ament_lint_auto: 0.12.15 (/opt/ros/humble/share/ament_lint_auto/cmake)
[0.989s] -- Added test 'cppcheck' to perform static code analysis on C / C++ code
[0.989s] -- Configured cppcheck include dirs: 
[0.990s] -- Configured cppcheck exclude dirs and/or files: 
[0.990s] -- Added test 'lint_cmake' to check CMake code style
[0.990s] -- Added test 'uncrustify' to check C / C++ code style
[0.990s] -- Configured uncrustify additional arguments: 
[0.990s] -- Added test 'xmllint' to check XML markup files
[0.990s] -- Configuring done
[1.015s] -- Generating done
[1.021s] -- Build files have been written to: /home/zhihuili/RM_prac/build/bringup_turtlebot3_pkg
[1.061s] Invoked command in '/home/zhihuili/RM_prac/build/bringup_turtlebot3_pkg' returned '0': CMAKE_PREFIX_PATH=${CMAKE_PREFIX_PATH}:/home/zhihuili/RM_prac/install/turtlebot3_dqn:/opt/ros/humble /usr/bin/cmake /home/zhihuili/RM_prac/src/bringup_turtlebot3_pkg -DAMENT_CMAKE_SYMLINK_INSTALL=1 -DCMAKE_INSTALL_PREFIX=/home/zhihuili/RM_prac/install/bringup_turtlebot3_pkg
[1.062s] Invoking command in '/home/zhihuili/RM_prac/build/bringup_turtlebot3_pkg': CMAKE_PREFIX_PATH=${CMAKE_PREFIX_PATH}:/home/zhihuili/RM_prac/install/turtlebot3_dqn:/opt/ros/humble /usr/bin/cmake --build /home/zhihuili/RM_prac/build/bringup_turtlebot3_pkg -- -j14 -l14
[1.149s] [ 50%] [32mBuilding CXX object CMakeFiles/cmd_vel_publisher.dir/src/cmd_vel_publisher.cpp.o[0m
[17.842s] [100%] [32m[1mLinking CXX executable cmd_vel_publisher[0m
[18.566s] [100%] Built target cmd_vel_publisher
[18.587s] Invoked command in '/home/zhihuili/RM_prac/build/bringup_turtlebot3_pkg' returned '0': CMAKE_PREFIX_PATH=${CMAKE_PREFIX_PATH}:/home/zhihuili/RM_prac/install/turtlebot3_dqn:/opt/ros/humble /usr/bin/cmake --build /home/zhihuili/RM_prac/build/bringup_turtlebot3_pkg -- -j14 -l14
[18.591s] Invoking command in '/home/zhihuili/RM_prac/build/bringup_turtlebot3_pkg': CMAKE_PREFIX_PATH=${CMAKE_PREFIX_PATH}:/home/zhihuili/RM_prac/install/turtlebot3_dqn:/opt/ros/humble /usr/bin/cmake --install /home/zhihuili/RM_prac/build/bringup_turtlebot3_pkg
[18.603s] -- Install configuration: ""
[18.604s] -- Execute custom install script
[18.604s] -- Symlinking: /home/zhihuili/RM_prac/install/bringup_turtlebot3_pkg/lib/bringup_turtlebot3_pkg/cmd_vel_publisher
[18.618s] -- Symlinking: /home/zhihuili/RM_prac/install/bringup_turtlebot3_pkg/share/ament_index/resource_index/package_run_dependencies/bringup_turtlebot3_pkg
[18.634s] -- Symlinking: /home/zhihuili/RM_prac/install/bringup_turtlebot3_pkg/share/ament_index/resource_index/parent_prefix_path/bringup_turtlebot3_pkg
[18.651s] -- Symlinking: /home/zhihuili/RM_prac/install/bringup_turtlebot3_pkg/share/bringup_turtlebot3_pkg/environment/ament_prefix_path.sh
[18.667s] -- Symlinking: /home/zhihuili/RM_prac/install/bringup_turtlebot3_pkg/share/bringup_turtlebot3_pkg/environment/ament_prefix_path.dsv
[18.683s] -- Symlinking: /home/zhihuili/RM_prac/install/bringup_turtlebot3_pkg/share/bringup_turtlebot3_pkg/environment/path.sh
[18.709s] -- Symlinking: /home/zhihuili/RM_prac/install/bringup_turtlebot3_pkg/share/bringup_turtlebot3_pkg/environment/path.dsv
[18.726s] -- Symlinking: /home/zhihuili/RM_prac/install/bringup_turtlebot3_pkg/share/bringup_turtlebot3_pkg/local_setup.bash
[18.743s] -- Symlinking: /home/zhihuili/RM_prac/install/bringup_turtlebot3_pkg/share/bringup_turtlebot3_pkg/local_setup.sh
[18.761s] -- Symlinking: /home/zhihuili/RM_prac/install/bringup_turtlebot3_pkg/share/bringup_turtlebot3_pkg/local_setup.zsh
[18.779s] -- Symlinking: /home/zhihuili/RM_prac/install/bringup_turtlebot3_pkg/share/bringup_turtlebot3_pkg/local_setup.dsv
[18.797s] -- Symlinking: /home/zhihuili/RM_prac/install/bringup_turtlebot3_pkg/share/bringup_turtlebot3_pkg/package.dsv
[18.815s] -- Symlinking: /home/zhihuili/RM_prac/install/bringup_turtlebot3_pkg/share/ament_index/resource_index/packages/bringup_turtlebot3_pkg
[18.832s] -- Symlinking: /home/zhihuili/RM_prac/install/bringup_turtlebot3_pkg/share/bringup_turtlebot3_pkg/cmake/bringup_turtlebot3_pkgConfig.cmake
[18.848s] -- Symlinking: /home/zhihuili/RM_prac/install/bringup_turtlebot3_pkg/share/bringup_turtlebot3_pkg/cmake/bringup_turtlebot3_pkgConfig-version.cmake
[18.864s] -- Symlinking: /home/zhihuili/RM_prac/install/bringup_turtlebot3_pkg/share/bringup_turtlebot3_pkg/package.xml
[18.885s] Invoked command in '/home/zhihuili/RM_prac/build/bringup_turtlebot3_pkg' returned '0': CMAKE_PREFIX_PATH=${CMAKE_PREFIX_PATH}:/home/zhihuili/RM_prac/install/turtlebot3_dqn:/opt/ros/humble /usr/bin/cmake --install /home/zhihuili/RM_prac/build/bringup_turtlebot3_pkg
