-- Found ament_cmake: 1.3.14 (/opt/ros/humble/share/ament_cmake/cmake)
-- Override CMake install command with custom implementation using symlinks instead of copying resources
-- Found rclcpp: 16.0.19 (/opt/ros/humble/share/rclcpp/cmake)
-- Found rosidl_generator_c: 3.1.8 (/opt/ros/humble/share/rosidl_generator_c/cmake)
-- Found rosidl_adapter: 3.1.8 (/opt/ros/humble/share/rosidl_adapter/cmake)
-- Found rosidl_generator_cpp: 3.1.8 (/opt/ros/humble/share/rosidl_generator_cpp/cmake)
-- Using all available rosidl_typesupport_c: rosidl_typesupport_fastrtps_c;rosidl_typesupport_introspection_c
-- Using all available rosidl_typesupport_cpp: rosidl_typesupport_fastrtps_cpp;rosidl_typesupport_introspection_cpp
-- Found rmw_implementation_cmake: 6.1.2 (/opt/ros/humble/share/rmw_implementation_cmake/cmake)
-- Found rmw_fastrtps_cpp: 6.2.10 (/opt/ros/humble/share/rmw_fastrtps_cpp/cmake)
-- Using RMW implementation 'rmw_fastrtps_cpp' as default
-- Found geometry_msgs: 4.9.1 (/opt/ros/humble/share/geometry_msgs/cmake)
-- Found tf2: 0.25.20 (/opt/ros/humble/share/tf2/cmake)
-- Found tf2_geometry_msgs: 0.25.20 (/opt/ros/humble/share/tf2_geometry_msgs/cmake)
-- Found eigen3_cmake_module: 0.1.1 (/opt/ros/humble/share/eigen3_cmake_module/cmake)
-- Ensuring Eigen3 include directory is part of orocos-kdl CMake target
-- Found visualization_msgs: 4.9.1 (/opt/ros/humble/share/visualization_msgs/cmake)
-- Found nav_msgs: 4.9.1 (/opt/ros/humble/share/nav_msgs/cmake)
-- Found rosidl_default_generators: 1.2.1 (/opt/ros/humble/share/rosidl_default_generators/cmake)
-- Found ament_cmake_ros: 0.10.0 (/opt/ros/humble/share/ament_cmake_ros/cmake)
-- Using all available rosidl_typesupport_c: rosidl_typesupport_fastrtps_c;rosidl_typesupport_introspection_c
-- Using all available rosidl_typesupport_cpp: rosidl_typesupport_fastrtps_cpp;rosidl_typesupport_introspection_cpp
-- Found python_cmake_module: 0.10.0 (/opt/ros/humble/share/python_cmake_module/cmake)
-- Using PYTHON_EXECUTABLE: /usr/bin/python3
-- Using PYTHON_INCLUDE_DIRS: /usr/include/python3.10
-- Using PYTHON_LIBRARIES: /usr/lib/x86_64-linux-gnu/libpython3.10.so
-- Configuring done
-- Generating done
-- Build files have been written to: /home/zhihuili/RM_prac/build/pure_pursuit_pkg
[35m[1mConsolidate compiler generated dependencies of target pure_pursuit_pkg__rosidl_generator_c[0m
[  5%] Built target pure_pursuit_pkg__cpp
[  5%] Built target pure_pursuit_pkg__rs
[ 13%] Built target pure_pursuit_pkg__rosidl_generator_c
[ 13%] Built target ament_cmake_python_symlink_pure_pursuit_pkg
[35m[1mConsolidate compiler generated dependencies of target pure_pursuit_pkg__rosidl_typesupport_introspection_cpp[0m
[35m[1mConsolidate compiler generated dependencies of target pure_pursuit_pkg__rosidl_typesupport_cpp[0m
[35m[1mConsolidate compiler generated dependencies of target pure_pursuit_pkg__rosidl_typesupport_introspection_c[0m
[35m[1mConsolidate compiler generated dependencies of target pure_pursuit_pkg__rosidl_typesupport_c[0m
[35m[1mConsolidate compiler generated dependencies of target pure_pursuit_pkg__rosidl_typesupport_fastrtps_c[0m
[35m[1mConsolidate compiler generated dependencies of target pure_pursuit_pkg__rosidl_typesupport_fastrtps_cpp[0m
[ 21%] Built target pure_pursuit_pkg__rosidl_typesupport_introspection_cpp
[ 28%] Built target pure_pursuit_pkg__rosidl_typesupport_cpp
[ 42%] Built target pure_pursuit_pkg__rosidl_typesupport_fastrtps_cpp
[ 44%] Built target pure_pursuit_pkg__rosidl_typesupport_c
[ 52%] Built target pure_pursuit_pkg__rosidl_typesupport_introspection_c
[ 60%] Built target pure_pursuit_pkg__rosidl_typesupport_fastrtps_c
[35m[1mConsolidate compiler generated dependencies of target waypoint_tools_lib[0m
[35m[1mConsolidate compiler generated dependencies of target waypoints_node[0m
[ 65%] Built target waypoint_tools_lib
[ 65%] Built target pure_pursuit_pkg
[35m[1mConsolidate compiler generated dependencies of target pure_pursuit_odom[0m
[ 71%] Built target waypoints_node
[ 76%] Built target pure_pursuit_odom
[ 78%] Built target pure_pursuit_pkg__py
[35m[1mConsolidate compiler generated dependencies of target pure_pursuit_pkg__rosidl_generator_py[0m
[ 84%] Built target pure_pursuit_pkg__rosidl_generator_py
[35m[1mConsolidate compiler generated dependencies of target pure_pursuit_pkg__rosidl_typesupport_c__pyext[0m
[35m[1mConsolidate compiler generated dependencies of target pure_pursuit_pkg__rosidl_typesupport_introspection_c__pyext[0m
[35m[1mConsolidate compiler generated dependencies of target pure_pursuit_pkg__rosidl_typesupport_fastrtps_c__pyext[0m
[100%] Built target pure_pursuit_pkg__rosidl_typesupport_c__pyext
[100%] Built target pure_pursuit_pkg__rosidl_typesupport_introspection_c__pyext
[100%] Built target pure_pursuit_pkg__rosidl_typesupport_fastrtps_c__pyext
running egg_info
writing pure_pursuit_pkg.egg-info/PKG-INFO
writing dependency_links to pure_pursuit_pkg.egg-info/dependency_links.txt
writing top-level names to pure_pursuit_pkg.egg-info/top_level.txt
reading manifest file 'pure_pursuit_pkg.egg-info/SOURCES.txt'
writing manifest file 'pure_pursuit_pkg.egg-info/SOURCES.txt'
[100%] Built target ament_cmake_python_build_pure_pursuit_pkg_egg
-- Install configuration: ""
-- Execute custom install script
-- Up-to-date symlink: /home/zhihuili/RM_prac/install/pure_pursuit_pkg/share/ament_index/resource_index/rosidl_interfaces/pure_pursuit_pkg
-- Up-to-date symlink: /home/zhihuili/RM_prac/install/pure_pursuit_pkg/include/pure_pursuit_pkg/pure_pursuit_pkg/msg/detail/way_point_path__functions.h
-- Up-to-date symlink: /home/zhihuili/RM_prac/install/pure_pursuit_pkg/include/pure_pursuit_pkg/pure_pursuit_pkg/msg/detail/way_point_path__struct.h
-- Up-to-date symlink: /home/zhihuili/RM_prac/install/pure_pursuit_pkg/include/pure_pursuit_pkg/pure_pursuit_pkg/msg/detail/way_point_path__type_support.h
-- Up-to-date symlink: /home/zhihuili/RM_prac/install/pure_pursuit_pkg/include/pure_pursuit_pkg/pure_pursuit_pkg/msg/rosidl_generator_c__visibility_control.h
-- Up-to-date symlink: /home/zhihuili/RM_prac/install/pure_pursuit_pkg/include/pure_pursuit_pkg/pure_pursuit_pkg/msg/way_point_path.h
-- Up-to-date symlink: /home/zhihuili/RM_prac/install/pure_pursuit_pkg/share/pure_pursuit_pkg/environment/library_path.sh
-- Up-to-date symlink: /home/zhihuili/RM_prac/install/pure_pursuit_pkg/share/pure_pursuit_pkg/environment/library_path.dsv
-- Up-to-date symlink: /home/zhihuili/RM_prac/install/pure_pursuit_pkg/include/pure_pursuit_pkg/pure_pursuit_pkg/msg/detail/way_point_path__rosidl_typesupport_fastrtps_c.h
-- Up-to-date symlink: /home/zhihuili/RM_prac/install/pure_pursuit_pkg/include/pure_pursuit_pkg/pure_pursuit_pkg/msg/rosidl_typesupport_fastrtps_c__visibility_control.h
-- Up-to-date symlink: /home/zhihuili/RM_prac/install/pure_pursuit_pkg/include/pure_pursuit_pkg/pure_pursuit_pkg/msg/detail/way_point_path__builder.hpp
-- Up-to-date symlink: /home/zhihuili/RM_prac/install/pure_pursuit_pkg/include/pure_pursuit_pkg/pure_pursuit_pkg/msg/detail/way_point_path__struct.hpp
-- Up-to-date symlink: /home/zhihuili/RM_prac/install/pure_pursuit_pkg/include/pure_pursuit_pkg/pure_pursuit_pkg/msg/detail/way_point_path__traits.hpp
-- Up-to-date symlink: /home/zhihuili/RM_prac/install/pure_pursuit_pkg/include/pure_pursuit_pkg/pure_pursuit_pkg/msg/detail/way_point_path__type_support.hpp
-- Up-to-date symlink: /home/zhihuili/RM_prac/install/pure_pursuit_pkg/include/pure_pursuit_pkg/pure_pursuit_pkg/msg/rosidl_generator_cpp__visibility_control.hpp
-- Up-to-date symlink: /home/zhihuili/RM_prac/install/pure_pursuit_pkg/include/pure_pursuit_pkg/pure_pursuit_pkg/msg/way_point_path.hpp
-- Up-to-date symlink: /home/zhihuili/RM_prac/install/pure_pursuit_pkg/include/pure_pursuit_pkg/pure_pursuit_pkg/msg/detail/way_point_path__rosidl_typesupport_fastrtps_cpp.hpp
-- Up-to-date symlink: /home/zhihuili/RM_prac/install/pure_pursuit_pkg/include/pure_pursuit_pkg/pure_pursuit_pkg/msg/rosidl_typesupport_fastrtps_cpp__visibility_control.h
-- Up-to-date symlink: /home/zhihuili/RM_prac/install/pure_pursuit_pkg/include/pure_pursuit_pkg/pure_pursuit_pkg/msg/detail/way_point_path__rosidl_typesupport_introspection_c.h
-- Up-to-date symlink: /home/zhihuili/RM_prac/install/pure_pursuit_pkg/include/pure_pursuit_pkg/pure_pursuit_pkg/msg/rosidl_typesupport_introspection_c__visibility_control.h
-- Up-to-date symlink: /home/zhihuili/RM_prac/install/pure_pursuit_pkg/include/pure_pursuit_pkg/pure_pursuit_pkg/msg/detail/way_point_path__rosidl_typesupport_introspection_cpp.hpp
-- Up-to-date symlink: /home/zhihuili/RM_prac/install/pure_pursuit_pkg/share/pure_pursuit_pkg/environment/pythonpath.sh
-- Up-to-date symlink: /home/zhihuili/RM_prac/install/pure_pursuit_pkg/share/pure_pursuit_pkg/environment/pythonpath.dsv
-- Up-to-date symlink: /home/zhihuili/RM_prac/install/pure_pursuit_pkg/local/lib/python3.10/dist-packages/pure_pursuit_pkg-0.0.0-py3.10.egg-info/PKG-INFO
-- Up-to-date symlink: /home/zhihuili/RM_prac/install/pure_pursuit_pkg/local/lib/python3.10/dist-packages/pure_pursuit_pkg-0.0.0-py3.10.egg-info/SOURCES.txt
-- Up-to-date symlink: /home/zhihuili/RM_prac/install/pure_pursuit_pkg/local/lib/python3.10/dist-packages/pure_pursuit_pkg-0.0.0-py3.10.egg-info/dependency_links.txt
-- Up-to-date symlink: /home/zhihuili/RM_prac/install/pure_pursuit_pkg/local/lib/python3.10/dist-packages/pure_pursuit_pkg-0.0.0-py3.10.egg-info/top_level.txt
-- Up-to-date symlink: /home/zhihuili/RM_prac/install/pure_pursuit_pkg/local/lib/python3.10/dist-packages/pure_pursuit_pkg/__init__.py
-- Up-to-date symlink: /home/zhihuili/RM_prac/install/pure_pursuit_pkg/local/lib/python3.10/dist-packages/pure_pursuit_pkg/_pure_pursuit_pkg_s.ep.rosidl_typesupport_c.c
-- Up-to-date symlink: /home/zhihuili/RM_prac/install/pure_pursuit_pkg/local/lib/python3.10/dist-packages/pure_pursuit_pkg/_pure_pursuit_pkg_s.ep.rosidl_typesupport_fastrtps_c.c
-- Up-to-date symlink: /home/zhihuili/RM_prac/install/pure_pursuit_pkg/local/lib/python3.10/dist-packages/pure_pursuit_pkg/_pure_pursuit_pkg_s.ep.rosidl_typesupport_introspection_c.c
-- Up-to-date symlink: /home/zhihuili/RM_prac/install/pure_pursuit_pkg/local/lib/python3.10/dist-packages/pure_pursuit_pkg/libpure_pursuit_pkg__rosidl_generator_py.so
-- Up-to-date symlink: /home/zhihuili/RM_prac/install/pure_pursuit_pkg/local/lib/python3.10/dist-packages/pure_pursuit_pkg/msg/__init__.py
-- Up-to-date symlink: /home/zhihuili/RM_prac/install/pure_pursuit_pkg/local/lib/python3.10/dist-packages/pure_pursuit_pkg/msg/_way_point_path.py
-- Up-to-date symlink: /home/zhihuili/RM_prac/install/pure_pursuit_pkg/local/lib/python3.10/dist-packages/pure_pursuit_pkg/msg/_way_point_path_s.c
-- Up-to-date symlink: /home/zhihuili/RM_prac/install/pure_pursuit_pkg/local/lib/python3.10/dist-packages/pure_pursuit_pkg/pure_pursuit_pkg_s__rosidl_typesupport_c.cpython-310-x86_64-linux-gnu.so
-- Up-to-date symlink: /home/zhihuili/RM_prac/install/pure_pursuit_pkg/local/lib/python3.10/dist-packages/pure_pursuit_pkg/pure_pursuit_pkg_s__rosidl_typesupport_fastrtps_c.cpython-310-x86_64-linux-gnu.so
-- Up-to-date symlink: /home/zhihuili/RM_prac/install/pure_pursuit_pkg/local/lib/python3.10/dist-packages/pure_pursuit_pkg/pure_pursuit_pkg_s__rosidl_typesupport_introspection_c.cpython-310-x86_64-linux-gnu.so
-- Up-to-date symlink: /home/zhihuili/RM_prac/install/pure_pursuit_pkg/local/lib/python3.10/dist-packages/pure_pursuit_pkg/pure_pursuit_pkg_s__rosidl_typesupport_fastrtps_c.cpython-310-x86_64-linux-gnu.so
-- Up-to-date symlink: /home/zhihuili/RM_prac/install/pure_pursuit_pkg/local/lib/python3.10/dist-packages/pure_pursuit_pkg/pure_pursuit_pkg_s__rosidl_typesupport_introspection_c.cpython-310-x86_64-linux-gnu.so
-- Up-to-date symlink: /home/zhihuili/RM_prac/install/pure_pursuit_pkg/local/lib/python3.10/dist-packages/pure_pursuit_pkg/pure_pursuit_pkg_s__rosidl_typesupport_c.cpython-310-x86_64-linux-gnu.so
-- Up-to-date symlink: /home/zhihuili/RM_prac/install/pure_pursuit_pkg/share/ament_index/resource_index/rust_packages/pure_pursuit_pkg
-- Up-to-date symlink: /home/zhihuili/RM_prac/install/pure_pursuit_pkg/share/pure_pursuit_pkg/rust/Cargo.toml
-- Up-to-date symlink: /home/zhihuili/RM_prac/install/pure_pursuit_pkg/share/pure_pursuit_pkg/rust/build.rs
-- Up-to-date symlink: /home/zhihuili/RM_prac/install/pure_pursuit_pkg/share/pure_pursuit_pkg/rust/src/lib.rs
-- Up-to-date symlink: /home/zhihuili/RM_prac/install/pure_pursuit_pkg/share/pure_pursuit_pkg/rust/src/msg.rs
-- Up-to-date symlink: /home/zhihuili/RM_prac/install/pure_pursuit_pkg/share/pure_pursuit_pkg/rust/src/msg/rmw.rs
-- Up-to-date symlink: /home/zhihuili/RM_prac/install/pure_pursuit_pkg/share/pure_pursuit_pkg/msg/WayPointPath.idl
-- Up-to-date symlink: /home/zhihuili/RM_prac/install/pure_pursuit_pkg/share/pure_pursuit_pkg/msg/WayPointPath.msg
-- Up-to-date symlink: /home/zhihuili/RM_prac/install/pure_pursuit_pkg/lib/pure_pursuit_pkg/pure_pursuit_odom
-- Up-to-date symlink: /home/zhihuili/RM_prac/install/pure_pursuit_pkg/lib/pure_pursuit_pkg/waypoints_node
-- Up-to-date symlink: /home/zhihuili/RM_prac/install/pure_pursuit_pkg/share/pure_pursuit_pkg/msg/WayPointPath.msg
-- Up-to-date symlink: /home/zhihuili/RM_prac/install/pure_pursuit_pkg/share/pure_pursuit_pkg/config/path.yaml
-- Up-to-date symlink: /home/zhihuili/RM_prac/install/pure_pursuit_pkg/share/pure_pursuit_pkg/launch/pure_pursuit_controller.launch.py
-- Up-to-date symlink: /home/zhihuili/RM_prac/install/pure_pursuit_pkg/share/pure_pursuit_pkg/launch/pure_pursuit_controller_eventhandler.launch.py
-- Up-to-date symlink: /home/zhihuili/RM_prac/install/pure_pursuit_pkg/lib/libwaypoint_tools_lib.so
-- Up-to-date symlink: /home/zhihuili/RM_prac/install/pure_pursuit_pkg/share/ament_index/resource_index/package_run_dependencies/pure_pursuit_pkg
-- Up-to-date symlink: /home/zhihuili/RM_prac/install/pure_pursuit_pkg/share/ament_index/resource_index/parent_prefix_path/pure_pursuit_pkg
-- Up-to-date symlink: /home/zhihuili/RM_prac/install/pure_pursuit_pkg/share/pure_pursuit_pkg/environment/ament_prefix_path.sh
-- Up-to-date symlink: /home/zhihuili/RM_prac/install/pure_pursuit_pkg/share/pure_pursuit_pkg/environment/ament_prefix_path.dsv
-- Up-to-date symlink: /home/zhihuili/RM_prac/install/pure_pursuit_pkg/share/pure_pursuit_pkg/environment/path.sh
-- Up-to-date symlink: /home/zhihuili/RM_prac/install/pure_pursuit_pkg/share/pure_pursuit_pkg/environment/path.dsv
-- Up-to-date symlink: /home/zhihuili/RM_prac/install/pure_pursuit_pkg/share/pure_pursuit_pkg/local_setup.bash
-- Up-to-date symlink: /home/zhihuili/RM_prac/install/pure_pursuit_pkg/share/pure_pursuit_pkg/local_setup.sh
-- Up-to-date symlink: /home/zhihuili/RM_prac/install/pure_pursuit_pkg/share/pure_pursuit_pkg/local_setup.zsh
-- Up-to-date symlink: /home/zhihuili/RM_prac/install/pure_pursuit_pkg/share/pure_pursuit_pkg/local_setup.dsv
-- Symlinking: /home/zhihuili/RM_prac/install/pure_pursuit_pkg/share/pure_pursuit_pkg/package.dsv
-- Up-to-date symlink: /home/zhihuili/RM_prac/install/pure_pursuit_pkg/share/ament_index/resource_index/packages/pure_pursuit_pkg
-- Up-to-date symlink: /home/zhihuili/RM_prac/install/pure_pursuit_pkg/share/pure_pursuit_pkg/cmake/rosidl_cmake-extras.cmake
-- Up-to-date symlink: /home/zhihuili/RM_prac/install/pure_pursuit_pkg/share/pure_pursuit_pkg/cmake/ament_cmake_export_dependencies-extras.cmake
-- Up-to-date symlink: /home/zhihuili/RM_prac/install/pure_pursuit_pkg/share/pure_pursuit_pkg/cmake/ament_cmake_export_include_directories-extras.cmake
-- Up-to-date symlink: /home/zhihuili/RM_prac/install/pure_pursuit_pkg/share/pure_pursuit_pkg/cmake/ament_cmake_export_libraries-extras.cmake
-- Up-to-date symlink: /home/zhihuili/RM_prac/install/pure_pursuit_pkg/share/pure_pursuit_pkg/cmake/ament_cmake_export_targets-extras.cmake
-- Up-to-date symlink: /home/zhihuili/RM_prac/install/pure_pursuit_pkg/share/pure_pursuit_pkg/cmake/rosidl_cmake_export_typesupport_targets-extras.cmake
-- Up-to-date symlink: /home/zhihuili/RM_prac/install/pure_pursuit_pkg/share/pure_pursuit_pkg/cmake/rosidl_cmake_export_typesupport_libraries-extras.cmake
-- Up-to-date symlink: /home/zhihuili/RM_prac/install/pure_pursuit_pkg/share/pure_pursuit_pkg/cmake/pure_pursuit_pkgConfig.cmake
-- Up-to-date symlink: /home/zhihuili/RM_prac/install/pure_pursuit_pkg/share/pure_pursuit_pkg/cmake/pure_pursuit_pkgConfig-version.cmake
-- Up-to-date symlink: /home/zhihuili/RM_prac/install/pure_pursuit_pkg/share/pure_pursuit_pkg/package.xml
-- Up-to-date: /home/zhihuili/RM_prac/install/pure_pursuit_pkg/lib/libpure_pursuit_pkg__rosidl_generator_c.so
-- Up-to-date: /home/zhihuili/RM_prac/install/pure_pursuit_pkg/lib/libpure_pursuit_pkg__rosidl_typesupport_fastrtps_c.so
-- Up-to-date: /home/zhihuili/RM_prac/install/pure_pursuit_pkg/lib/libpure_pursuit_pkg__rosidl_typesupport_fastrtps_cpp.so
-- Up-to-date: /home/zhihuili/RM_prac/install/pure_pursuit_pkg/lib/libpure_pursuit_pkg__rosidl_typesupport_introspection_c.so
-- Up-to-date: /home/zhihuili/RM_prac/install/pure_pursuit_pkg/lib/libpure_pursuit_pkg__rosidl_typesupport_c.so
-- Up-to-date: /home/zhihuili/RM_prac/install/pure_pursuit_pkg/lib/libpure_pursuit_pkg__rosidl_typesupport_introspection_cpp.so
-- Up-to-date: /home/zhihuili/RM_prac/install/pure_pursuit_pkg/lib/libpure_pursuit_pkg__rosidl_typesupport_cpp.so
Listing '/home/zhihuili/RM_prac/install/pure_pursuit_pkg/local/lib/python3.10/dist-packages/pure_pursuit_pkg'...
Compiling '/home/zhihuili/RM_prac/install/pure_pursuit_pkg/local/lib/python3.10/dist-packages/pure_pursuit_pkg/__init__.py'...
Listing '/home/zhihuili/RM_prac/install/pure_pursuit_pkg/local/lib/python3.10/dist-packages/pure_pursuit_pkg/msg'...
-- Up-to-date: /home/zhihuili/RM_prac/install/pure_pursuit_pkg/lib/libpure_pursuit_pkg__rosidl_generator_py.so
-- Up-to-date: /home/zhihuili/RM_prac/install/pure_pursuit_pkg/share/pure_pursuit_pkg/cmake/export_pure_pursuit_pkg__rosidl_generator_cExport.cmake
-- Up-to-date: /home/zhihuili/RM_prac/install/pure_pursuit_pkg/share/pure_pursuit_pkg/cmake/export_pure_pursuit_pkg__rosidl_generator_cExport-noconfig.cmake
-- Up-to-date: /home/zhihuili/RM_prac/install/pure_pursuit_pkg/share/pure_pursuit_pkg/cmake/export_pure_pursuit_pkg__rosidl_typesupport_fastrtps_cExport.cmake
-- Up-to-date: /home/zhihuili/RM_prac/install/pure_pursuit_pkg/share/pure_pursuit_pkg/cmake/export_pure_pursuit_pkg__rosidl_typesupport_fastrtps_cExport-noconfig.cmake
-- Up-to-date: /home/zhihuili/RM_prac/install/pure_pursuit_pkg/share/pure_pursuit_pkg/cmake/export_pure_pursuit_pkg__rosidl_generator_cppExport.cmake
-- Up-to-date: /home/zhihuili/RM_prac/install/pure_pursuit_pkg/share/pure_pursuit_pkg/cmake/export_pure_pursuit_pkg__rosidl_typesupport_fastrtps_cppExport.cmake
-- Up-to-date: /home/zhihuili/RM_prac/install/pure_pursuit_pkg/share/pure_pursuit_pkg/cmake/export_pure_pursuit_pkg__rosidl_typesupport_fastrtps_cppExport-noconfig.cmake
-- Up-to-date: /home/zhihuili/RM_prac/install/pure_pursuit_pkg/share/pure_pursuit_pkg/cmake/pure_pursuit_pkg__rosidl_typesupport_introspection_cExport.cmake
-- Up-to-date: /home/zhihuili/RM_prac/install/pure_pursuit_pkg/share/pure_pursuit_pkg/cmake/pure_pursuit_pkg__rosidl_typesupport_introspection_cExport-noconfig.cmake
-- Up-to-date: /home/zhihuili/RM_prac/install/pure_pursuit_pkg/share/pure_pursuit_pkg/cmake/pure_pursuit_pkg__rosidl_typesupport_cExport.cmake
-- Up-to-date: /home/zhihuili/RM_prac/install/pure_pursuit_pkg/share/pure_pursuit_pkg/cmake/pure_pursuit_pkg__rosidl_typesupport_cExport-noconfig.cmake
-- Up-to-date: /home/zhihuili/RM_prac/install/pure_pursuit_pkg/share/pure_pursuit_pkg/cmake/pure_pursuit_pkg__rosidl_typesupport_introspection_cppExport.cmake
-- Up-to-date: /home/zhihuili/RM_prac/install/pure_pursuit_pkg/share/pure_pursuit_pkg/cmake/pure_pursuit_pkg__rosidl_typesupport_introspection_cppExport-noconfig.cmake
-- Up-to-date: /home/zhihuili/RM_prac/install/pure_pursuit_pkg/share/pure_pursuit_pkg/cmake/pure_pursuit_pkg__rosidl_typesupport_cppExport.cmake
-- Up-to-date: /home/zhihuili/RM_prac/install/pure_pursuit_pkg/share/pure_pursuit_pkg/cmake/pure_pursuit_pkg__rosidl_typesupport_cppExport-noconfig.cmake
-- Up-to-date: /home/zhihuili/RM_prac/install/pure_pursuit_pkg/share/pure_pursuit_pkg/cmake/export_pure_pursuit_pkg__rosidl_generator_pyExport.cmake
-- Up-to-date: /home/zhihuili/RM_prac/install/pure_pursuit_pkg/share/pure_pursuit_pkg/cmake/export_pure_pursuit_pkg__rosidl_generator_pyExport-noconfig.cmake
