[0.117s] Invoking command in '/home/zhihuili/RM_prac/build/intro_ros_pkg': CMAKE_PREFIX_PATH=${CMAKE_PREFIX_PATH}:/home/zhihuili/RM_prac/install/turtlebot3_dqn:/opt/ros/humble /usr/bin/cmake /home/zhihuili/RM_prac/src/intro_ros_pkg -DCMAKE_INSTALL_PREFIX=/home/zhihuili/RM_prac/install/intro_ros_pkg
[0.521s] -- The C compiler identification is GNU 11.4.0
[0.521s] -- The CXX compiler identification is GNU 11.4.0
[0.521s] -- Detecting C compiler ABI info
[0.521s] -- Detecting C compiler ABI info - done
[0.521s] -- Check for working C compiler: /usr/bin/cc - skipped
[0.521s] -- Detecting C compile features
[0.521s] -- Detecting C compile features - done
[0.521s] -- Detecting CXX compiler ABI info
[0.676s] -- Detecting CXX compiler ABI info - done
[0.728s] -- Check for working CXX compiler: /usr/bin/c++ - skipped
[0.729s] -- Detecting CXX compile features
[0.729s] -- Detecting CXX compile features - done
[0.737s] -- Found ament_cmake: 1.3.14 (/opt/ros/humble/share/ament_cmake/cmake)
[1.115s] -- Found Python3: /usr/bin/python3 (found version "3.10.12") found components: Interpreter 
[1.356s] -- Found rclcpp: 16.0.19 (/opt/ros/humble/share/rclcpp/cmake)
[1.457s] -- Found rosidl_generator_c: 3.1.8 (/opt/ros/humble/share/rosidl_generator_c/cmake)
[1.479s] -- Found rosidl_adapter: 3.1.8 (/opt/ros/humble/share/rosidl_adapter/cmake)
[1.509s] -- Found rosidl_generator_cpp: 3.1.8 (/opt/ros/humble/share/rosidl_generator_cpp/cmake)
[1.528s] -- Using all available rosidl_typesupport_c: rosidl_typesupport_fastrtps_c;rosidl_typesupport_introspection_c
[1.559s] -- Using all available rosidl_typesupport_cpp: rosidl_typesupport_fastrtps_cpp;rosidl_typesupport_introspection_cpp
[1.627s] -- Found rmw_implementation_cmake: 6.1.2 (/opt/ros/humble/share/rmw_implementation_cmake/cmake)
[1.632s] -- Found rmw_fastrtps_cpp: 6.2.10 (/opt/ros/humble/share/rmw_fastrtps_cpp/cmake)
[1.784s] -- Found OpenSSL: /usr/lib/x86_64-linux-gnu/libcrypto.so (found version "3.0.2")  
[1.854s] -- Found FastRTPS: /opt/ros/humble/include  
[1.949s] -- Using RMW implementation 'rmw_fastrtps_cpp' as default
[1.963s] -- Looking for pthread.h
[2.076s] -- Looking for pthread.h - found
[2.078s] -- Performing Test CMAKE_HAVE_LIBC_PTHREAD
[2.193s] -- Performing Test CMAKE_HAVE_LIBC_PTHREAD - Success
[2.195s] -- Found Threads: TRUE  
[2.285s] -- Found tf2_geometry_msgs: 0.25.20 (/opt/ros/humble/share/tf2_geometry_msgs/cmake)
[2.337s] -- Found eigen3_cmake_module: 0.1.1 (/opt/ros/humble/share/eigen3_cmake_module/cmake)
[2.339s] -- Found Eigen3: TRUE (found version "3.4.0") 
[2.340s] -- Ensuring Eigen3 include directory is part of orocos-kdl CMake target
[2.506s] -- Found ament_lint_auto: 0.12.15 (/opt/ros/humble/share/ament_lint_auto/cmake)
[2.625s] -- Added test 'cppcheck' to perform static code analysis on C / C++ code
[2.625s] -- Configured cppcheck include dirs: 
[2.625s] -- Configured cppcheck exclude dirs and/or files: 
[2.625s] -- Added test 'flake8' to check Python code syntax and style conventions
[2.627s] -- Added test 'lint_cmake' to check CMake code style
[2.627s] -- Added test 'pep257' to check Python code against some of the docstring style conventions in PEP 257
[2.629s] -- Added test 'uncrustify' to check C / C++ code style
[2.629s] -- Configured uncrustify additional arguments: 
[2.630s] -- Added test 'xmllint' to check XML markup files
[2.632s] -- Configuring done
[2.656s] -- Generating done
[2.665s] -- Build files have been written to: /home/zhihuili/RM_prac/build/intro_ros_pkg
