[0.075s] Invoking command in '/home/zhihuili/RM_prac/build/upv_maps_pkg': CMAKE_PREFIX_PATH=${CMAKE_PREFIX_PATH}:/home/zhihuili/RM_prac/install/turtlebot3_dqn:/opt/ros/humble /usr/bin/cmake /home/zhihuili/RM_prac/src/upv_maps_pkg -DAMENT_CMAKE_SYMLINK_INSTALL=1 -DCMAKE_INSTALL_PREFIX=/home/zhihuili/RM_prac/install/upv_maps_pkg
[0.403s] -- Found ament_cmake: 1.3.14 (/opt/ros/humble/share/ament_cmake/cmake)
[0.403s] -- Override CMake install command with custom implementation using symlinks instead of copying resources
[0.404s] -- Found ament_lint_auto: 0.12.15 (/opt/ros/humble/share/ament_lint_auto/cmake)
[0.431s] -- Added test 'lint_cmake' to check CMake code style
[0.433s] -- Added test 'xmllint' to check XML markup files
[0.434s] -- Configuring done
[0.439s] -- Generating done
[0.441s] -- Build files have been written to: /home/zhihuili/RM_prac/build/upv_maps_pkg
[0.448s] Invoked command in '/home/zhihuili/RM_prac/build/upv_maps_pkg' returned '0': CMAKE_PREFIX_PATH=${CMAKE_PREFIX_PATH}:/home/zhihuili/RM_prac/install/turtlebot3_dqn:/opt/ros/humble /usr/bin/cmake /home/zhihuili/RM_prac/src/upv_maps_pkg -DAMENT_CMAKE_SYMLINK_INSTALL=1 -DCMAKE_INSTALL_PREFIX=/home/zhihuili/RM_prac/install/upv_maps_pkg
[0.451s] Invoking command in '/home/zhihuili/RM_prac/build/upv_maps_pkg': CMAKE_PREFIX_PATH=${CMAKE_PREFIX_PATH}:/home/zhihuili/RM_prac/install/turtlebot3_dqn:/opt/ros/humble /usr/bin/cmake --build /home/zhihuili/RM_prac/build/upv_maps_pkg -- -j14 -l14
[0.509s] Invoked command in '/home/zhihuili/RM_prac/build/upv_maps_pkg' returned '0': CMAKE_PREFIX_PATH=${CMAKE_PREFIX_PATH}:/home/zhihuili/RM_prac/install/turtlebot3_dqn:/opt/ros/humble /usr/bin/cmake --build /home/zhihuili/RM_prac/build/upv_maps_pkg -- -j14 -l14
[0.510s] Invoking command in '/home/zhihuili/RM_prac/build/upv_maps_pkg': CMAKE_PREFIX_PATH=${CMAKE_PREFIX_PATH}:/home/zhihuili/RM_prac/install/turtlebot3_dqn:/opt/ros/humble /usr/bin/cmake --install /home/zhihuili/RM_prac/build/upv_maps_pkg
[0.895s] -- Install configuration: ""
[0.895s] -- Execute custom install script
[0.895s] -- Symlinking: /home/zhihuili/RM_prac/install/upv_maps_pkg/share/upv_maps_pkg/maps/coppeliasim/coppeliasim_map.pgm
[0.895s] -- Symlinking: /home/zhihuili/RM_prac/install/upv_maps_pkg/share/upv_maps_pkg/maps/coppeliasim/coppeliasim_map.yaml
[0.895s] -- Symlinking: /home/zhihuili/RM_prac/install/upv_maps_pkg/share/upv_maps_pkg/maps/coppeliasim/speed_mask_coppeliasim_map.pgm
[0.895s] -- Symlinking: /home/zhihuili/RM_prac/install/upv_maps_pkg/share/upv_maps_pkg/maps/coppeliasim/speed_mask_coppeliasim_map.yaml
[0.895s] -- Symlinking: /home/zhihuili/RM_prac/install/upv_maps_pkg/share/upv_maps_pkg/maps/disa/simulacion2_aula_map.pgm
[0.896s] -- Symlinking: /home/zhihuili/RM_prac/install/upv_maps_pkg/share/upv_maps_pkg/maps/disa/simulacion2_aula_map.yaml
[0.900s] -- Symlinking: /home/zhihuili/RM_prac/install/upv_maps_pkg/share/upv_maps_pkg/maps/disa/simulacion2_aula_room_map.pgm
[0.901s] -- Symlinking: /home/zhihuili/RM_prac/install/upv_maps_pkg/share/upv_maps_pkg/maps/disa/simulacion2_aula_room_map.yaml
[0.901s] -- Symlinking: /home/zhihuili/RM_prac/install/upv_maps_pkg/share/upv_maps_pkg/maps/disa/simulacion2_room_map.pgm
[0.901s] -- Symlinking: /home/zhihuili/RM_prac/install/upv_maps_pkg/share/upv_maps_pkg/maps/disa/simulacion2_room_map.yaml
[0.901s] -- Symlinking: /home/zhihuili/RM_prac/install/upv_maps_pkg/share/upv_maps_pkg/maps/etsinf/lab_map.pgm
[0.901s] -- Symlinking: /home/zhihuili/RM_prac/install/upv_maps_pkg/share/upv_maps_pkg/maps/etsinf/lab_map.yaml
[0.901s] -- Symlinking: /home/zhihuili/RM_prac/install/upv_maps_pkg/share/upv_maps_pkg/maps/etsinf/speed_mask_lab_map.pgm
[0.901s] -- Symlinking: /home/zhihuili/RM_prac/install/upv_maps_pkg/share/upv_maps_pkg/maps/etsinf/speed_mask_lab_map.yaml
[0.902s] -- Symlinking: /home/zhihuili/RM_prac/install/upv_maps_pkg/share/ament_index/resource_index/package_run_dependencies/upv_maps_pkg
[0.902s] -- Symlinking: /home/zhihuili/RM_prac/install/upv_maps_pkg/share/ament_index/resource_index/parent_prefix_path/upv_maps_pkg
[0.902s] -- Symlinking: /home/zhihuili/RM_prac/install/upv_maps_pkg/share/upv_maps_pkg/environment/ament_prefix_path.sh
[0.902s] -- Symlinking: /home/zhihuili/RM_prac/install/upv_maps_pkg/share/upv_maps_pkg/environment/ament_prefix_path.dsv
[0.902s] -- Symlinking: /home/zhihuili/RM_prac/install/upv_maps_pkg/share/upv_maps_pkg/environment/path.sh
[0.902s] -- Symlinking: /home/zhihuili/RM_prac/install/upv_maps_pkg/share/upv_maps_pkg/environment/path.dsv
[0.902s] -- Symlinking: /home/zhihuili/RM_prac/install/upv_maps_pkg/share/upv_maps_pkg/local_setup.bash
[0.902s] -- Symlinking: /home/zhihuili/RM_prac/install/upv_maps_pkg/share/upv_maps_pkg/local_setup.sh
[0.902s] -- Symlinking: /home/zhihuili/RM_prac/install/upv_maps_pkg/share/upv_maps_pkg/local_setup.zsh
[0.903s] -- Symlinking: /home/zhihuili/RM_prac/install/upv_maps_pkg/share/upv_maps_pkg/local_setup.dsv
[0.916s] -- Symlinking: /home/zhihuili/RM_prac/install/upv_maps_pkg/share/upv_maps_pkg/package.dsv
[0.930s] -- Symlinking: /home/zhihuili/RM_prac/install/upv_maps_pkg/share/ament_index/resource_index/packages/upv_maps_pkg
[0.944s] -- Symlinking: /home/zhihuili/RM_prac/install/upv_maps_pkg/share/upv_maps_pkg/cmake/upv_maps_pkgConfig.cmake
[0.963s] -- Symlinking: /home/zhihuili/RM_prac/install/upv_maps_pkg/share/upv_maps_pkg/cmake/upv_maps_pkgConfig-version.cmake
[0.975s] -- Symlinking: /home/zhihuili/RM_prac/install/upv_maps_pkg/share/upv_maps_pkg/package.xml
[0.991s] Invoked command in '/home/zhihuili/RM_prac/build/upv_maps_pkg' returned '0': CMAKE_PREFIX_PATH=${CMAKE_PREFIX_PATH}:/home/zhihuili/RM_prac/install/turtlebot3_dqn:/opt/ros/humble /usr/bin/cmake --install /home/zhihuili/RM_prac/build/upv_maps_pkg
