[0.113s] Invoking command in '/home/zhihuili/RM_prac/build/navigation_pkg': CMAKE_PREFIX_PATH=${CMAKE_PREFIX_PATH}:/home/zhihuili/RM_prac/install/turtlebot3_dqn:/opt/ros/humble /usr/bin/cmake /home/zhihuili/RM_prac/src/navigation_pkg -DCMAKE_INSTALL_PREFIX=/home/zhihuili/RM_prac/install/navigation_pkg
[0.508s] -- The C compiler identification is GNU 11.4.0
[0.508s] -- The CXX compiler identification is GNU 11.4.0
[0.508s] -- Detecting C compiler ABI info
[0.508s] -- Detecting C compiler ABI info - done
[0.508s] -- Check for working C compiler: /usr/bin/cc - skipped
[0.508s] -- Detecting C compile features
[0.508s] -- Detecting C compile features - done
[0.508s] -- Detecting CXX compiler ABI info
[0.572s] -- Detecting CXX compiler ABI info - done
[0.583s] -- Check for working CXX compiler: /usr/bin/c++ - skipped
[0.585s] -- Detecting CXX compile features
[0.585s] -- Detecting CXX compile features - done
[0.589s] -- Found ament_cmake: 1.3.14 (/opt/ros/humble/share/ament_cmake/cmake)
[1.055s] -- Found Python3: /usr/bin/python3 (found version "3.10.12") found components: Interpreter 
[1.380s] -- Configuring done
[1.392s] -- Generating done
[1.394s] -- Build files have been written to: /home/zhihuili/RM_prac/build/navigation_pkg
[1.410s] Invoked command in '/home/zhihuili/RM_prac/build/navigation_pkg' returned '0': CMAKE_PREFIX_PATH=${CMAKE_PREFIX_PATH}:/home/zhihuili/RM_prac/install/turtlebot3_dqn:/opt/ros/humble /usr/bin/cmake /home/zhihuili/RM_prac/src/navigation_pkg -DCMAKE_INSTALL_PREFIX=/home/zhihuili/RM_prac/install/navigation_pkg
[1.417s] Invoking command in '/home/zhihuili/RM_prac/build/navigation_pkg': CMAKE_PREFIX_PATH=${CMAKE_PREFIX_PATH}:/home/zhihuili/RM_prac/install/turtlebot3_dqn:/opt/ros/humble /usr/bin/cmake --build /home/zhihuili/RM_prac/build/navigation_pkg -- -j14 -l14
[1.877s] Invoked command in '/home/zhihuili/RM_prac/build/navigation_pkg' returned '0': CMAKE_PREFIX_PATH=${CMAKE_PREFIX_PATH}:/home/zhihuili/RM_prac/install/turtlebot3_dqn:/opt/ros/humble /usr/bin/cmake --build /home/zhihuili/RM_prac/build/navigation_pkg -- -j14 -l14
[1.896s] Invoking command in '/home/zhihuili/RM_prac/build/navigation_pkg': CMAKE_PREFIX_PATH=${CMAKE_PREFIX_PATH}:/home/zhihuili/RM_prac/install/turtlebot3_dqn:/opt/ros/humble /usr/bin/cmake --install /home/zhihuili/RM_prac/build/navigation_pkg
[1.924s] -- Install configuration: ""
[1.924s] -- Installing: /home/zhihuili/RM_prac/install/navigation_pkg/share/navigation_pkg/launch
[1.924s] -- Installing: /home/zhihuili/RM_prac/install/navigation_pkg/share/navigation_pkg/launch/speed_limit.launch.py
[1.924s] -- Installing: /home/zhihuili/RM_prac/install/navigation_pkg/share/navigation_pkg/launch/navigation.launch.py
[1.924s] -- Installing: /home/zhihuili/RM_prac/install/navigation_pkg/share/navigation_pkg/launch/navigation_with_speed_limit.launch.py
[1.924s] -- Installing: /home/zhihuili/RM_prac/install/navigation_pkg/share/navigation_pkg/launch/turtlebot3_navigation.launch.py
[1.924s] -- Installing: /home/zhihuili/RM_prac/install/navigation_pkg/share/navigation_pkg/param
[1.924s] -- Installing: /home/zhihuili/RM_prac/install/navigation_pkg/share/navigation_pkg/param/nav2_params.yaml
[1.924s] -- Installing: /home/zhihuili/RM_prac/install/navigation_pkg/share/navigation_pkg/param/speed_params.yaml
[1.924s] -- Installing: /home/zhihuili/RM_prac/install/navigation_pkg/share/navigation_pkg/param/nav2_params_speed_limit.yaml
[1.924s] -- Installing: /home/zhihuili/RM_prac/install/navigation_pkg/share/navigation_pkg/param/keepout_params.yaml
[1.924s] -- Installing: /home/zhihuili/RM_prac/install/navigation_pkg/share/ament_index/resource_index/package_run_dependencies/navigation_pkg
[1.924s] -- Installing: /home/zhihuili/RM_prac/install/navigation_pkg/share/ament_index/resource_index/parent_prefix_path/navigation_pkg
[1.924s] -- Installing: /home/zhihuili/RM_prac/install/navigation_pkg/share/navigation_pkg/environment/ament_prefix_path.sh
[1.924s] -- Installing: /home/zhihuili/RM_prac/install/navigation_pkg/share/navigation_pkg/environment/ament_prefix_path.dsv
[1.924s] -- Installing: /home/zhihuili/RM_prac/install/navigation_pkg/share/navigation_pkg/environment/path.sh
[1.924s] -- Installing: /home/zhihuili/RM_prac/install/navigation_pkg/share/navigation_pkg/environment/path.dsv
[1.924s] -- Installing: /home/zhihuili/RM_prac/install/navigation_pkg/share/navigation_pkg/local_setup.bash
[1.925s] -- Installing: /home/zhihuili/RM_prac/install/navigation_pkg/share/navigation_pkg/local_setup.sh
[1.925s] -- Installing: /home/zhihuili/RM_prac/install/navigation_pkg/share/navigation_pkg/local_setup.zsh
[1.925s] -- Installing: /home/zhihuili/RM_prac/install/navigation_pkg/share/navigation_pkg/local_setup.dsv
[1.925s] -- Installing: /home/zhihuili/RM_prac/install/navigation_pkg/share/navigation_pkg/package.dsv
[1.925s] -- Installing: /home/zhihuili/RM_prac/install/navigation_pkg/share/ament_index/resource_index/packages/navigation_pkg
[1.925s] -- Installing: /home/zhihuili/RM_prac/install/navigation_pkg/share/navigation_pkg/cmake/navigation_pkgConfig.cmake
[1.925s] -- Installing: /home/zhihuili/RM_prac/install/navigation_pkg/share/navigation_pkg/cmake/navigation_pkgConfig-version.cmake
[1.925s] -- Installing: /home/zhihuili/RM_prac/install/navigation_pkg/share/navigation_pkg/package.xml
[1.933s] Invoked command in '/home/zhihuili/RM_prac/build/navigation_pkg' returned '0': CMAKE_PREFIX_PATH=${CMAKE_PREFIX_PATH}:/home/zhihuili/RM_prac/install/turtlebot3_dqn:/opt/ros/humble /usr/bin/cmake --install /home/zhihuili/RM_prac/build/navigation_pkg
