[0.064s] Invoking command in '/home/zhihuili/RM_prac/build/ros2_vfh': CMAKE_PREFIX_PATH=${CMAKE_PREFIX_PATH}:/home/zhihuili/RM_prac/install/turtlebot3_dqn:/opt/ros/humble /usr/bin/cmake /home/zhihuili/RM_prac/src/ros2_vfh -DCMAKE_INSTALL_PREFIX=/home/zhihuili/RM_prac/install/ros2_vfh
[0.090s] -- Found ament_cmake: 1.3.14 (/opt/ros/humble/share/ament_cmake/cmake)
[0.202s] -- Override CMake install command with custom implementation using symlinks instead of copying resources
[0.207s] -- Found rclcpp: 16.0.19 (/opt/ros/humble/share/rclcpp/cmake)
[0.246s] -- Found rosidl_generator_c: 3.1.8 (/opt/ros/humble/share/rosidl_generator_c/cmake)
[0.249s] -- Found rosidl_adapter: 3.1.8 (/opt/ros/humble/share/rosidl_adapter/cmake)
[0.253s] -- Found rosidl_generator_cpp: 3.1.8 (/opt/ros/humble/share/rosidl_generator_cpp/cmake)
[0.267s] -- Using all available rosidl_typesupport_c: rosidl_typesupport_fastrtps_c;rosidl_typesupport_introspection_c
[0.273s] -- Using all available rosidl_typesupport_cpp: rosidl_typesupport_fastrtps_cpp;rosidl_typesupport_introspection_cpp
[0.308s] -- Found rmw_implementation_cmake: 6.1.2 (/opt/ros/humble/share/rmw_implementation_cmake/cmake)
[0.311s] -- Found rmw_fastrtps_cpp: 6.2.10 (/opt/ros/humble/share/rmw_fastrtps_cpp/cmake)
[0.445s] -- Using RMW implementation 'rmw_fastrtps_cpp' as default
[0.476s] -- Found tf2: 0.25.20 (/opt/ros/humble/share/tf2/cmake)
[0.486s] -- Found tf2_geometry_msgs: 0.25.20 (/opt/ros/humble/share/tf2_geometry_msgs/cmake)
[0.488s] -- Found eigen3_cmake_module: 0.1.1 (/opt/ros/humble/share/eigen3_cmake_module/cmake)
[0.490s] -- Ensuring Eigen3 include directory is part of orocos-kdl CMake target
[0.539s] -- Found sensor_msgs: 4.9.1 (/opt/ros/humble/share/sensor_msgs/cmake)
[0.549s] -- Found visualization_msgs: 4.9.1 (/opt/ros/humble/share/visualization_msgs/cmake)
[0.562s] -- Found std_srvs: 4.9.1 (/opt/ros/humble/share/std_srvs/cmake)
[0.569s] -- Found nav_msgs: 4.9.1 (/opt/ros/humble/share/nav_msgs/cmake)
[0.625s] -- Configuring done
[0.636s] -- Generating done
[0.644s] -- Build files have been written to: /home/zhihuili/RM_prac/build/ros2_vfh
[0.649s] Invoked command in '/home/zhihuili/RM_prac/build/ros2_vfh' returned '0': CMAKE_PREFIX_PATH=${CMAKE_PREFIX_PATH}:/home/zhihuili/RM_prac/install/turtlebot3_dqn:/opt/ros/humble /usr/bin/cmake /home/zhihuili/RM_prac/src/ros2_vfh -DCMAKE_INSTALL_PREFIX=/home/zhihuili/RM_prac/install/ros2_vfh
[0.651s] Invoking command in '/home/zhihuili/RM_prac/build/ros2_vfh': CMAKE_PREFIX_PATH=${CMAKE_PREFIX_PATH}:/home/zhihuili/RM_prac/install/turtlebot3_dqn:/opt/ros/humble /usr/bin/cmake --build /home/zhihuili/RM_prac/build/ros2_vfh -- -j14 -l14
[0.691s] [35m[1mConsolidate compiler generated dependencies of target vfh_node[0m
[0.709s] [100%] Built target vfh_node
[0.743s] Invoked command in '/home/zhihuili/RM_prac/build/ros2_vfh' returned '0': CMAKE_PREFIX_PATH=${CMAKE_PREFIX_PATH}:/home/zhihuili/RM_prac/install/turtlebot3_dqn:/opt/ros/humble /usr/bin/cmake --build /home/zhihuili/RM_prac/build/ros2_vfh -- -j14 -l14
[0.745s] Invoking command in '/home/zhihuili/RM_prac/build/ros2_vfh': CMAKE_PREFIX_PATH=${CMAKE_PREFIX_PATH}:/home/zhihuili/RM_prac/install/turtlebot3_dqn:/opt/ros/humble /usr/bin/cmake --install /home/zhihuili/RM_prac/build/ros2_vfh
[0.750s] -- Install configuration: ""
[0.750s] -- Execute custom install script
[0.750s] -- Up-to-date symlink: /home/zhihuili/RM_prac/install/ros2_vfh/lib/ros2_vfh/vfh_node
[0.751s] -- Up-to-date symlink: /home/zhihuili/RM_prac/install/ros2_vfh/share/ros2_vfh/launch/rviz2_map.launch.py
[0.751s] -- Up-to-date symlink: /home/zhihuili/RM_prac/install/ros2_vfh/share/ros2_vfh/launch/rviz2_odom.launch.py
[0.752s] -- Up-to-date symlink: /home/zhihuili/RM_prac/install/ros2_vfh/share/ros2_vfh/launch/vfh.launch.py
[0.752s] -- Up-to-date symlink: /home/zhihuili/RM_prac/install/ros2_vfh/share/ros2_vfh/launch/vfh_coppeliasim.launch.py
[0.752s] -- Up-to-date symlink: /home/zhihuili/RM_prac/install/ros2_vfh/share/ros2_vfh/launch/vfh_no_wandering.launch.py
[0.752s] -- Up-to-date symlink: /home/zhihuili/RM_prac/install/ros2_vfh/share/ros2_vfh/rviz/tb3_map.rviz
[0.752s] -- Up-to-date symlink: /home/zhihuili/RM_prac/install/ros2_vfh/share/ros2_vfh/rviz/tb3_odom.rviz
[0.752s] -- Up-to-date symlink: /home/zhihuili/RM_prac/install/ros2_vfh/share/ros2_vfh/rviz/vfh_map.rviz
[0.752s] -- Up-to-date symlink: /home/zhihuili/RM_prac/install/ros2_vfh/share/ros2_vfh/rviz/vfh_odom.rviz
[0.752s] -- Up-to-date symlink: /home/zhihuili/RM_prac/install/ros2_vfh/share/ament_index/resource_index/package_run_dependencies/ros2_vfh
[0.752s] -- Up-to-date symlink: /home/zhihuili/RM_prac/install/ros2_vfh/share/ament_index/resource_index/parent_prefix_path/ros2_vfh
[0.752s] -- Up-to-date symlink: /home/zhihuili/RM_prac/install/ros2_vfh/share/ros2_vfh/environment/ament_prefix_path.sh
[0.753s] -- Up-to-date symlink: /home/zhihuili/RM_prac/install/ros2_vfh/share/ros2_vfh/environment/ament_prefix_path.dsv
[0.753s] -- Up-to-date symlink: /home/zhihuili/RM_prac/install/ros2_vfh/share/ros2_vfh/environment/path.sh
[0.753s] -- Up-to-date symlink: /home/zhihuili/RM_prac/install/ros2_vfh/share/ros2_vfh/environment/path.dsv
[0.753s] -- Up-to-date symlink: /home/zhihuili/RM_prac/install/ros2_vfh/share/ros2_vfh/local_setup.bash
[0.753s] -- Up-to-date symlink: /home/zhihuili/RM_prac/install/ros2_vfh/share/ros2_vfh/local_setup.sh
[0.753s] -- Up-to-date symlink: /home/zhihuili/RM_prac/install/ros2_vfh/share/ros2_vfh/local_setup.zsh
[0.753s] -- Up-to-date symlink: /home/zhihuili/RM_prac/install/ros2_vfh/share/ros2_vfh/local_setup.dsv
[0.754s] -- Symlinking: /home/zhihuili/RM_prac/install/ros2_vfh/share/ros2_vfh/package.dsv
[0.759s] -- Up-to-date symlink: /home/zhihuili/RM_prac/install/ros2_vfh/share/ament_index/resource_index/packages/ros2_vfh
[0.759s] -- Up-to-date symlink: /home/zhihuili/RM_prac/install/ros2_vfh/share/ros2_vfh/cmake/ros2_vfhConfig.cmake
[0.760s] -- Up-to-date symlink: /home/zhihuili/RM_prac/install/ros2_vfh/share/ros2_vfh/cmake/ros2_vfhConfig-version.cmake
[0.760s] -- Up-to-date symlink: /home/zhihuili/RM_prac/install/ros2_vfh/share/ros2_vfh/package.xml
[0.761s] Invoked command in '/home/zhihuili/RM_prac/build/ros2_vfh' returned '0': CMAKE_PREFIX_PATH=${CMAKE_PREFIX_PATH}:/home/zhihuili/RM_prac/install/turtlebot3_dqn:/opt/ros/humble /usr/bin/cmake --install /home/zhihuili/RM_prac/build/ros2_vfh
