[0.418s] Invoking command in '/home/zhihuili/RM_prac/build/upv_maps_pkg': CMAKE_PREFIX_PATH=${CMAKE_PREFIX_PATH}:/home/zhihuili/RM_prac/install/turtlebot3_dqn:/opt/ros/humble /usr/bin/cmake /home/zhihuili/RM_prac/src/upv_maps_pkg -DCMAKE_INSTALL_PREFIX=/home/zhihuili/RM_prac/install/upv_maps_pkg
[1.374s] -- The C compiler identification is GNU 11.4.0
[1.374s] -- The CXX compiler identification is GNU 11.4.0
[1.375s] -- Detecting C compiler ABI info
[1.375s] -- Detecting C compiler ABI info - done
[1.375s] -- Check for working C compiler: /usr/bin/cc - skipped
[1.375s] -- Detecting C compile features
[1.375s] -- Detecting C compile features - done
[1.382s] -- Detecting CXX compiler ABI info
[1.382s] -- Detecting CXX compiler ABI info - done
[1.382s] -- Check for working CXX compiler: /usr/bin/c++ - skipped
[1.382s] -- Detecting CXX compile features
[1.382s] -- Detecting CXX compile features - done
[1.382s] -- Found ament_cmake: 1.3.14 (/opt/ros/humble/share/ament_cmake/cmake)
[1.406s] -- Found Python3: /usr/bin/python3 (found version "3.10.12") found components: Interpreter 
[1.590s] -- Found ament_lint_auto: 0.12.15 (/opt/ros/humble/share/ament_lint_auto/cmake)
[1.744s] -- Added test 'lint_cmake' to check CMake code style
[1.747s] -- Added test 'xmllint' to check XML markup files
[1.750s] -- Configuring done
[1.756s] -- Generating done
[1.759s] -- Build files have been written to: /home/zhihuili/RM_prac/build/upv_maps_pkg
[1.772s] Invoked command in '/home/zhihuili/RM_prac/build/upv_maps_pkg' returned '0': CMAKE_PREFIX_PATH=${CMAKE_PREFIX_PATH}:/home/zhihuili/RM_prac/install/turtlebot3_dqn:/opt/ros/humble /usr/bin/cmake /home/zhihuili/RM_prac/src/upv_maps_pkg -DCMAKE_INSTALL_PREFIX=/home/zhihuili/RM_prac/install/upv_maps_pkg
[1.791s] Invoking command in '/home/zhihuili/RM_prac/build/upv_maps_pkg': CMAKE_PREFIX_PATH=${CMAKE_PREFIX_PATH}:/home/zhihuili/RM_prac/install/turtlebot3_dqn:/opt/ros/humble /usr/bin/cmake --build /home/zhihuili/RM_prac/build/upv_maps_pkg -- -j14 -l14
[1.854s] Invoked command in '/home/zhihuili/RM_prac/build/upv_maps_pkg' returned '0': CMAKE_PREFIX_PATH=${CMAKE_PREFIX_PATH}:/home/zhihuili/RM_prac/install/turtlebot3_dqn:/opt/ros/humble /usr/bin/cmake --build /home/zhihuili/RM_prac/build/upv_maps_pkg -- -j14 -l14
[1.858s] Invoking command in '/home/zhihuili/RM_prac/build/upv_maps_pkg': CMAKE_PREFIX_PATH=${CMAKE_PREFIX_PATH}:/home/zhihuili/RM_prac/install/turtlebot3_dqn:/opt/ros/humble /usr/bin/cmake --install /home/zhihuili/RM_prac/build/upv_maps_pkg
[1.993s] -- Install configuration: ""
[1.993s] -- Installing: /home/zhihuili/RM_prac/install/upv_maps_pkg/share/upv_maps_pkg/maps
[1.993s] -- Installing: /home/zhihuili/RM_prac/install/upv_maps_pkg/share/upv_maps_pkg/maps/etsinf
[1.993s] -- Installing: /home/zhihuili/RM_prac/install/upv_maps_pkg/share/upv_maps_pkg/maps/etsinf/lab_map.pgm
[1.993s] -- Installing: /home/zhihuili/RM_prac/install/upv_maps_pkg/share/upv_maps_pkg/maps/etsinf/speed_mask_lab_map.pgm
[1.993s] -- Installing: /home/zhihuili/RM_prac/install/upv_maps_pkg/share/upv_maps_pkg/maps/etsinf/speed_mask_lab_map.yaml
[1.993s] -- Installing: /home/zhihuili/RM_prac/install/upv_maps_pkg/share/upv_maps_pkg/maps/etsinf/lab_map.yaml
[1.993s] -- Installing: /home/zhihuili/RM_prac/install/upv_maps_pkg/share/upv_maps_pkg/maps/disa
[1.993s] -- Installing: /home/zhihuili/RM_prac/install/upv_maps_pkg/share/upv_maps_pkg/maps/disa/simulacion2_aula_room_map.pgm
[1.993s] -- Installing: /home/zhihuili/RM_prac/install/upv_maps_pkg/share/upv_maps_pkg/maps/disa/simulacion2_room_map.yaml
[1.994s] -- Installing: /home/zhihuili/RM_prac/install/upv_maps_pkg/share/upv_maps_pkg/maps/disa/simulacion2_aula_map.pgm
[1.994s] -- Installing: /home/zhihuili/RM_prac/install/upv_maps_pkg/share/upv_maps_pkg/maps/disa/simulacion2_room_map.pgm
[1.994s] -- Installing: /home/zhihuili/RM_prac/install/upv_maps_pkg/share/upv_maps_pkg/maps/disa/simulacion2_aula_map.yaml
[1.994s] -- Installing: /home/zhihuili/RM_prac/install/upv_maps_pkg/share/upv_maps_pkg/maps/disa/simulacion2_aula_room_map.yaml
[1.994s] -- Installing: /home/zhihuili/RM_prac/install/upv_maps_pkg/share/upv_maps_pkg/maps/coppeliasim
[1.994s] -- Installing: /home/zhihuili/RM_prac/install/upv_maps_pkg/share/upv_maps_pkg/maps/coppeliasim/coppeliasim_map.pgm
[1.994s] -- Installing: /home/zhihuili/RM_prac/install/upv_maps_pkg/share/upv_maps_pkg/maps/coppeliasim/speed_mask_coppeliasim_map.yaml
[1.994s] -- Installing: /home/zhihuili/RM_prac/install/upv_maps_pkg/share/upv_maps_pkg/maps/coppeliasim/coppeliasim_map.yaml
[1.994s] -- Installing: /home/zhihuili/RM_prac/install/upv_maps_pkg/share/upv_maps_pkg/maps/coppeliasim/speed_mask_coppeliasim_map.pgm
[1.994s] -- Installing: /home/zhihuili/RM_prac/install/upv_maps_pkg/share/ament_index/resource_index/package_run_dependencies/upv_maps_pkg
[1.994s] -- Installing: /home/zhihuili/RM_prac/install/upv_maps_pkg/share/ament_index/resource_index/parent_prefix_path/upv_maps_pkg
[1.994s] -- Installing: /home/zhihuili/RM_prac/install/upv_maps_pkg/share/upv_maps_pkg/environment/ament_prefix_path.sh
[1.994s] -- Installing: /home/zhihuili/RM_prac/install/upv_maps_pkg/share/upv_maps_pkg/environment/ament_prefix_path.dsv
[1.994s] -- Installing: /home/zhihuili/RM_prac/install/upv_maps_pkg/share/upv_maps_pkg/environment/path.sh
[1.994s] -- Installing: /home/zhihuili/RM_prac/install/upv_maps_pkg/share/upv_maps_pkg/environment/path.dsv
[1.994s] -- Installing: /home/zhihuili/RM_prac/install/upv_maps_pkg/share/upv_maps_pkg/local_setup.bash
[1.994s] -- Installing: /home/zhihuili/RM_prac/install/upv_maps_pkg/share/upv_maps_pkg/local_setup.sh
[1.994s] -- Installing: /home/zhihuili/RM_prac/install/upv_maps_pkg/share/upv_maps_pkg/local_setup.zsh
[1.994s] -- Installing: /home/zhihuili/RM_prac/install/upv_maps_pkg/share/upv_maps_pkg/local_setup.dsv
[1.994s] -- Installing: /home/zhihuili/RM_prac/install/upv_maps_pkg/share/upv_maps_pkg/package.dsv
[1.994s] -- Installing: /home/zhihuili/RM_prac/install/upv_maps_pkg/share/ament_index/resource_index/packages/upv_maps_pkg
[1.994s] -- Installing: /home/zhihuili/RM_prac/install/upv_maps_pkg/share/upv_maps_pkg/cmake/upv_maps_pkgConfig.cmake
[1.994s] -- Installing: /home/zhihuili/RM_prac/install/upv_maps_pkg/share/upv_maps_pkg/cmake/upv_maps_pkgConfig-version.cmake
[1.994s] -- Installing: /home/zhihuili/RM_prac/install/upv_maps_pkg/share/upv_maps_pkg/package.xml
[2.010s] Invoked command in '/home/zhihuili/RM_prac/build/upv_maps_pkg' returned '0': CMAKE_PREFIX_PATH=${CMAKE_PREFIX_PATH}:/home/zhihuili/RM_prac/install/turtlebot3_dqn:/opt/ros/humble /usr/bin/cmake --install /home/zhihuili/RM_prac/build/upv_maps_pkg
