-- Found ament_cmake: 1.3.14 (/opt/ros/humble/share/ament_cmake/cmake)
-- Override CMake install command with custom implementation using symlinks instead of copying resources
-- Found rclcpp: 16.0.19 (/opt/ros/humble/share/rclcpp/cmake)
-- Found rosidl_generator_c: 3.1.8 (/opt/ros/humble/share/rosidl_generator_c/cmake)
-- Found rosidl_adapter: 3.1.8 (/opt/ros/humble/share/rosidl_adapter/cmake)
-- Found rosidl_generator_cpp: 3.1.8 (/opt/ros/humble/share/rosidl_generator_cpp/cmake)
-- Using all available rosidl_typesupport_c: rosidl_typesupport_fastrtps_c;rosidl_typesupport_introspection_c
-- Using all available rosidl_typesupport_cpp: rosidl_typesupport_fastrtps_cpp;rosidl_typesupport_introspection_cpp
-- Found rmw_implementation_cmake: 6.1.2 (/opt/ros/humble/share/rmw_implementation_cmake/cmake)
-- Found rmw_fastrtps_cpp: 6.2.10 (/opt/ros/humble/share/rmw_fastrtps_cpp/cmake)
-- Using RMW implementation 'rmw_fastrtps_cpp' as default
-- Found geometry_msgs: 4.9.1 (/opt/ros/humble/share/geometry_msgs/cmake)
-- Found tf2: 0.25.20 (/opt/ros/humble/share/tf2/cmake)
-- Found tf2_geometry_msgs: 0.25.20 (/opt/ros/humble/share/tf2_geometry_msgs/cmake)
-- Found eigen3_cmake_module: 0.1.1 (/opt/ros/humble/share/eigen3_cmake_module/cmake)
-- Ensuring Eigen3 include directory is part of orocos-kdl CMake target
-- Found nav_msgs: 4.9.1 (/opt/ros/humble/share/nav_msgs/cmake)
-- Configuring done
-- Generating done
-- Build files have been written to: /home/zhihuili/RM_prac/build/slam_pkg
[ 50%] [32mBuilding CXX object CMakeFiles/amcl_odom.dir/src/amcl_odom.cpp.o[0m
[100%] [32m[1mLinking CXX executable amcl_odom[0m
[100%] Built target amcl_odom
-- Install configuration: ""
-- Execute custom install script
-- Symlinking: /home/zhihuili/RM_prac/install/slam_pkg/lib/slam_pkg/amcl_odom
-- Symlinking: /home/zhihuili/RM_prac/install/slam_pkg/share/slam_pkg/launch/cartographer.launch.py
-- Symlinking: /home/zhihuili/RM_prac/install/slam_pkg/share/slam_pkg/launch/localization.launch.py
-- Symlinking: /home/zhihuili/RM_prac/install/slam_pkg/share/ament_index/resource_index/package_run_dependencies/slam_pkg
-- Symlinking: /home/zhihuili/RM_prac/install/slam_pkg/share/ament_index/resource_index/parent_prefix_path/slam_pkg
-- Symlinking: /home/zhihuili/RM_prac/install/slam_pkg/share/slam_pkg/environment/ament_prefix_path.sh
-- Symlinking: /home/zhihuili/RM_prac/install/slam_pkg/share/slam_pkg/environment/ament_prefix_path.dsv
-- Symlinking: /home/zhihuili/RM_prac/install/slam_pkg/share/slam_pkg/environment/path.sh
-- Symlinking: /home/zhihuili/RM_prac/install/slam_pkg/share/slam_pkg/environment/path.dsv
-- Symlinking: /home/zhihuili/RM_prac/install/slam_pkg/share/slam_pkg/local_setup.bash
-- Symlinking: /home/zhihuili/RM_prac/install/slam_pkg/share/slam_pkg/local_setup.sh
-- Symlinking: /home/zhihuili/RM_prac/install/slam_pkg/share/slam_pkg/local_setup.zsh
-- Symlinking: /home/zhihuili/RM_prac/install/slam_pkg/share/slam_pkg/local_setup.dsv
-- Symlinking: /home/zhihuili/RM_prac/install/slam_pkg/share/slam_pkg/package.dsv
-- Symlinking: /home/zhihuili/RM_prac/install/slam_pkg/share/ament_index/resource_index/packages/slam_pkg
-- Symlinking: /home/zhihuili/RM_prac/install/slam_pkg/share/slam_pkg/cmake/slam_pkgConfig.cmake
-- Symlinking: /home/zhihuili/RM_prac/install/slam_pkg/share/slam_pkg/cmake/slam_pkgConfig-version.cmake
-- Symlinking: /home/zhihuili/RM_prac/install/slam_pkg/share/slam_pkg/package.xml
