[0.055s] Invoking command in '/home/zhihuili/RM_prac/build/slam_pkg': CMAKE_PREFIX_PATH=${CMAKE_PREFIX_PATH}:/home/zhihuili/RM_prac/install/turtlebot3_dqn:/opt/ros/humble /usr/bin/cmake /home/zhihuili/RM_prac/src/slam_pkg -DAMENT_CMAKE_SYMLINK_INSTALL=1 -DCMAKE_INSTALL_PREFIX=/home/zhihuili/RM_prac/install/slam_pkg
[0.082s] -- Found ament_cmake: 1.3.14 (/opt/ros/humble/share/ament_cmake/cmake)
[0.270s] -- Override CMake install command with custom implementation using symlinks instead of copying resources
[0.282s] -- Found rclcpp: 16.0.19 (/opt/ros/humble/share/rclcpp/cmake)
[0.338s] -- Found rosidl_generator_c: 3.1.8 (/opt/ros/humble/share/rosidl_generator_c/cmake)
[0.348s] -- Found rosidl_adapter: 3.1.8 (/opt/ros/humble/share/rosidl_adapter/cmake)
[0.354s] -- Found rosidl_generator_cpp: 3.1.8 (/opt/ros/humble/share/rosidl_generator_cpp/cmake)
[0.377s] -- Using all available rosidl_typesupport_c: rosidl_typesupport_fastrtps_c;rosidl_typesupport_introspection_c
[0.398s] -- Using all available rosidl_typesupport_cpp: rosidl_typesupport_fastrtps_cpp;rosidl_typesupport_introspection_cpp
[0.426s] -- Found rmw_implementation_cmake: 6.1.2 (/opt/ros/humble/share/rmw_implementation_cmake/cmake)
[0.428s] -- Found rmw_fastrtps_cpp: 6.2.10 (/opt/ros/humble/share/rmw_fastrtps_cpp/cmake)
[0.634s] -- Using RMW implementation 'rmw_fastrtps_cpp' as default
[0.705s] -- Found geometry_msgs: 4.9.1 (/opt/ros/humble/share/geometry_msgs/cmake)
[0.722s] -- Found tf2: 0.25.20 (/opt/ros/humble/share/tf2/cmake)
[0.728s] -- Found tf2_geometry_msgs: 0.25.20 (/opt/ros/humble/share/tf2_geometry_msgs/cmake)
[0.733s] -- Found eigen3_cmake_module: 0.1.1 (/opt/ros/humble/share/eigen3_cmake_module/cmake)
[0.736s] -- Ensuring Eigen3 include directory is part of orocos-kdl CMake target
[0.844s] -- Found nav_msgs: 4.9.1 (/opt/ros/humble/share/nav_msgs/cmake)
[0.951s] -- Configuring done
[0.962s] -- Generating done
[0.967s] -- Build files have been written to: /home/zhihuili/RM_prac/build/slam_pkg
[0.989s] Invoked command in '/home/zhihuili/RM_prac/build/slam_pkg' returned '0': CMAKE_PREFIX_PATH=${CMAKE_PREFIX_PATH}:/home/zhihuili/RM_prac/install/turtlebot3_dqn:/opt/ros/humble /usr/bin/cmake /home/zhihuili/RM_prac/src/slam_pkg -DAMENT_CMAKE_SYMLINK_INSTALL=1 -DCMAKE_INSTALL_PREFIX=/home/zhihuili/RM_prac/install/slam_pkg
[0.989s] Invoking command in '/home/zhihuili/RM_prac/build/slam_pkg': CMAKE_PREFIX_PATH=${CMAKE_PREFIX_PATH}:/home/zhihuili/RM_prac/install/turtlebot3_dqn:/opt/ros/humble /usr/bin/cmake --build /home/zhihuili/RM_prac/build/slam_pkg -- -j14 -l14
[1.078s] [ 50%] [32mBuilding CXX object CMakeFiles/amcl_odom.dir/src/amcl_odom.cpp.o[0m
[21.686s] [100%] [32m[1mLinking CXX executable amcl_odom[0m
[22.353s] [100%] Built target amcl_odom
[22.375s] Invoked command in '/home/zhihuili/RM_prac/build/slam_pkg' returned '0': CMAKE_PREFIX_PATH=${CMAKE_PREFIX_PATH}:/home/zhihuili/RM_prac/install/turtlebot3_dqn:/opt/ros/humble /usr/bin/cmake --build /home/zhihuili/RM_prac/build/slam_pkg -- -j14 -l14
[22.378s] Invoking command in '/home/zhihuili/RM_prac/build/slam_pkg': CMAKE_PREFIX_PATH=${CMAKE_PREFIX_PATH}:/home/zhihuili/RM_prac/install/turtlebot3_dqn:/opt/ros/humble /usr/bin/cmake --install /home/zhihuili/RM_prac/build/slam_pkg
[22.391s] -- Install configuration: ""
[22.391s] -- Execute custom install script
[22.391s] -- Symlinking: /home/zhihuili/RM_prac/install/slam_pkg/lib/slam_pkg/amcl_odom
[22.405s] -- Symlinking: /home/zhihuili/RM_prac/install/slam_pkg/share/slam_pkg/launch/cartographer.launch.py
[22.421s] -- Symlinking: /home/zhihuili/RM_prac/install/slam_pkg/share/slam_pkg/launch/localization.launch.py
[22.435s] -- Symlinking: /home/zhihuili/RM_prac/install/slam_pkg/share/ament_index/resource_index/package_run_dependencies/slam_pkg
[22.449s] -- Symlinking: /home/zhihuili/RM_prac/install/slam_pkg/share/ament_index/resource_index/parent_prefix_path/slam_pkg
[22.465s] -- Symlinking: /home/zhihuili/RM_prac/install/slam_pkg/share/slam_pkg/environment/ament_prefix_path.sh
[22.480s] -- Symlinking: /home/zhihuili/RM_prac/install/slam_pkg/share/slam_pkg/environment/ament_prefix_path.dsv
[22.496s] -- Symlinking: /home/zhihuili/RM_prac/install/slam_pkg/share/slam_pkg/environment/path.sh
[22.510s] -- Symlinking: /home/zhihuili/RM_prac/install/slam_pkg/share/slam_pkg/environment/path.dsv
[22.531s] -- Symlinking: /home/zhihuili/RM_prac/install/slam_pkg/share/slam_pkg/local_setup.bash
[22.549s] -- Symlinking: /home/zhihuili/RM_prac/install/slam_pkg/share/slam_pkg/local_setup.sh
[22.569s] -- Symlinking: /home/zhihuili/RM_prac/install/slam_pkg/share/slam_pkg/local_setup.zsh
[22.591s] -- Symlinking: /home/zhihuili/RM_prac/install/slam_pkg/share/slam_pkg/local_setup.dsv
[22.607s] -- Symlinking: /home/zhihuili/RM_prac/install/slam_pkg/share/slam_pkg/package.dsv
[22.622s] -- Symlinking: /home/zhihuili/RM_prac/install/slam_pkg/share/ament_index/resource_index/packages/slam_pkg
[22.638s] -- Symlinking: /home/zhihuili/RM_prac/install/slam_pkg/share/slam_pkg/cmake/slam_pkgConfig.cmake
[22.654s] -- Symlinking: /home/zhihuili/RM_prac/install/slam_pkg/share/slam_pkg/cmake/slam_pkgConfig-version.cmake
[22.671s] -- Symlinking: /home/zhihuili/RM_prac/install/slam_pkg/share/slam_pkg/package.xml
[22.695s] Invoked command in '/home/zhihuili/RM_prac/build/slam_pkg' returned '0': CMAKE_PREFIX_PATH=${CMAKE_PREFIX_PATH}:/home/zhihuili/RM_prac/install/turtlebot3_dqn:/opt/ros/humble /usr/bin/cmake --install /home/zhihuili/RM_prac/build/slam_pkg
